11:10:20 **** Clean-only build of configuration Debug for project EFES_PROJECT_ROVER ****
make -j12 clean 
rm -rf ./Drivers/STM32F4xx_HAL_Driver/Src/stm32f4xx_hal.cyclo ./Drivers/STM32F4xx_HAL_Driver/Src/stm32f4xx_hal.d ./Drivers/STM32F4xx_HAL_Driver/Src/stm32f4xx_hal.o ./Drivers/STM32F4xx_HAL_Driver/Src/stm32f4xx_hal.su ./Drivers/STM32F4xx_HAL_Driver/Src/stm32f4xx_hal_cortex.cyclo ./Drivers/STM32F4xx_HAL_Driver/Src/stm32f4xx_hal_cortex.d ./Drivers/STM32F4xx_HAL_Driver/Src/stm32f4xx_hal_cortex.o ./Drivers/STM32F4xx_HAL_Driver/Src/stm32f4xx_hal_cortex.su ./Drivers/STM32F4xx_HAL_Driver/Src/stm32f4xx_hal_dma.cyclo ./Drivers/STM32F4xx_HAL_Driver/Src/stm32f4xx_hal_dma.d ./Drivers/STM32F4xx_HAL_Driver/Src/stm32f4xx_hal_dma.o ./Drivers/STM32F4xx_HAL_Driver/Src/stm32f4xx_hal_dma.su ./Drivers/STM32F4xx_HAL_Driver/Src/stm32f4xx_hal_dma_ex.cyclo ./Drivers/STM32F4xx_HAL_Driver/Src/stm32f4xx_hal_dma_ex.d ./Drivers/STM32F4xx_HAL_Driver/Src/stm32f4xx_hal_dma_ex.o ./Drivers/STM32F4xx_HAL_Driver/Src/stm32f4xx_hal_dma_ex.su ./Drivers/STM32F4xx_HAL_Driver/Src/stm32f4xx_hal_exti.cyclo ./Drivers/STM32F4xx_HAL_Driver/Src/stm32f4xx_hal_exti.d ./Drivers/STM32F4xx_HAL_Driver/Src/stm32f4xx_hal_exti.o ./Drivers/STM32F4xx_HAL_Driver/Src/stm32f4xx_hal_exti.su ./Drivers/STM32F4xx_HAL_Driver/Src/stm32f4xx_hal_flash.cyclo ./Drivers/STM32F4xx_HAL_Driver/Src/stm32f4xx_hal_flash.d ./Drivers/STM32F4xx_HAL_Driver/Src/stm32f4xx_hal_flash.o ./Drivers/STM32F4xx_HAL_Driver/Src/stm32f4xx_hal_flash.su ./Drivers/STM32F4xx_HAL_Driver/Src/stm32f4xx_hal_flash_ex.cyclo ./Drivers/STM32F4xx_HAL_Driver/Src/stm32f4xx_hal_flash_ex.d ./Drivers/STM32F4xx_HAL_Driver/Src/stm32f4xx_hal_flash_ex.o ./Drivers/STM32F4xx_HAL_Driver/Src/stm32f4xx_hal_flash_ex.su ./Drivers/STM32F4xx_HAL_Driver/Src/stm32f4xx_hal_flash_ramfunc.cyclo ./Drivers/STM32F4xx_HAL_Driver/Src/stm32f4xx_hal_flash_ramfunc.d ./Drivers/STM32F4xx_HAL_Driver/Src/stm32f4xx_hal_flash_ramfunc.o ./Drivers/STM32F4xx_HAL_Driver/Src/stm32f4xx_hal_flash_ramfunc.su ./Drivers/STM32F4xx_HAL_Driver/Src/stm32f4xx_hal_gpio.cyclo ./Drivers/STM32F4xx_HAL_Driver/Src/stm32f4xx_hal_gpio.d ./Drivers/STM32F4xx_HAL_Driver/Src/stm32f4xx_hal_gpio.o ./Drivers/STM32F4xx_HAL_Driver/Src/stm32f4xx_hal_gpio.su ./Drivers/STM32F4xx_HAL_Driver/Src/stm32f4xx_hal_pwr.cyclo ./Drivers/STM32F4xx_HAL_Driver/Src/stm32f4xx_hal_pwr.d ./Drivers/STM32F4xx_HAL_Driver/Src/stm32f4xx_hal_pwr.o ./Drivers/STM32F4xx_HAL_Driver/Src/stm32f4xx_hal_pwr.su ./Drivers/STM32F4xx_HAL_Driver/Src/stm32f4xx_hal_pwr_ex.cyclo ./Drivers/STM32F4xx_HAL_Driver/Src/stm32f4xx_hal_pwr_ex.d ./Drivers/STM32F4xx_HAL_Driver/Src/stm32f4xx_hal_pwr_ex.o ./Drivers/STM32F4xx_HAL_Driver/Src/stm32f4xx_hal_pwr_ex.su ./Drivers/STM32F4xx_HAL_Driver/Src/stm32f4xx_hal_rcc.cyclo ./Drivers/STM32F4xx_HAL_Driver/Src/stm32f4xx_hal_rcc.d ./Drivers/STM32F4xx_HAL_Driver/Src/stm32f4xx_hal_rcc.o ./Drivers/STM32F4xx_HAL_Driver/Src/stm32f4xx_hal_rcc.su ./Drivers/STM32F4xx_HAL_Driver/Src/stm32f4xx_hal_rcc_ex.cyclo ./Drivers/STM32F4xx_HAL_Driver/Src/stm32f4xx_hal_rcc_ex.d ./Drivers/STM32F4xx_HAL_Driver/Src/stm32f4xx_hal_rcc_ex.o ./Drivers/STM32F4xx_HAL_Driver/Src/stm32f4xx_hal_rcc_ex.su ./Drivers/STM32F4xx_HAL_Driver/Src/stm32f4xx_hal_spi.cyclo ./Drivers/STM32F4xx_HAL_Driver/Src/stm32f4xx_hal_spi.d ./Drivers/STM32F4xx_HAL_Driver/Src/stm32f4xx_hal_spi.o ./Drivers/STM32F4xx_HAL_Driver/Src/stm32f4xx_hal_spi.su ./Drivers/STM32F4xx_HAL_Driver/Src/stm32f4xx_hal_tim.cyclo ./Drivers/STM32F4xx_HAL_Driver/Src/stm32f4xx_hal_tim.d ./Drivers/STM32F4xx_HAL_Driver/Src/stm32f4xx_hal_tim.o ./Drivers/STM32F4xx_HAL_Driver/Src/stm32f4xx_hal_tim.su ./Drivers/STM32F4xx_HAL_Driver/Src/stm32f4xx_hal_tim_ex.cyclo ./Drivers/STM32F4xx_HAL_Driver/Src/stm32f4xx_hal_tim_ex.d ./Drivers/STM32F4xx_HAL_Driver/Src/stm32f4xx_hal_tim_ex.o ./Drivers/STM32F4xx_HAL_Driver/Src/stm32f4xx_hal_tim_ex.su ./Drivers/STM32F4xx_HAL_Driver/Src/stm32f4xx_hal_uart.cyclo ./Drivers/STM32F4xx_HAL_Driver/Src/stm32f4xx_hal_uart.d ./Drivers/STM32F4xx_HAL_Driver/Src/stm32f4xx_hal_uart.o ./Drivers/STM32F4xx_HAL_Driver/Src/stm32f4xx_hal_uart.su
rm -rf ./Core/Startup/startup_stm32f411retx.d ./Core/Startup/startup_stm32f411retx.o
rm -rf ./Core/Src/main.cyclo ./Core/Src/main.d ./Core/Src/main.o ./Core/Src/main.su ./Core/Src/stm32f4xx_hal_msp.cyclo ./Core/Src/stm32f4xx_hal_msp.d ./Core/Src/stm32f4xx_hal_msp.o ./Core/Src/stm32f4xx_hal_msp.su ./Core/Src/stm32f4xx_it.cyclo ./Core/Src/stm32f4xx_it.d ./Core/Src/stm32f4xx_it.o ./Core/Src/stm32f4xx_it.su ./Core/Src/syscalls.cyclo ./Core/Src/syscalls.d ./Core/Src/syscalls.o ./Core/Src/syscalls.su ./Core/Src/sysmem.cyclo ./Core/Src/sysmem.d ./Core/Src/sysmem.o ./Core/Src/sysmem.su ./Core/Src/system_stm32f4xx.cyclo ./Core/Src/system_stm32f4xx.d ./Core/Src/system_stm32f4xx.o ./Core/Src/system_stm32f4xx.su
rm -rf EFES_PROJECT_ROVER.elf EFES_PROJECT_ROVER.list EFES_PROJECT_ROVER.map default.size.stdout
 
11:10:21 **** Build of configuration Debug for project EFES_PROJECT_ROVER ****
make -j12 all 
arm-none-eabi-gcc "../Drivers/STM32F4xx_HAL_Driver/Src/stm32f4xx_hal.c" -mcpu=cortex-m4 -std=gnu11 -g3 -DDEBUG -DUSE_HAL_DRIVER -DSTM32F411xE -c -I../Core/Inc -I../Drivers/STM32F4xx_HAL_Driver/Inc -I../Drivers/STM32F4xx_HAL_Driver/Inc/Legacy -I../Drivers/CMSIS/Device/ST/STM32F4xx/Include -I../Drivers/CMSIS/Include -O0 -ffunction-sections -fdata-sections -Wall -fstack-usage -fcyclomatic-complexity -MMD -MP -MF"Drivers/STM32F4xx_HAL_Driver/Src/stm32f4xx_hal.d" -MT"Drivers/STM32F4xx_HAL_Driver/Src/stm32f4xx_hal.o" --specs=nano.specs -mfpu=fpv4-sp-d16 -mfloat-abi=hard -mthumb -o "Drivers/STM32F4xx_HAL_Driver/Src/stm32f4xx_hal.o"
arm-none-eabi-gcc "../Drivers/STM32F4xx_HAL_Driver/Src/stm32f4xx_hal_cortex.c" -mcpu=cortex-m4 -std=gnu11 -g3 -DDEBUG -DUSE_HAL_DRIVER -DSTM32F411xE -c -I../Core/Inc -I../Drivers/STM32F4xx_HAL_Driver/Inc -I../Drivers/STM32F4xx_HAL_Driver/Inc/Legacy -I../Drivers/CMSIS/Device/ST/STM32F4xx/Include -I../Drivers/CMSIS/Include -O0 -ffunction-sections -fdata-sections -Wall -fstack-usage -fcyclomatic-complexity -MMD -MP -MF"Drivers/STM32F4xx_HAL_Driver/Src/stm32f4xx_hal_cortex.d" -MT"Drivers/STM32F4xx_HAL_Driver/Src/stm32f4xx_hal_cortex.o" --specs=nano.specs -mfpu=fpv4-sp-d16 -mfloat-abi=hard -mthumb -o "Drivers/STM32F4xx_HAL_Driver/Src/stm32f4xx_hal_cortex.o"
arm-none-eabi-gcc "../Drivers/STM32F4xx_HAL_Driver/Src/stm32f4xx_hal_dma.c" -mcpu=cortex-m4 -std=gnu11 -g3 -DDEBUG -DUSE_HAL_DRIVER -DSTM32F411xE -c -I../Core/Inc -I../Drivers/STM32F4xx_HAL_Driver/Inc -I../Drivers/STM32F4xx_HAL_Driver/Inc/Legacy -I../Drivers/CMSIS/Device/ST/STM32F4xx/Include -I../Drivers/CMSIS/Include -O0 -ffunction-sections -fdata-sections -Wall -fstack-usage -fcyclomatic-complexity -MMD -MP -MF"Drivers/STM32F4xx_HAL_Driver/Src/stm32f4xx_hal_dma.d" -MT"Drivers/STM32F4xx_HAL_Driver/Src/stm32f4xx_hal_dma.o" --specs=nano.specs -mfpu=fpv4-sp-d16 -mfloat-abi=hard -mthumb -o "Drivers/STM32F4xx_HAL_Driver/Src/stm32f4xx_hal_dma.o"
arm-none-eabi-gcc "../Drivers/STM32F4xx_HAL_Driver/Src/stm32f4xx_hal_dma_ex.c" -mcpu=cortex-m4 -std=gnu11 -g3 -DDEBUG -DUSE_HAL_DRIVER -DSTM32F411xE -c -I../Core/Inc -I../Drivers/STM32F4xx_HAL_Driver/Inc -I../Drivers/STM32F4xx_HAL_Driver/Inc/Legacy -I../Drivers/CMSIS/Device/ST/STM32F4xx/Include -I../Drivers/CMSIS/Include -O0 -ffunction-sections -fdata-sections -Wall -fstack-usage -fcyclomatic-complexity -MMD -MP -MF"Drivers/STM32F4xx_HAL_Driver/Src/stm32f4xx_hal_dma_ex.d" -MT"Drivers/STM32F4xx_HAL_Driver/Src/stm32f4xx_hal_dma_ex.o" --specs=nano.specs -mfpu=fpv4-sp-d16 -mfloat-abi=hard -mthumb -o "Drivers/STM32F4xx_HAL_Driver/Src/stm32f4xx_hal_dma_ex.o"
arm-none-eabi-gcc "../Drivers/STM32F4xx_HAL_Driver/Src/stm32f4xx_hal_exti.c" -mcpu=cortex-m4 -std=gnu11 -g3 -DDEBUG -DUSE_HAL_DRIVER -DSTM32F411xE -c -I../Core/Inc -I../Drivers/STM32F4xx_HAL_Driver/Inc -I../Drivers/STM32F4xx_HAL_Driver/Inc/Legacy -I../Drivers/CMSIS/Device/ST/STM32F4xx/Include -I../Drivers/CMSIS/Include -O0 -ffunction-sections -fdata-sections -Wall -fstack-usage -fcyclomatic-complexity -MMD -MP -MF"Drivers/STM32F4xx_HAL_Driver/Src/stm32f4xx_hal_exti.d" -MT"Drivers/STM32F4xx_HAL_Driver/Src/stm32f4xx_hal_exti.o" --specs=nano.specs -mfpu=fpv4-sp-d16 -mfloat-abi=hard -mthumb -o "Drivers/STM32F4xx_HAL_Driver/Src/stm32f4xx_hal_exti.o"
arm-none-eabi-gcc "../Drivers/STM32F4xx_HAL_Driver/Src/stm32f4xx_hal_flash.c" -mcpu=cortex-m4 -std=gnu11 -g3 -DDEBUG -DUSE_HAL_DRIVER -DSTM32F411xE -c -I../Core/Inc -I../Drivers/STM32F4xx_HAL_Driver/Inc -I../Drivers/STM32F4xx_HAL_Driver/Inc/Legacy -I../Drivers/CMSIS/Device/ST/STM32F4xx/Include -I../Drivers/CMSIS/Include -O0 -ffunction-sections -fdata-sections -Wall -fstack-usage -fcyclomatic-complexity -MMD -MP -MF"Drivers/STM32F4xx_HAL_Driver/Src/stm32f4xx_hal_flash.d" -MT"Drivers/STM32F4xx_HAL_Driver/Src/stm32f4xx_hal_flash.o" --specs=nano.specs -mfpu=fpv4-sp-d16 -mfloat-abi=hard -mthumb -o "Drivers/STM32F4xx_HAL_Driver/Src/stm32f4xx_hal_flash.o"
arm-none-eabi-gcc "../Drivers/STM32F4xx_HAL_Driver/Src/stm32f4xx_hal_flash_ex.c" -mcpu=cortex-m4 -std=gnu11 -g3 -DDEBUG -DUSE_HAL_DRIVER -DSTM32F411xE -c -I../Core/Inc -I../Drivers/STM32F4xx_HAL_Driver/Inc -I../Drivers/STM32F4xx_HAL_Driver/Inc/Legacy -I../Drivers/CMSIS/Device/ST/STM32F4xx/Include -I../Drivers/CMSIS/Include -O0 -ffunction-sections -fdata-sections -Wall -fstack-usage -fcyclomatic-complexity -MMD -MP -MF"Drivers/STM32F4xx_HAL_Driver/Src/stm32f4xx_hal_flash_ex.d" -MT"Drivers/STM32F4xx_HAL_Driver/Src/stm32f4xx_hal_flash_ex.o" --specs=nano.specs -mfpu=fpv4-sp-d16 -mfloat-abi=hard -mthumb -o "Drivers/STM32F4xx_HAL_Driver/Src/stm32f4xx_hal_flash_ex.o"
arm-none-eabi-gcc "../Drivers/STM32F4xx_HAL_Driver/Src/stm32f4xx_hal_flash_ramfunc.c" -mcpu=cortex-m4 -std=gnu11 -g3 -DDEBUG -DUSE_HAL_DRIVER -DSTM32F411xE -c -I../Core/Inc -I../Drivers/STM32F4xx_HAL_Driver/Inc -I../Drivers/STM32F4xx_HAL_Driver/Inc/Legacy -I../Drivers/CMSIS/Device/ST/STM32F4xx/Include -I../Drivers/CMSIS/Include -O0 -ffunction-sections -fdata-sections -Wall -fstack-usage -fcyclomatic-complexity -MMD -MP -MF"Drivers/STM32F4xx_HAL_Driver/Src/stm32f4xx_hal_flash_ramfunc.d" -MT"Drivers/STM32F4xx_HAL_Driver/Src/stm32f4xx_hal_flash_ramfunc.o" --specs=nano.specs -mfpu=fpv4-sp-d16 -mfloat-abi=hard -mthumb -o "Drivers/STM32F4xx_HAL_Driver/Src/stm32f4xx_hal_flash_ramfunc.o"
arm-none-eabi-gcc "../Drivers/STM32F4xx_HAL_Driver/Src/stm32f4xx_hal_gpio.c" -mcpu=cortex-m4 -std=gnu11 -g3 -DDEBUG -DUSE_HAL_DRIVER -DSTM32F411xE -c -I../Core/Inc -I../Drivers/STM32F4xx_HAL_Driver/Inc -I../Drivers/STM32F4xx_HAL_Driver/Inc/Legacy -I../Drivers/CMSIS/Device/ST/STM32F4xx/Include -I../Drivers/CMSIS/Include -O0 -ffunction-sections -fdata-sections -Wall -fstack-usage -fcyclomatic-complexity -MMD -MP -MF"Drivers/STM32F4xx_HAL_Driver/Src/stm32f4xx_hal_gpio.d" -MT"Drivers/STM32F4xx_HAL_Driver/Src/stm32f4xx_hal_gpio.o" --specs=nano.specs -mfpu=fpv4-sp-d16 -mfloat-abi=hard -mthumb -o "Drivers/STM32F4xx_HAL_Driver/Src/stm32f4xx_hal_gpio.o"
arm-none-eabi-gcc "../Drivers/STM32F4xx_HAL_Driver/Src/stm32f4xx_hal_pwr.c" -mcpu=cortex-m4 -std=gnu11 -g3 -DDEBUG -DUSE_HAL_DRIVER -DSTM32F411xE -c -I../Core/Inc -I../Drivers/STM32F4xx_HAL_Driver/Inc -I../Drivers/STM32F4xx_HAL_Driver/Inc/Legacy -I../Drivers/CMSIS/Device/ST/STM32F4xx/Include -I../Drivers/CMSIS/Include -O0 -ffunction-sections -fdata-sections -Wall -fstack-usage -fcyclomatic-complexity -MMD -MP -MF"Drivers/STM32F4xx_HAL_Driver/Src/stm32f4xx_hal_pwr.d" -MT"Drivers/STM32F4xx_HAL_Driver/Src/stm32f4xx_hal_pwr.o" --specs=nano.specs -mfpu=fpv4-sp-d16 -mfloat-abi=hard -mthumb -o "Drivers/STM32F4xx_HAL_Driver/Src/stm32f4xx_hal_pwr.o"
arm-none-eabi-gcc "../Drivers/STM32F4xx_HAL_Driver/Src/stm32f4xx_hal_pwr_ex.c" -mcpu=cortex-m4 -std=gnu11 -g3 -DDEBUG -DUSE_HAL_DRIVER -DSTM32F411xE -c -I../Core/Inc -I../Drivers/STM32F4xx_HAL_Driver/Inc -I../Drivers/STM32F4xx_HAL_Driver/Inc/Legacy -I../Drivers/CMSIS/Device/ST/STM32F4xx/Include -I../Drivers/CMSIS/Include -O0 -ffunction-sections -fdata-sections -Wall -fstack-usage -fcyclomatic-complexity -MMD -MP -MF"Drivers/STM32F4xx_HAL_Driver/Src/stm32f4xx_hal_pwr_ex.d" -MT"Drivers/STM32F4xx_HAL_Driver/Src/stm32f4xx_hal_pwr_ex.o" --specs=nano.specs -mfpu=fpv4-sp-d16 -mfloat-abi=hard -mthumb -o "Drivers/STM32F4xx_HAL_Driver/Src/stm32f4xx_hal_pwr_ex.o"
arm-none-eabi-gcc "../Drivers/STM32F4xx_HAL_Driver/Src/stm32f4xx_hal_rcc.c" -mcpu=cortex-m4 -std=gnu11 -g3 -DDEBUG -DUSE_HAL_DRIVER -DSTM32F411xE -c -I../Core/Inc -I../Drivers/STM32F4xx_HAL_Driver/Inc -I../Drivers/STM32F4xx_HAL_Driver/Inc/Legacy -I../Drivers/CMSIS/Device/ST/STM32F4xx/Include -I../Drivers/CMSIS/Include -O0 -ffunction-sections -fdata-sections -Wall -fstack-usage -fcyclomatic-complexity -MMD -MP -MF"Drivers/STM32F4xx_HAL_Driver/Src/stm32f4xx_hal_rcc.d" -MT"Drivers/STM32F4xx_HAL_Driver/Src/stm32f4xx_hal_rcc.o" --specs=nano.specs -mfpu=fpv4-sp-d16 -mfloat-abi=hard -mthumb -o "Drivers/STM32F4xx_HAL_Driver/Src/stm32f4xx_hal_rcc.o"
arm-none-eabi-gcc "../Drivers/STM32F4xx_HAL_Driver/Src/stm32f4xx_hal_rcc_ex.c" -mcpu=cortex-m4 -std=gnu11 -g3 -DDEBUG -DUSE_HAL_DRIVER -DSTM32F411xE -c -I../Core/Inc -I../Drivers/STM32F4xx_HAL_Driver/Inc -I../Drivers/STM32F4xx_HAL_Driver/Inc/Legacy -I../Drivers/CMSIS/Device/ST/STM32F4xx/Include -I../Drivers/CMSIS/Include -O0 -ffunction-sections -fdata-sections -Wall -fstack-usage -fcyclomatic-complexity -MMD -MP -MF"Drivers/STM32F4xx_HAL_Driver/Src/stm32f4xx_hal_rcc_ex.d" -MT"Drivers/STM32F4xx_HAL_Driver/Src/stm32f4xx_hal_rcc_ex.o" --specs=nano.specs -mfpu=fpv4-sp-d16 -mfloat-abi=hard -mthumb -o "Drivers/STM32F4xx_HAL_Driver/Src/stm32f4xx_hal_rcc_ex.o"
arm-none-eabi-gcc "../Drivers/STM32F4xx_HAL_Driver/Src/stm32f4xx_hal_spi.c" -mcpu=cortex-m4 -std=gnu11 -g3 -DDEBUG -DUSE_HAL_DRIVER -DSTM32F411xE -c -I../Core/Inc -I../Drivers/STM32F4xx_HAL_Driver/Inc -I../Drivers/STM32F4xx_HAL_Driver/Inc/Legacy -I../Drivers/CMSIS/Device/ST/STM32F4xx/Include -I../Drivers/CMSIS/Include -O0 -ffunction-sections -fdata-sections -Wall -fstack-usage -fcyclomatic-complexity -MMD -MP -MF"Drivers/STM32F4xx_HAL_Driver/Src/stm32f4xx_hal_spi.d" -MT"Drivers/STM32F4xx_HAL_Driver/Src/stm32f4xx_hal_spi.o" --specs=nano.specs -mfpu=fpv4-sp-d16 -mfloat-abi=hard -mthumb -o "Drivers/STM32F4xx_HAL_Driver/Src/stm32f4xx_hal_spi.o"
arm-none-eabi-gcc "../Drivers/STM32F4xx_HAL_Driver/Src/stm32f4xx_hal_tim.c" -mcpu=cortex-m4 -std=gnu11 -g3 -DDEBUG -DUSE_HAL_DRIVER -DSTM32F411xE -c -I../Core/Inc -I../Drivers/STM32F4xx_HAL_Driver/Inc -I../Drivers/STM32F4xx_HAL_Driver/Inc/Legacy -I../Drivers/CMSIS/Device/ST/STM32F4xx/Include -I../Drivers/CMSIS/Include -O0 -ffunction-sections -fdata-sections -Wall -fstack-usage -fcyclomatic-complexity -MMD -MP -MF"Drivers/STM32F4xx_HAL_Driver/Src/stm32f4xx_hal_tim.d" -MT"Drivers/STM32F4xx_HAL_Driver/Src/stm32f4xx_hal_tim.o" --specs=nano.specs -mfpu=fpv4-sp-d16 -mfloat-abi=hard -mthumb -o "Drivers/STM32F4xx_HAL_Driver/Src/stm32f4xx_hal_tim.o"
arm-none-eabi-gcc "../Drivers/STM32F4xx_HAL_Driver/Src/stm32f4xx_hal_tim_ex.c" -mcpu=cortex-m4 -std=gnu11 -g3 -DDEBUG -DUSE_HAL_DRIVER -DSTM32F411xE -c -I../Core/Inc -I../Drivers/STM32F4xx_HAL_Driver/Inc -I../Drivers/STM32F4xx_HAL_Driver/Inc/Legacy -I../Drivers/CMSIS/Device/ST/STM32F4xx/Include -I../Drivers/CMSIS/Include -O0 -ffunction-sections -fdata-sections -Wall -fstack-usage -fcyclomatic-complexity -MMD -MP -MF"Drivers/STM32F4xx_HAL_Driver/Src/stm32f4xx_hal_tim_ex.d" -MT"Drivers/STM32F4xx_HAL_Driver/Src/stm32f4xx_hal_tim_ex.o" --specs=nano.specs -mfpu=fpv4-sp-d16 -mfloat-abi=hard -mthumb -o "Drivers/STM32F4xx_HAL_Driver/Src/stm32f4xx_hal_tim_ex.o"
arm-none-eabi-gcc "../Drivers/STM32F4xx_HAL_Driver/Src/stm32f4xx_hal_uart.c" -mcpu=cortex-m4 -std=gnu11 -g3 -DDEBUG -DUSE_HAL_DRIVER -DSTM32F411xE -c -I../Core/Inc -I../Drivers/STM32F4xx_HAL_Driver/Inc -I../Drivers/STM32F4xx_HAL_Driver/Inc/Legacy -I../Drivers/CMSIS/Device/ST/STM32F4xx/Include -I../Drivers/CMSIS/Include -O0 -ffunction-sections -fdata-sections -Wall -fstack-usage -fcyclomatic-complexity -MMD -MP -MF"Drivers/STM32F4xx_HAL_Driver/Src/stm32f4xx_hal_uart.d" -MT"Drivers/STM32F4xx_HAL_Driver/Src/stm32f4xx_hal_uart.o" --specs=nano.specs -mfpu=fpv4-sp-d16 -mfloat-abi=hard -mthumb -o "Drivers/STM32F4xx_HAL_Driver/Src/stm32f4xx_hal_uart.o"
arm-none-eabi-gcc -mcpu=cortex-m4 -g3 -DDEBUG -c -x assembler-with-cpp -MMD -MP -MF"Core/Startup/startup_stm32f411retx.d" -MT"Core/Startup/startup_stm32f411retx.o" --specs=nano.specs -mfpu=fpv4-sp-d16 -mfloat-abi=hard -mthumb -o "Core/Startup/startup_stm32f411retx.o" "../Core/Startup/startup_stm32f411retx.s"
arm-none-eabi-gcc "../Core/Src/main.c" -mcpu=cortex-m4 -std=gnu11 -g3 -DDEBUG -DUSE_HAL_DRIVER -DSTM32F411xE -c -I../Core/Inc -I../Drivers/STM32F4xx_HAL_Driver/Inc -I../Drivers/STM32F4xx_HAL_Driver/Inc/Legacy -I../Drivers/CMSIS/Device/ST/STM32F4xx/Include -I../Drivers/CMSIS/Include -O0 -ffunction-sections -fdata-sections -Wall -fstack-usage -fcyclomatic-complexity -MMD -MP -MF"Core/Src/main.d" -MT"Core/Src/main.o" --specs=nano.specs -mfpu=fpv4-sp-d16 -mfloat-abi=hard -mthumb -o "Core/Src/main.o"
arm-none-eabi-gcc "../Core/Src/stm32f4xx_hal_msp.c" -mcpu=cortex-m4 -std=gnu11 -g3 -DDEBUG -DUSE_HAL_DRIVER -DSTM32F411xE -c -I../Core/Inc -I../Drivers/STM32F4xx_HAL_Driver/Inc -I../Drivers/STM32F4xx_HAL_Driver/Inc/Legacy -I../Drivers/CMSIS/Device/ST/STM32F4xx/Include -I../Drivers/CMSIS/Include -O0 -ffunction-sections -fdata-sections -Wall -fstack-usage -fcyclomatic-complexity -MMD -MP -MF"Core/Src/stm32f4xx_hal_msp.d" -MT"Core/Src/stm32f4xx_hal_msp.o" --specs=nano.specs -mfpu=fpv4-sp-d16 -mfloat-abi=hard -mthumb -o "Core/Src/stm32f4xx_hal_msp.o"
arm-none-eabi-gcc "../Core/Src/stm32f4xx_it.c" -mcpu=cortex-m4 -std=gnu11 -g3 -DDEBUG -DUSE_HAL_DRIVER -DSTM32F411xE -c -I../Core/Inc -I../Drivers/STM32F4xx_HAL_Driver/Inc -I../Drivers/STM32F4xx_HAL_Driver/Inc/Legacy -I../Drivers/CMSIS/Device/ST/STM32F4xx/Include -I../Drivers/CMSIS/Include -O0 -ffunction-sections -fdata-sections -Wall -fstack-usage -fcyclomatic-complexity -MMD -MP -MF"Core/Src/stm32f4xx_it.d" -MT"Core/Src/stm32f4xx_it.o" --specs=nano.specs -mfpu=fpv4-sp-d16 -mfloat-abi=hard -mthumb -o "Core/Src/stm32f4xx_it.o"
arm-none-eabi-gcc "../Core/Src/syscalls.c" -mcpu=cortex-m4 -std=gnu11 -g3 -DDEBUG -DUSE_HAL_DRIVER -DSTM32F411xE -c -I../Core/Inc -I../Drivers/STM32F4xx_HAL_Driver/Inc -I../Drivers/STM32F4xx_HAL_Driver/Inc/Legacy -I../Drivers/CMSIS/Device/ST/STM32F4xx/Include -I../Drivers/CMSIS/Include -O0 -ffunction-sections -fdata-sections -Wall -fstack-usage -fcyclomatic-complexity -MMD -MP -MF"Core/Src/syscalls.d" -MT"Core/Src/syscalls.o" --specs=nano.specs -mfpu=fpv4-sp-d16 -mfloat-abi=hard -mthumb -o "Core/Src/syscalls.o"
arm-none-eabi-gcc "../Core/Src/sysmem.c" -mcpu=cortex-m4 -std=gnu11 -g3 -DDEBUG -DUSE_HAL_DRIVER -DSTM32F411xE -c -I../Core/Inc -I../Drivers/STM32F4xx_HAL_Driver/Inc -I../Drivers/STM32F4xx_HAL_Driver/Inc/Legacy -I../Drivers/CMSIS/Device/ST/STM32F4xx/Include -I../Drivers/CMSIS/Include -O0 -ffunction-sections -fdata-sections -Wall -fstack-usage -fcyclomatic-complexity -MMD -MP -MF"Core/Src/sysmem.d" -MT"Core/Src/sysmem.o" --specs=nano.specs -mfpu=fpv4-sp-d16 -mfloat-abi=hard -mthumb -o "Core/Src/sysmem.o"
arm-none-eabi-gcc "../Core/Src/system_stm32f4xx.c" -mcpu=cortex-m4 -std=gnu11 -g3 -DDEBUG -DUSE_HAL_DRIVER -DSTM32F411xE -c -I../Core/Inc -I../Drivers/STM32F4xx_HAL_Driver/Inc -I../Drivers/STM32F4xx_HAL_Driver/Inc/Legacy -I../Drivers/CMSIS/Device/ST/STM32F4xx/Include -I../Drivers/CMSIS/Include -O0 -ffunction-sections -fdata-sections -Wall -fstack-usage -fcyclomatic-complexity -MMD -MP -MF"Core/Src/system_stm32f4xx.d" -MT"Core/Src/system_stm32f4xx.o" --specs=nano.specs -mfpu=fpv4-sp-d16 -mfloat-abi=hard -mthumb -o "Core/Src/system_stm32f4xx.o"
../Core/Src/main.c: In function 'main':
../Core/Src/main.c:157:19: error: 'uart_buf_len' undeclared (first use in this function); did you mean 'uart_buffer'?
  157 |                   uart_buf_len = sprintf(uart_buf, "PRINTING MEMORY CONTENT\r\n");
      |                   ^~~~~~~~~~~~
      |                   uart_buffer
../Core/Src/main.c:157:19: note: each undeclared identifier is reported only once for each function it appears in
../Core/Src/main.c:157:42: error: 'uart_buf' undeclared (first use in this function); did you mean 'uart_buffer'?
  157 |                   uart_buf_len = sprintf(uart_buf, "PRINTING MEMORY CONTENT\r\n");
      |                                          ^~~~~~~~
      |                                          uart_buffer
../Core/Src/main.c:89:13: warning: unused variable 'uart_buffer_lenght' [-Wunused-variable]
   89 |         int uart_buffer_lenght;
      |             ^~~~~~~~~~~~~~~~~~
../Core/Src/main.c:88:14: warning: unused variable 'uart_buffer' [-Wunused-variable]
   88 |         char uart_buffer[50];
      |              ^~~~~~~~~~~
make: *** [Core/Src/subdir.mk:34: Core/Src/main.o] Error 1
make: *** Waiting for unfinished jobs....
"make -j12 all" terminated with exit code 2. Build might be incomplete.
11:10:23 **** Clean-only build of configuration Debug for project Memory_test ****
make -j12 clean 
rm -rf ./Drivers/STM32F4xx_HAL_Driver/Src/stm32f4xx_hal.cyclo ./Drivers/STM32F4xx_HAL_Driver/Src/stm32f4xx_hal.d ./Drivers/STM32F4xx_HAL_Driver/Src/stm32f4xx_hal.o ./Drivers/STM32F4xx_HAL_Driver/Src/stm32f4xx_hal.su ./Drivers/STM32F4xx_HAL_Driver/Src/stm32f4xx_hal_cortex.cyclo ./Drivers/STM32F4xx_HAL_Driver/Src/stm32f4xx_hal_cortex.d ./Drivers/STM32F4xx_HAL_Driver/Src/stm32f4xx_hal_cortex.o ./Drivers/STM32F4xx_HAL_Driver/Src/stm32f4xx_hal_cortex.su ./Drivers/STM32F4xx_HAL_Driver/Src/stm32f4xx_hal_dma.cyclo ./Drivers/STM32F4xx_HAL_Driver/Src/stm32f4xx_hal_dma.d ./Drivers/STM32F4xx_HAL_Driver/Src/stm32f4xx_hal_dma.o ./Drivers/STM32F4xx_HAL_Driver/Src/stm32f4xx_hal_dma.su ./Drivers/STM32F4xx_HAL_Driver/Src/stm32f4xx_hal_dma_ex.cyclo ./Drivers/STM32F4xx_HAL_Driver/Src/stm32f4xx_hal_dma_ex.d ./Drivers/STM32F4xx_HAL_Driver/Src/stm32f4xx_hal_dma_ex.o ./Drivers/STM32F4xx_HAL_Driver/Src/stm32f4xx_hal_dma_ex.su ./Drivers/STM32F4xx_HAL_Driver/Src/stm32f4xx_hal_exti.cyclo ./Drivers/STM32F4xx_HAL_Driver/Src/stm32f4xx_hal_exti.d ./Drivers/STM32F4xx_HAL_Driver/Src/stm32f4xx_hal_exti.o ./Drivers/STM32F4xx_HAL_Driver/Src/stm32f4xx_hal_exti.su ./Drivers/STM32F4xx_HAL_Driver/Src/stm32f4xx_hal_flash.cyclo ./Drivers/STM32F4xx_HAL_Driver/Src/stm32f4xx_hal_flash.d ./Drivers/STM32F4xx_HAL_Driver/Src/stm32f4xx_hal_flash.o ./Drivers/STM32F4xx_HAL_Driver/Src/stm32f4xx_hal_flash.su ./Drivers/STM32F4xx_HAL_Driver/Src/stm32f4xx_hal_flash_ex.cyclo ./Drivers/STM32F4xx_HAL_Driver/Src/stm32f4xx_hal_flash_ex.d ./Drivers/STM32F4xx_HAL_Driver/Src/stm32f4xx_hal_flash_ex.o ./Drivers/STM32F4xx_HAL_Driver/Src/stm32f4xx_hal_flash_ex.su ./Drivers/STM32F4xx_HAL_Driver/Src/stm32f4xx_hal_flash_ramfunc.cyclo ./Drivers/STM32F4xx_HAL_Driver/Src/stm32f4xx_hal_flash_ramfunc.d ./Drivers/STM32F4xx_HAL_Driver/Src/stm32f4xx_hal_flash_ramfunc.o ./Drivers/STM32F4xx_HAL_Driver/Src/stm32f4xx_hal_flash_ramfunc.su ./Drivers/STM32F4xx_HAL_Driver/Src/stm32f4xx_hal_gpio.cyclo ./Drivers/STM32F4xx_HAL_Driver/Src/stm32f4xx_hal_gpio.d ./Drivers/STM32F4xx_HAL_Driver/Src/stm32f4xx_hal_gpio.o ./Drivers/STM32F4xx_HAL_Driver/Src/stm32f4xx_hal_gpio.su ./Drivers/STM32F4xx_HAL_Driver/Src/stm32f4xx_hal_pwr.cyclo ./Drivers/STM32F4xx_HAL_Driver/Src/stm32f4xx_hal_pwr.d ./Drivers/STM32F4xx_HAL_Driver/Src/stm32f4xx_hal_pwr.o ./Drivers/STM32F4xx_HAL_Driver/Src/stm32f4xx_hal_pwr.su ./Drivers/STM32F4xx_HAL_Driver/Src/stm32f4xx_hal_pwr_ex.cyclo ./Drivers/STM32F4xx_HAL_Driver/Src/stm32f4xx_hal_pwr_ex.d ./Drivers/STM32F4xx_HAL_Driver/Src/stm32f4xx_hal_pwr_ex.o ./Drivers/STM32F4xx_HAL_Driver/Src/stm32f4xx_hal_pwr_ex.su ./Drivers/STM32F4xx_HAL_Driver/Src/stm32f4xx_hal_rcc.cyclo ./Drivers/STM32F4xx_HAL_Driver/Src/stm32f4xx_hal_rcc.d ./Drivers/STM32F4xx_HAL_Driver/Src/stm32f4xx_hal_rcc.o ./Drivers/STM32F4xx_HAL_Driver/Src/stm32f4xx_hal_rcc.su ./Drivers/STM32F4xx_HAL_Driver/Src/stm32f4xx_hal_rcc_ex.cyclo ./Drivers/STM32F4xx_HAL_Driver/Src/stm32f4xx_hal_rcc_ex.d ./Drivers/STM32F4xx_HAL_Driver/Src/stm32f4xx_hal_rcc_ex.o ./Drivers/STM32F4xx_HAL_Driver/Src/stm32f4xx_hal_rcc_ex.su ./Drivers/STM32F4xx_HAL_Driver/Src/stm32f4xx_hal_spi.cyclo ./Drivers/STM32F4xx_HAL_Driver/Src/stm32f4xx_hal_spi.d ./Drivers/STM32F4xx_HAL_Driver/Src/stm32f4xx_hal_spi.o ./Drivers/STM32F4xx_HAL_Driver/Src/stm32f4xx_hal_spi.su ./Drivers/STM32F4xx_HAL_Driver/Src/stm32f4xx_hal_tim.cyclo ./Drivers/STM32F4xx_HAL_Driver/Src/stm32f4xx_hal_tim.d ./Drivers/STM32F4xx_HAL_Driver/Src/stm32f4xx_hal_tim.o ./Drivers/STM32F4xx_HAL_Driver/Src/stm32f4xx_hal_tim.su ./Drivers/STM32F4xx_HAL_Driver/Src/stm32f4xx_hal_tim_ex.cyclo ./Drivers/STM32F4xx_HAL_Driver/Src/stm32f4xx_hal_tim_ex.d ./Drivers/STM32F4xx_HAL_Driver/Src/stm32f4xx_hal_tim_ex.o ./Drivers/STM32F4xx_HAL_Driver/Src/stm32f4xx_hal_tim_ex.su ./Drivers/STM32F4xx_HAL_Driver/Src/stm32f4xx_hal_uart.cyclo ./Drivers/STM32F4xx_HAL_Driver/Src/stm32f4xx_hal_uart.d ./Drivers/STM32F4xx_HAL_Driver/Src/stm32f4xx_hal_uart.o ./Drivers/STM32F4xx_HAL_Driver/Src/stm32f4xx_hal_uart.su
rm -rf ./Core/Startup/startup_stm32f411retx.d ./Core/Startup/startup_stm32f411retx.o
rm -rf ./Core/Src/main.cyclo ./Core/Src/main.d ./Core/Src/main.o ./Core/Src/main.su ./Core/Src/stm32f4xx_hal_msp.cyclo ./Core/Src/stm32f4xx_hal_msp.d ./Core/Src/stm32f4xx_hal_msp.o ./Core/Src/stm32f4xx_hal_msp.su ./Core/Src/stm32f4xx_it.cyclo ./Core/Src/stm32f4xx_it.d ./Core/Src/stm32f4xx_it.o ./Core/Src/stm32f4xx_it.su ./Core/Src/syscalls.cyclo ./Core/Src/syscalls.d ./Core/Src/syscalls.o ./Core/Src/syscalls.su ./Core/Src/sysmem.cyclo ./Core/Src/sysmem.d ./Core/Src/sysmem.o ./Core/Src/sysmem.su ./Core/Src/system_stm32f4xx.cyclo ./Core/Src/system_stm32f4xx.d ./Core/Src/system_stm32f4xx.o ./Core/Src/system_stm32f4xx.su
rm -rf Memory_test.elf Memory_test.list Memory_test.map default.size.stdout
 
11:10:24 **** Build of configuration Debug for project Memory_test ****
make -j12 all 
arm-none-eabi-gcc "../Drivers/STM32F4xx_HAL_Driver/Src/stm32f4xx_hal.c" -mcpu=cortex-m4 -std=gnu11 -g3 -DDEBUG -DUSE_HAL_DRIVER -DSTM32F411xE -c -I../Core/Inc -I../Drivers/STM32F4xx_HAL_Driver/Inc -I../Drivers/STM32F4xx_HAL_Driver/Inc/Legacy -I../Drivers/CMSIS/Device/ST/STM32F4xx/Include -I../Drivers/CMSIS/Include -O0 -ffunction-sections -fdata-sections -Wall -fstack-usage -fcyclomatic-complexity -MMD -MP -MF"Drivers/STM32F4xx_HAL_Driver/Src/stm32f4xx_hal.d" -MT"Drivers/STM32F4xx_HAL_Driver/Src/stm32f4xx_hal.o" --specs=nano.specs -mfpu=fpv4-sp-d16 -mfloat-abi=hard -mthumb -o "Drivers/STM32F4xx_HAL_Driver/Src/stm32f4xx_hal.o"
arm-none-eabi-gcc "../Drivers/STM32F4xx_HAL_Driver/Src/stm32f4xx_hal_cortex.c" -mcpu=cortex-m4 -std=gnu11 -g3 -DDEBUG -DUSE_HAL_DRIVER -DSTM32F411xE -c -I../Core/Inc -I../Drivers/STM32F4xx_HAL_Driver/Inc -I../Drivers/STM32F4xx_HAL_Driver/Inc/Legacy -I../Drivers/CMSIS/Device/ST/STM32F4xx/Include -I../Drivers/CMSIS/Include -O0 -ffunction-sections -fdata-sections -Wall -fstack-usage -fcyclomatic-complexity -MMD -MP -MF"Drivers/STM32F4xx_HAL_Driver/Src/stm32f4xx_hal_cortex.d" -MT"Drivers/STM32F4xx_HAL_Driver/Src/stm32f4xx_hal_cortex.o" --specs=nano.specs -mfpu=fpv4-sp-d16 -mfloat-abi=hard -mthumb -o "Drivers/STM32F4xx_HAL_Driver/Src/stm32f4xx_hal_cortex.o"
arm-none-eabi-gcc "../Drivers/STM32F4xx_HAL_Driver/Src/stm32f4xx_hal_dma.c" -mcpu=cortex-m4 -std=gnu11 -g3 -DDEBUG -DUSE_HAL_DRIVER -DSTM32F411xE -c -I../Core/Inc -I../Drivers/STM32F4xx_HAL_Driver/Inc -I../Drivers/STM32F4xx_HAL_Driver/Inc/Legacy -I../Drivers/CMSIS/Device/ST/STM32F4xx/Include -I../Drivers/CMSIS/Include -O0 -ffunction-sections -fdata-sections -Wall -fstack-usage -fcyclomatic-complexity -MMD -MP -MF"Drivers/STM32F4xx_HAL_Driver/Src/stm32f4xx_hal_dma.d" -MT"Drivers/STM32F4xx_HAL_Driver/Src/stm32f4xx_hal_dma.o" --specs=nano.specs -mfpu=fpv4-sp-d16 -mfloat-abi=hard -mthumb -o "Drivers/STM32F4xx_HAL_Driver/Src/stm32f4xx_hal_dma.o"
arm-none-eabi-gcc "../Drivers/STM32F4xx_HAL_Driver/Src/stm32f4xx_hal_dma_ex.c" -mcpu=cortex-m4 -std=gnu11 -g3 -DDEBUG -DUSE_HAL_DRIVER -DSTM32F411xE -c -I../Core/Inc -I../Drivers/STM32F4xx_HAL_Driver/Inc -I../Drivers/STM32F4xx_HAL_Driver/Inc/Legacy -I../Drivers/CMSIS/Device/ST/STM32F4xx/Include -I../Drivers/CMSIS/Include -O0 -ffunction-sections -fdata-sections -Wall -fstack-usage -fcyclomatic-complexity -MMD -MP -MF"Drivers/STM32F4xx_HAL_Driver/Src/stm32f4xx_hal_dma_ex.d" -MT"Drivers/STM32F4xx_HAL_Driver/Src/stm32f4xx_hal_dma_ex.o" --specs=nano.specs -mfpu=fpv4-sp-d16 -mfloat-abi=hard -mthumb -o "Drivers/STM32F4xx_HAL_Driver/Src/stm32f4xx_hal_dma_ex.o"
arm-none-eabi-gcc "../Drivers/STM32F4xx_HAL_Driver/Src/stm32f4xx_hal_exti.c" -mcpu=cortex-m4 -std=gnu11 -g3 -DDEBUG -DUSE_HAL_DRIVER -DSTM32F411xE -c -I../Core/Inc -I../Drivers/STM32F4xx_HAL_Driver/Inc -I../Drivers/STM32F4xx_HAL_Driver/Inc/Legacy -I../Drivers/CMSIS/Device/ST/STM32F4xx/Include -I../Drivers/CMSIS/Include -O0 -ffunction-sections -fdata-sections -Wall -fstack-usage -fcyclomatic-complexity -MMD -MP -MF"Drivers/STM32F4xx_HAL_Driver/Src/stm32f4xx_hal_exti.d" -MT"Drivers/STM32F4xx_HAL_Driver/Src/stm32f4xx_hal_exti.o" --specs=nano.specs -mfpu=fpv4-sp-d16 -mfloat-abi=hard -mthumb -o "Drivers/STM32F4xx_HAL_Driver/Src/stm32f4xx_hal_exti.o"
arm-none-eabi-gcc "../Drivers/STM32F4xx_HAL_Driver/Src/stm32f4xx_hal_flash.c" -mcpu=cortex-m4 -std=gnu11 -g3 -DDEBUG -DUSE_HAL_DRIVER -DSTM32F411xE -c -I../Core/Inc -I../Drivers/STM32F4xx_HAL_Driver/Inc -I../Drivers/STM32F4xx_HAL_Driver/Inc/Legacy -I../Drivers/CMSIS/Device/ST/STM32F4xx/Include -I../Drivers/CMSIS/Include -O0 -ffunction-sections -fdata-sections -Wall -fstack-usage -fcyclomatic-complexity -MMD -MP -MF"Drivers/STM32F4xx_HAL_Driver/Src/stm32f4xx_hal_flash.d" -MT"Drivers/STM32F4xx_HAL_Driver/Src/stm32f4xx_hal_flash.o" --specs=nano.specs -mfpu=fpv4-sp-d16 -mfloat-abi=hard -mthumb -o "Drivers/STM32F4xx_HAL_Driver/Src/stm32f4xx_hal_flash.o"
arm-none-eabi-gcc "../Drivers/STM32F4xx_HAL_Driver/Src/stm32f4xx_hal_flash_ex.c" -mcpu=cortex-m4 -std=gnu11 -g3 -DDEBUG -DUSE_HAL_DRIVER -DSTM32F411xE -c -I../Core/Inc -I../Drivers/STM32F4xx_HAL_Driver/Inc -I../Drivers/STM32F4xx_HAL_Driver/Inc/Legacy -I../Drivers/CMSIS/Device/ST/STM32F4xx/Include -I../Drivers/CMSIS/Include -O0 -ffunction-sections -fdata-sections -Wall -fstack-usage -fcyclomatic-complexity -MMD -MP -MF"Drivers/STM32F4xx_HAL_Driver/Src/stm32f4xx_hal_flash_ex.d" -MT"Drivers/STM32F4xx_HAL_Driver/Src/stm32f4xx_hal_flash_ex.o" --specs=nano.specs -mfpu=fpv4-sp-d16 -mfloat-abi=hard -mthumb -o "Drivers/STM32F4xx_HAL_Driver/Src/stm32f4xx_hal_flash_ex.o"
arm-none-eabi-gcc "../Drivers/STM32F4xx_HAL_Driver/Src/stm32f4xx_hal_flash_ramfunc.c" -mcpu=cortex-m4 -std=gnu11 -g3 -DDEBUG -DUSE_HAL_DRIVER -DSTM32F411xE -c -I../Core/Inc -I../Drivers/STM32F4xx_HAL_Driver/Inc -I../Drivers/STM32F4xx_HAL_Driver/Inc/Legacy -I../Drivers/CMSIS/Device/ST/STM32F4xx/Include -I../Drivers/CMSIS/Include -O0 -ffunction-sections -fdata-sections -Wall -fstack-usage -fcyclomatic-complexity -MMD -MP -MF"Drivers/STM32F4xx_HAL_Driver/Src/stm32f4xx_hal_flash_ramfunc.d" -MT"Drivers/STM32F4xx_HAL_Driver/Src/stm32f4xx_hal_flash_ramfunc.o" --specs=nano.specs -mfpu=fpv4-sp-d16 -mfloat-abi=hard -mthumb -o "Drivers/STM32F4xx_HAL_Driver/Src/stm32f4xx_hal_flash_ramfunc.o"
arm-none-eabi-gcc "../Drivers/STM32F4xx_HAL_Driver/Src/stm32f4xx_hal_gpio.c" -mcpu=cortex-m4 -std=gnu11 -g3 -DDEBUG -DUSE_HAL_DRIVER -DSTM32F411xE -c -I../Core/Inc -I../Drivers/STM32F4xx_HAL_Driver/Inc -I../Drivers/STM32F4xx_HAL_Driver/Inc/Legacy -I../Drivers/CMSIS/Device/ST/STM32F4xx/Include -I../Drivers/CMSIS/Include -O0 -ffunction-sections -fdata-sections -Wall -fstack-usage -fcyclomatic-complexity -MMD -MP -MF"Drivers/STM32F4xx_HAL_Driver/Src/stm32f4xx_hal_gpio.d" -MT"Drivers/STM32F4xx_HAL_Driver/Src/stm32f4xx_hal_gpio.o" --specs=nano.specs -mfpu=fpv4-sp-d16 -mfloat-abi=hard -mthumb -o "Drivers/STM32F4xx_HAL_Driver/Src/stm32f4xx_hal_gpio.o"
arm-none-eabi-gcc "../Drivers/STM32F4xx_HAL_Driver/Src/stm32f4xx_hal_pwr.c" -mcpu=cortex-m4 -std=gnu11 -g3 -DDEBUG -DUSE_HAL_DRIVER -DSTM32F411xE -c -I../Core/Inc -I../Drivers/STM32F4xx_HAL_Driver/Inc -I../Drivers/STM32F4xx_HAL_Driver/Inc/Legacy -I../Drivers/CMSIS/Device/ST/STM32F4xx/Include -I../Drivers/CMSIS/Include -O0 -ffunction-sections -fdata-sections -Wall -fstack-usage -fcyclomatic-complexity -MMD -MP -MF"Drivers/STM32F4xx_HAL_Driver/Src/stm32f4xx_hal_pwr.d" -MT"Drivers/STM32F4xx_HAL_Driver/Src/stm32f4xx_hal_pwr.o" --specs=nano.specs -mfpu=fpv4-sp-d16 -mfloat-abi=hard -mthumb -o "Drivers/STM32F4xx_HAL_Driver/Src/stm32f4xx_hal_pwr.o"
arm-none-eabi-gcc "../Drivers/STM32F4xx_HAL_Driver/Src/stm32f4xx_hal_pwr_ex.c" -mcpu=cortex-m4 -std=gnu11 -g3 -DDEBUG -DUSE_HAL_DRIVER -DSTM32F411xE -c -I../Core/Inc -I../Drivers/STM32F4xx_HAL_Driver/Inc -I../Drivers/STM32F4xx_HAL_Driver/Inc/Legacy -I../Drivers/CMSIS/Device/ST/STM32F4xx/Include -I../Drivers/CMSIS/Include -O0 -ffunction-sections -fdata-sections -Wall -fstack-usage -fcyclomatic-complexity -MMD -MP -MF"Drivers/STM32F4xx_HAL_Driver/Src/stm32f4xx_hal_pwr_ex.d" -MT"Drivers/STM32F4xx_HAL_Driver/Src/stm32f4xx_hal_pwr_ex.o" --specs=nano.specs -mfpu=fpv4-sp-d16 -mfloat-abi=hard -mthumb -o "Drivers/STM32F4xx_HAL_Driver/Src/stm32f4xx_hal_pwr_ex.o"
arm-none-eabi-gcc "../Drivers/STM32F4xx_HAL_Driver/Src/stm32f4xx_hal_rcc.c" -mcpu=cortex-m4 -std=gnu11 -g3 -DDEBUG -DUSE_HAL_DRIVER -DSTM32F411xE -c -I../Core/Inc -I../Drivers/STM32F4xx_HAL_Driver/Inc -I../Drivers/STM32F4xx_HAL_Driver/Inc/Legacy -I../Drivers/CMSIS/Device/ST/STM32F4xx/Include -I../Drivers/CMSIS/Include -O0 -ffunction-sections -fdata-sections -Wall -fstack-usage -fcyclomatic-complexity -MMD -MP -MF"Drivers/STM32F4xx_HAL_Driver/Src/stm32f4xx_hal_rcc.d" -MT"Drivers/STM32F4xx_HAL_Driver/Src/stm32f4xx_hal_rcc.o" --specs=nano.specs -mfpu=fpv4-sp-d16 -mfloat-abi=hard -mthumb -o "Drivers/STM32F4xx_HAL_Driver/Src/stm32f4xx_hal_rcc.o"
arm-none-eabi-gcc "../Drivers/STM32F4xx_HAL_Driver/Src/stm32f4xx_hal_rcc_ex.c" -mcpu=cortex-m4 -std=gnu11 -g3 -DDEBUG -DUSE_HAL_DRIVER -DSTM32F411xE -c -I../Core/Inc -I../Drivers/STM32F4xx_HAL_Driver/Inc -I../Drivers/STM32F4xx_HAL_Driver/Inc/Legacy -I../Drivers/CMSIS/Device/ST/STM32F4xx/Include -I../Drivers/CMSIS/Include -O0 -ffunction-sections -fdata-sections -Wall -fstack-usage -fcyclomatic-complexity -MMD -MP -MF"Drivers/STM32F4xx_HAL_Driver/Src/stm32f4xx_hal_rcc_ex.d" -MT"Drivers/STM32F4xx_HAL_Driver/Src/stm32f4xx_hal_rcc_ex.o" --specs=nano.specs -mfpu=fpv4-sp-d16 -mfloat-abi=hard -mthumb -o "Drivers/STM32F4xx_HAL_Driver/Src/stm32f4xx_hal_rcc_ex.o"
arm-none-eabi-gcc "../Drivers/STM32F4xx_HAL_Driver/Src/stm32f4xx_hal_spi.c" -mcpu=cortex-m4 -std=gnu11 -g3 -DDEBUG -DUSE_HAL_DRIVER -DSTM32F411xE -c -I../Core/Inc -I../Drivers/STM32F4xx_HAL_Driver/Inc -I../Drivers/STM32F4xx_HAL_Driver/Inc/Legacy -I../Drivers/CMSIS/Device/ST/STM32F4xx/Include -I../Drivers/CMSIS/Include -O0 -ffunction-sections -fdata-sections -Wall -fstack-usage -fcyclomatic-complexity -MMD -MP -MF"Drivers/STM32F4xx_HAL_Driver/Src/stm32f4xx_hal_spi.d" -MT"Drivers/STM32F4xx_HAL_Driver/Src/stm32f4xx_hal_spi.o" --specs=nano.specs -mfpu=fpv4-sp-d16 -mfloat-abi=hard -mthumb -o "Drivers/STM32F4xx_HAL_Driver/Src/stm32f4xx_hal_spi.o"
arm-none-eabi-gcc "../Drivers/STM32F4xx_HAL_Driver/Src/stm32f4xx_hal_tim.c" -mcpu=cortex-m4 -std=gnu11 -g3 -DDEBUG -DUSE_HAL_DRIVER -DSTM32F411xE -c -I../Core/Inc -I../Drivers/STM32F4xx_HAL_Driver/Inc -I../Drivers/STM32F4xx_HAL_Driver/Inc/Legacy -I../Drivers/CMSIS/Device/ST/STM32F4xx/Include -I../Drivers/CMSIS/Include -O0 -ffunction-sections -fdata-sections -Wall -fstack-usage -fcyclomatic-complexity -MMD -MP -MF"Drivers/STM32F4xx_HAL_Driver/Src/stm32f4xx_hal_tim.d" -MT"Drivers/STM32F4xx_HAL_Driver/Src/stm32f4xx_hal_tim.o" --specs=nano.specs -mfpu=fpv4-sp-d16 -mfloat-abi=hard -mthumb -o "Drivers/STM32F4xx_HAL_Driver/Src/stm32f4xx_hal_tim.o"
arm-none-eabi-gcc "../Drivers/STM32F4xx_HAL_Driver/Src/stm32f4xx_hal_tim_ex.c" -mcpu=cortex-m4 -std=gnu11 -g3 -DDEBUG -DUSE_HAL_DRIVER -DSTM32F411xE -c -I../Core/Inc -I../Drivers/STM32F4xx_HAL_Driver/Inc -I../Drivers/STM32F4xx_HAL_Driver/Inc/Legacy -I../Drivers/CMSIS/Device/ST/STM32F4xx/Include -I../Drivers/CMSIS/Include -O0 -ffunction-sections -fdata-sections -Wall -fstack-usage -fcyclomatic-complexity -MMD -MP -MF"Drivers/STM32F4xx_HAL_Driver/Src/stm32f4xx_hal_tim_ex.d" -MT"Drivers/STM32F4xx_HAL_Driver/Src/stm32f4xx_hal_tim_ex.o" --specs=nano.specs -mfpu=fpv4-sp-d16 -mfloat-abi=hard -mthumb -o "Drivers/STM32F4xx_HAL_Driver/Src/stm32f4xx_hal_tim_ex.o"
arm-none-eabi-gcc "../Drivers/STM32F4xx_HAL_Driver/Src/stm32f4xx_hal_uart.c" -mcpu=cortex-m4 -std=gnu11 -g3 -DDEBUG -DUSE_HAL_DRIVER -DSTM32F411xE -c -I../Core/Inc -I../Drivers/STM32F4xx_HAL_Driver/Inc -I../Drivers/STM32F4xx_HAL_Driver/Inc/Legacy -I../Drivers/CMSIS/Device/ST/STM32F4xx/Include -I../Drivers/CMSIS/Include -O0 -ffunction-sections -fdata-sections -Wall -fstack-usage -fcyclomatic-complexity -MMD -MP -MF"Drivers/STM32F4xx_HAL_Driver/Src/stm32f4xx_hal_uart.d" -MT"Drivers/STM32F4xx_HAL_Driver/Src/stm32f4xx_hal_uart.o" --specs=nano.specs -mfpu=fpv4-sp-d16 -mfloat-abi=hard -mthumb -o "Drivers/STM32F4xx_HAL_Driver/Src/stm32f4xx_hal_uart.o"
arm-none-eabi-gcc -mcpu=cortex-m4 -g3 -DDEBUG -c -x assembler-with-cpp -MMD -MP -MF"Core/Startup/startup_stm32f411retx.d" -MT"Core/Startup/startup_stm32f411retx.o" --specs=nano.specs -mfpu=fpv4-sp-d16 -mfloat-abi=hard -mthumb -o "Core/Startup/startup_stm32f411retx.o" "../Core/Startup/startup_stm32f411retx.s"
arm-none-eabi-gcc "../Core/Src/main.c" -mcpu=cortex-m4 -std=gnu11 -g3 -DDEBUG -DUSE_HAL_DRIVER -DSTM32F411xE -c -I../Core/Inc -I../Drivers/STM32F4xx_HAL_Driver/Inc -I../Drivers/STM32F4xx_HAL_Driver/Inc/Legacy -I../Drivers/CMSIS/Device/ST/STM32F4xx/Include -I../Drivers/CMSIS/Include -O0 -ffunction-sections -fdata-sections -Wall -fstack-usage -fcyclomatic-complexity -MMD -MP -MF"Core/Src/main.d" -MT"Core/Src/main.o" --specs=nano.specs -mfpu=fpv4-sp-d16 -mfloat-abi=hard -mthumb -o "Core/Src/main.o"
arm-none-eabi-gcc "../Core/Src/stm32f4xx_hal_msp.c" -mcpu=cortex-m4 -std=gnu11 -g3 -DDEBUG -DUSE_HAL_DRIVER -DSTM32F411xE -c -I../Core/Inc -I../Drivers/STM32F4xx_HAL_Driver/Inc -I../Drivers/STM32F4xx_HAL_Driver/Inc/Legacy -I../Drivers/CMSIS/Device/ST/STM32F4xx/Include -I../Drivers/CMSIS/Include -O0 -ffunction-sections -fdata-sections -Wall -fstack-usage -fcyclomatic-complexity -MMD -MP -MF"Core/Src/stm32f4xx_hal_msp.d" -MT"Core/Src/stm32f4xx_hal_msp.o" --specs=nano.specs -mfpu=fpv4-sp-d16 -mfloat-abi=hard -mthumb -o "Core/Src/stm32f4xx_hal_msp.o"
arm-none-eabi-gcc "../Core/Src/stm32f4xx_it.c" -mcpu=cortex-m4 -std=gnu11 -g3 -DDEBUG -DUSE_HAL_DRIVER -DSTM32F411xE -c -I../Core/Inc -I../Drivers/STM32F4xx_HAL_Driver/Inc -I../Drivers/STM32F4xx_HAL_Driver/Inc/Legacy -I../Drivers/CMSIS/Device/ST/STM32F4xx/Include -I../Drivers/CMSIS/Include -O0 -ffunction-sections -fdata-sections -Wall -fstack-usage -fcyclomatic-complexity -MMD -MP -MF"Core/Src/stm32f4xx_it.d" -MT"Core/Src/stm32f4xx_it.o" --specs=nano.specs -mfpu=fpv4-sp-d16 -mfloat-abi=hard -mthumb -o "Core/Src/stm32f4xx_it.o"
arm-none-eabi-gcc "../Core/Src/syscalls.c" -mcpu=cortex-m4 -std=gnu11 -g3 -DDEBUG -DUSE_HAL_DRIVER -DSTM32F411xE -c -I../Core/Inc -I../Drivers/STM32F4xx_HAL_Driver/Inc -I../Drivers/STM32F4xx_HAL_Driver/Inc/Legacy -I../Drivers/CMSIS/Device/ST/STM32F4xx/Include -I../Drivers/CMSIS/Include -O0 -ffunction-sections -fdata-sections -Wall -fstack-usage -fcyclomatic-complexity -MMD -MP -MF"Core/Src/syscalls.d" -MT"Core/Src/syscalls.o" --specs=nano.specs -mfpu=fpv4-sp-d16 -mfloat-abi=hard -mthumb -o "Core/Src/syscalls.o"
arm-none-eabi-gcc "../Core/Src/sysmem.c" -mcpu=cortex-m4 -std=gnu11 -g3 -DDEBUG -DUSE_HAL_DRIVER -DSTM32F411xE -c -I../Core/Inc -I../Drivers/STM32F4xx_HAL_Driver/Inc -I../Drivers/STM32F4xx_HAL_Driver/Inc/Legacy -I../Drivers/CMSIS/Device/ST/STM32F4xx/Include -I../Drivers/CMSIS/Include -O0 -ffunction-sections -fdata-sections -Wall -fstack-usage -fcyclomatic-complexity -MMD -MP -MF"Core/Src/sysmem.d" -MT"Core/Src/sysmem.o" --specs=nano.specs -mfpu=fpv4-sp-d16 -mfloat-abi=hard -mthumb -o "Core/Src/sysmem.o"
arm-none-eabi-gcc "../Core/Src/system_stm32f4xx.c" -mcpu=cortex-m4 -std=gnu11 -g3 -DDEBUG -DUSE_HAL_DRIVER -DSTM32F411xE -c -I../Core/Inc -I../Drivers/STM32F4xx_HAL_Driver/Inc -I../Drivers/STM32F4xx_HAL_Driver/Inc/Legacy -I../Drivers/CMSIS/Device/ST/STM32F4xx/Include -I../Drivers/CMSIS/Include -O0 -ffunction-sections -fdata-sections -Wall -fstack-usage -fcyclomatic-complexity -MMD -MP -MF"Core/Src/system_stm32f4xx.d" -MT"Core/Src/system_stm32f4xx.o" --specs=nano.specs -mfpu=fpv4-sp-d16 -mfloat-abi=hard -mthumb -o "Core/Src/system_stm32f4xx.o"
../Core/Src/main.c: In function 'main':
../Core/Src/main.c:85:27: warning: variable 'returnStatus' set but not used [-Wunused-but-set-variable]
   85 |         HAL_StatusTypeDef returnStatus;
      |                           ^~~~~~~~~~~~
arm-none-eabi-gcc -o "Memory_test.elf" @"objects.list"   -mcpu=cortex-m4 -T"D:\Documenti\GitHub\EFES_project\Nucleo_dir\Memory_test\STM32F411RETX_FLASH.ld" --specs=nosys.specs -Wl,-Map="Memory_test.map" -Wl,--gc-sections -static --specs=nano.specs -mfpu=fpv4-sp-d16 -mfloat-abi=hard -mthumb -Wl,--start-group -lc -lm -Wl,--end-group
Finished building target: Memory_test.elf
 
arm-none-eabi-size  Memory_test.elf 
arm-none-eabi-objdump -h -S Memory_test.elf  > "Memory_test.list"
   text	   data	    bss	    dec	    hex	filename
  15028	     92	   2060	  17180	   431c	Memory_test.elf
Finished building: default.size.stdout
 
Finished building: Memory_test.list
 
11:10:26 **** Clean-only build of configuration Debug for project spi_test ****
make -j12 clean 
rm -rf ./Drivers/STM32F4xx_HAL_Driver/Src/stm32f4xx_hal.cyclo ./Drivers/STM32F4xx_HAL_Driver/Src/stm32f4xx_hal.d ./Drivers/STM32F4xx_HAL_Driver/Src/stm32f4xx_hal.o ./Drivers/STM32F4xx_HAL_Driver/Src/stm32f4xx_hal.su ./Drivers/STM32F4xx_HAL_Driver/Src/stm32f4xx_hal_cortex.cyclo ./Drivers/STM32F4xx_HAL_Driver/Src/stm32f4xx_hal_cortex.d ./Drivers/STM32F4xx_HAL_Driver/Src/stm32f4xx_hal_cortex.o ./Drivers/STM32F4xx_HAL_Driver/Src/stm32f4xx_hal_cortex.su ./Drivers/STM32F4xx_HAL_Driver/Src/stm32f4xx_hal_dma.cyclo ./Drivers/STM32F4xx_HAL_Driver/Src/stm32f4xx_hal_dma.d ./Drivers/STM32F4xx_HAL_Driver/Src/stm32f4xx_hal_dma.o ./Drivers/STM32F4xx_HAL_Driver/Src/stm32f4xx_hal_dma.su ./Drivers/STM32F4xx_HAL_Driver/Src/stm32f4xx_hal_dma_ex.cyclo ./Drivers/STM32F4xx_HAL_Driver/Src/stm32f4xx_hal_dma_ex.d ./Drivers/STM32F4xx_HAL_Driver/Src/stm32f4xx_hal_dma_ex.o ./Drivers/STM32F4xx_HAL_Driver/Src/stm32f4xx_hal_dma_ex.su ./Drivers/STM32F4xx_HAL_Driver/Src/stm32f4xx_hal_exti.cyclo ./Drivers/STM32F4xx_HAL_Driver/Src/stm32f4xx_hal_exti.d ./Drivers/STM32F4xx_HAL_Driver/Src/stm32f4xx_hal_exti.o ./Drivers/STM32F4xx_HAL_Driver/Src/stm32f4xx_hal_exti.su ./Drivers/STM32F4xx_HAL_Driver/Src/stm32f4xx_hal_flash.cyclo ./Drivers/STM32F4xx_HAL_Driver/Src/stm32f4xx_hal_flash.d ./Drivers/STM32F4xx_HAL_Driver/Src/stm32f4xx_hal_flash.o ./Drivers/STM32F4xx_HAL_Driver/Src/stm32f4xx_hal_flash.su ./Drivers/STM32F4xx_HAL_Driver/Src/stm32f4xx_hal_flash_ex.cyclo ./Drivers/STM32F4xx_HAL_Driver/Src/stm32f4xx_hal_flash_ex.d ./Drivers/STM32F4xx_HAL_Driver/Src/stm32f4xx_hal_flash_ex.o ./Drivers/STM32F4xx_HAL_Driver/Src/stm32f4xx_hal_flash_ex.su ./Drivers/STM32F4xx_HAL_Driver/Src/stm32f4xx_hal_flash_ramfunc.cyclo ./Drivers/STM32F4xx_HAL_Driver/Src/stm32f4xx_hal_flash_ramfunc.d ./Drivers/STM32F4xx_HAL_Driver/Src/stm32f4xx_hal_flash_ramfunc.o ./Drivers/STM32F4xx_HAL_Driver/Src/stm32f4xx_hal_flash_ramfunc.su ./Drivers/STM32F4xx_HAL_Driver/Src/stm32f4xx_hal_gpio.cyclo ./Drivers/STM32F4xx_HAL_Driver/Src/stm32f4xx_hal_gpio.d ./Drivers/STM32F4xx_HAL_Driver/Src/stm32f4xx_hal_gpio.o ./Drivers/STM32F4xx_HAL_Driver/Src/stm32f4xx_hal_gpio.su ./Drivers/STM32F4xx_HAL_Driver/Src/stm32f4xx_hal_pwr.cyclo ./Drivers/STM32F4xx_HAL_Driver/Src/stm32f4xx_hal_pwr.d ./Drivers/STM32F4xx_HAL_Driver/Src/stm32f4xx_hal_pwr.o ./Drivers/STM32F4xx_HAL_Driver/Src/stm32f4xx_hal_pwr.su ./Drivers/STM32F4xx_HAL_Driver/Src/stm32f4xx_hal_pwr_ex.cyclo ./Drivers/STM32F4xx_HAL_Driver/Src/stm32f4xx_hal_pwr_ex.d ./Drivers/STM32F4xx_HAL_Driver/Src/stm32f4xx_hal_pwr_ex.o ./Drivers/STM32F4xx_HAL_Driver/Src/stm32f4xx_hal_pwr_ex.su ./Drivers/STM32F4xx_HAL_Driver/Src/stm32f4xx_hal_rcc.cyclo ./Drivers/STM32F4xx_HAL_Driver/Src/stm32f4xx_hal_rcc.d ./Drivers/STM32F4xx_HAL_Driver/Src/stm32f4xx_hal_rcc.o ./Drivers/STM32F4xx_HAL_Driver/Src/stm32f4xx_hal_rcc.su ./Drivers/STM32F4xx_HAL_Driver/Src/stm32f4xx_hal_rcc_ex.cyclo ./Drivers/STM32F4xx_HAL_Driver/Src/stm32f4xx_hal_rcc_ex.d ./Drivers/STM32F4xx_HAL_Driver/Src/stm32f4xx_hal_rcc_ex.o ./Drivers/STM32F4xx_HAL_Driver/Src/stm32f4xx_hal_rcc_ex.su ./Drivers/STM32F4xx_HAL_Driver/Src/stm32f4xx_hal_spi.cyclo ./Drivers/STM32F4xx_HAL_Driver/Src/stm32f4xx_hal_spi.d ./Drivers/STM32F4xx_HAL_Driver/Src/stm32f4xx_hal_spi.o ./Drivers/STM32F4xx_HAL_Driver/Src/stm32f4xx_hal_spi.su ./Drivers/STM32F4xx_HAL_Driver/Src/stm32f4xx_hal_tim.cyclo ./Drivers/STM32F4xx_HAL_Driver/Src/stm32f4xx_hal_tim.d ./Drivers/STM32F4xx_HAL_Driver/Src/stm32f4xx_hal_tim.o ./Drivers/STM32F4xx_HAL_Driver/Src/stm32f4xx_hal_tim.su ./Drivers/STM32F4xx_HAL_Driver/Src/stm32f4xx_hal_tim_ex.cyclo ./Drivers/STM32F4xx_HAL_Driver/Src/stm32f4xx_hal_tim_ex.d ./Drivers/STM32F4xx_HAL_Driver/Src/stm32f4xx_hal_tim_ex.o ./Drivers/STM32F4xx_HAL_Driver/Src/stm32f4xx_hal_tim_ex.su ./Drivers/STM32F4xx_HAL_Driver/Src/stm32f4xx_hal_uart.cyclo ./Drivers/STM32F4xx_HAL_Driver/Src/stm32f4xx_hal_uart.d ./Drivers/STM32F4xx_HAL_Driver/Src/stm32f4xx_hal_uart.o ./Drivers/STM32F4xx_HAL_Driver/Src/stm32f4xx_hal_uart.su
rm -rf ./Core/Startup/startup_stm32f411retx.d ./Core/Startup/startup_stm32f411retx.o
rm -rf ./Core/Src/main.cyclo ./Core/Src/main.d ./Core/Src/main.o ./Core/Src/main.su ./Core/Src/stm32f4xx_hal_msp.cyclo ./Core/Src/stm32f4xx_hal_msp.d ./Core/Src/stm32f4xx_hal_msp.o ./Core/Src/stm32f4xx_hal_msp.su ./Core/Src/stm32f4xx_it.cyclo ./Core/Src/stm32f4xx_it.d ./Core/Src/stm32f4xx_it.o ./Core/Src/stm32f4xx_it.su ./Core/Src/syscalls.cyclo ./Core/Src/syscalls.d ./Core/Src/syscalls.o ./Core/Src/syscalls.su ./Core/Src/sysmem.cyclo ./Core/Src/sysmem.d ./Core/Src/sysmem.o ./Core/Src/sysmem.su ./Core/Src/system_stm32f4xx.cyclo ./Core/Src/system_stm32f4xx.d ./Core/Src/system_stm32f4xx.o ./Core/Src/system_stm32f4xx.su
rm -rf default.size.stdout spi_test.elf spi_test.list spi_test.map
 
11:10:27 **** Build of configuration Debug for project spi_test ****
make -j12 all 
arm-none-eabi-gcc "../Drivers/STM32F4xx_HAL_Driver/Src/stm32f4xx_hal.c" -mcpu=cortex-m4 -std=gnu11 -g3 -DDEBUG -DUSE_HAL_DRIVER -DSTM32F411xE -c -I../Core/Inc -I../Drivers/STM32F4xx_HAL_Driver/Inc -I../Drivers/STM32F4xx_HAL_Driver/Inc/Legacy -I../Drivers/CMSIS/Device/ST/STM32F4xx/Include -I../Drivers/CMSIS/Include -O0 -ffunction-sections -fdata-sections -Wall -fstack-usage -fcyclomatic-complexity -MMD -MP -MF"Drivers/STM32F4xx_HAL_Driver/Src/stm32f4xx_hal.d" -MT"Drivers/STM32F4xx_HAL_Driver/Src/stm32f4xx_hal.o" --specs=nano.specs -mfpu=fpv4-sp-d16 -mfloat-abi=hard -mthumb -o "Drivers/STM32F4xx_HAL_Driver/Src/stm32f4xx_hal.o"
arm-none-eabi-gcc "../Drivers/STM32F4xx_HAL_Driver/Src/stm32f4xx_hal_cortex.c" -mcpu=cortex-m4 -std=gnu11 -g3 -DDEBUG -DUSE_HAL_DRIVER -DSTM32F411xE -c -I../Core/Inc -I../Drivers/STM32F4xx_HAL_Driver/Inc -I../Drivers/STM32F4xx_HAL_Driver/Inc/Legacy -I../Drivers/CMSIS/Device/ST/STM32F4xx/Include -I../Drivers/CMSIS/Include -O0 -ffunction-sections -fdata-sections -Wall -fstack-usage -fcyclomatic-complexity -MMD -MP -MF"Drivers/STM32F4xx_HAL_Driver/Src/stm32f4xx_hal_cortex.d" -MT"Drivers/STM32F4xx_HAL_Driver/Src/stm32f4xx_hal_cortex.o" --specs=nano.specs -mfpu=fpv4-sp-d16 -mfloat-abi=hard -mthumb -o "Drivers/STM32F4xx_HAL_Driver/Src/stm32f4xx_hal_cortex.o"
arm-none-eabi-gcc "../Drivers/STM32F4xx_HAL_Driver/Src/stm32f4xx_hal_dma.c" -mcpu=cortex-m4 -std=gnu11 -g3 -DDEBUG -DUSE_HAL_DRIVER -DSTM32F411xE -c -I../Core/Inc -I../Drivers/STM32F4xx_HAL_Driver/Inc -I../Drivers/STM32F4xx_HAL_Driver/Inc/Legacy -I../Drivers/CMSIS/Device/ST/STM32F4xx/Include -I../Drivers/CMSIS/Include -O0 -ffunction-sections -fdata-sections -Wall -fstack-usage -fcyclomatic-complexity -MMD -MP -MF"Drivers/STM32F4xx_HAL_Driver/Src/stm32f4xx_hal_dma.d" -MT"Drivers/STM32F4xx_HAL_Driver/Src/stm32f4xx_hal_dma.o" --specs=nano.specs -mfpu=fpv4-sp-d16 -mfloat-abi=hard -mthumb -o "Drivers/STM32F4xx_HAL_Driver/Src/stm32f4xx_hal_dma.o"
arm-none-eabi-gcc "../Drivers/STM32F4xx_HAL_Driver/Src/stm32f4xx_hal_dma_ex.c" -mcpu=cortex-m4 -std=gnu11 -g3 -DDEBUG -DUSE_HAL_DRIVER -DSTM32F411xE -c -I../Core/Inc -I../Drivers/STM32F4xx_HAL_Driver/Inc -I../Drivers/STM32F4xx_HAL_Driver/Inc/Legacy -I../Drivers/CMSIS/Device/ST/STM32F4xx/Include -I../Drivers/CMSIS/Include -O0 -ffunction-sections -fdata-sections -Wall -fstack-usage -fcyclomatic-complexity -MMD -MP -MF"Drivers/STM32F4xx_HAL_Driver/Src/stm32f4xx_hal_dma_ex.d" -MT"Drivers/STM32F4xx_HAL_Driver/Src/stm32f4xx_hal_dma_ex.o" --specs=nano.specs -mfpu=fpv4-sp-d16 -mfloat-abi=hard -mthumb -o "Drivers/STM32F4xx_HAL_Driver/Src/stm32f4xx_hal_dma_ex.o"
arm-none-eabi-gcc "../Drivers/STM32F4xx_HAL_Driver/Src/stm32f4xx_hal_exti.c" -mcpu=cortex-m4 -std=gnu11 -g3 -DDEBUG -DUSE_HAL_DRIVER -DSTM32F411xE -c -I../Core/Inc -I../Drivers/STM32F4xx_HAL_Driver/Inc -I../Drivers/STM32F4xx_HAL_Driver/Inc/Legacy -I../Drivers/CMSIS/Device/ST/STM32F4xx/Include -I../Drivers/CMSIS/Include -O0 -ffunction-sections -fdata-sections -Wall -fstack-usage -fcyclomatic-complexity -MMD -MP -MF"Drivers/STM32F4xx_HAL_Driver/Src/stm32f4xx_hal_exti.d" -MT"Drivers/STM32F4xx_HAL_Driver/Src/stm32f4xx_hal_exti.o" --specs=nano.specs -mfpu=fpv4-sp-d16 -mfloat-abi=hard -mthumb -o "Drivers/STM32F4xx_HAL_Driver/Src/stm32f4xx_hal_exti.o"
arm-none-eabi-gcc "../Drivers/STM32F4xx_HAL_Driver/Src/stm32f4xx_hal_flash.c" -mcpu=cortex-m4 -std=gnu11 -g3 -DDEBUG -DUSE_HAL_DRIVER -DSTM32F411xE -c -I../Core/Inc -I../Drivers/STM32F4xx_HAL_Driver/Inc -I../Drivers/STM32F4xx_HAL_Driver/Inc/Legacy -I../Drivers/CMSIS/Device/ST/STM32F4xx/Include -I../Drivers/CMSIS/Include -O0 -ffunction-sections -fdata-sections -Wall -fstack-usage -fcyclomatic-complexity -MMD -MP -MF"Drivers/STM32F4xx_HAL_Driver/Src/stm32f4xx_hal_flash.d" -MT"Drivers/STM32F4xx_HAL_Driver/Src/stm32f4xx_hal_flash.o" --specs=nano.specs -mfpu=fpv4-sp-d16 -mfloat-abi=hard -mthumb -o "Drivers/STM32F4xx_HAL_Driver/Src/stm32f4xx_hal_flash.o"
arm-none-eabi-gcc "../Drivers/STM32F4xx_HAL_Driver/Src/stm32f4xx_hal_flash_ex.c" -mcpu=cortex-m4 -std=gnu11 -g3 -DDEBUG -DUSE_HAL_DRIVER -DSTM32F411xE -c -I../Core/Inc -I../Drivers/STM32F4xx_HAL_Driver/Inc -I../Drivers/STM32F4xx_HAL_Driver/Inc/Legacy -I../Drivers/CMSIS/Device/ST/STM32F4xx/Include -I../Drivers/CMSIS/Include -O0 -ffunction-sections -fdata-sections -Wall -fstack-usage -fcyclomatic-complexity -MMD -MP -MF"Drivers/STM32F4xx_HAL_Driver/Src/stm32f4xx_hal_flash_ex.d" -MT"Drivers/STM32F4xx_HAL_Driver/Src/stm32f4xx_hal_flash_ex.o" --specs=nano.specs -mfpu=fpv4-sp-d16 -mfloat-abi=hard -mthumb -o "Drivers/STM32F4xx_HAL_Driver/Src/stm32f4xx_hal_flash_ex.o"
arm-none-eabi-gcc "../Drivers/STM32F4xx_HAL_Driver/Src/stm32f4xx_hal_flash_ramfunc.c" -mcpu=cortex-m4 -std=gnu11 -g3 -DDEBUG -DUSE_HAL_DRIVER -DSTM32F411xE -c -I../Core/Inc -I../Drivers/STM32F4xx_HAL_Driver/Inc -I../Drivers/STM32F4xx_HAL_Driver/Inc/Legacy -I../Drivers/CMSIS/Device/ST/STM32F4xx/Include -I../Drivers/CMSIS/Include -O0 -ffunction-sections -fdata-sections -Wall -fstack-usage -fcyclomatic-complexity -MMD -MP -MF"Drivers/STM32F4xx_HAL_Driver/Src/stm32f4xx_hal_flash_ramfunc.d" -MT"Drivers/STM32F4xx_HAL_Driver/Src/stm32f4xx_hal_flash_ramfunc.o" --specs=nano.specs -mfpu=fpv4-sp-d16 -mfloat-abi=hard -mthumb -o "Drivers/STM32F4xx_HAL_Driver/Src/stm32f4xx_hal_flash_ramfunc.o"
arm-none-eabi-gcc "../Drivers/STM32F4xx_HAL_Driver/Src/stm32f4xx_hal_gpio.c" -mcpu=cortex-m4 -std=gnu11 -g3 -DDEBUG -DUSE_HAL_DRIVER -DSTM32F411xE -c -I../Core/Inc -I../Drivers/STM32F4xx_HAL_Driver/Inc -I../Drivers/STM32F4xx_HAL_Driver/Inc/Legacy -I../Drivers/CMSIS/Device/ST/STM32F4xx/Include -I../Drivers/CMSIS/Include -O0 -ffunction-sections -fdata-sections -Wall -fstack-usage -fcyclomatic-complexity -MMD -MP -MF"Drivers/STM32F4xx_HAL_Driver/Src/stm32f4xx_hal_gpio.d" -MT"Drivers/STM32F4xx_HAL_Driver/Src/stm32f4xx_hal_gpio.o" --specs=nano.specs -mfpu=fpv4-sp-d16 -mfloat-abi=hard -mthumb -o "Drivers/STM32F4xx_HAL_Driver/Src/stm32f4xx_hal_gpio.o"
arm-none-eabi-gcc "../Drivers/STM32F4xx_HAL_Driver/Src/stm32f4xx_hal_pwr.c" -mcpu=cortex-m4 -std=gnu11 -g3 -DDEBUG -DUSE_HAL_DRIVER -DSTM32F411xE -c -I../Core/Inc -I../Drivers/STM32F4xx_HAL_Driver/Inc -I../Drivers/STM32F4xx_HAL_Driver/Inc/Legacy -I../Drivers/CMSIS/Device/ST/STM32F4xx/Include -I../Drivers/CMSIS/Include -O0 -ffunction-sections -fdata-sections -Wall -fstack-usage -fcyclomatic-complexity -MMD -MP -MF"Drivers/STM32F4xx_HAL_Driver/Src/stm32f4xx_hal_pwr.d" -MT"Drivers/STM32F4xx_HAL_Driver/Src/stm32f4xx_hal_pwr.o" --specs=nano.specs -mfpu=fpv4-sp-d16 -mfloat-abi=hard -mthumb -o "Drivers/STM32F4xx_HAL_Driver/Src/stm32f4xx_hal_pwr.o"
arm-none-eabi-gcc "../Drivers/STM32F4xx_HAL_Driver/Src/stm32f4xx_hal_pwr_ex.c" -mcpu=cortex-m4 -std=gnu11 -g3 -DDEBUG -DUSE_HAL_DRIVER -DSTM32F411xE -c -I../Core/Inc -I../Drivers/STM32F4xx_HAL_Driver/Inc -I../Drivers/STM32F4xx_HAL_Driver/Inc/Legacy -I../Drivers/CMSIS/Device/ST/STM32F4xx/Include -I../Drivers/CMSIS/Include -O0 -ffunction-sections -fdata-sections -Wall -fstack-usage -fcyclomatic-complexity -MMD -MP -MF"Drivers/STM32F4xx_HAL_Driver/Src/stm32f4xx_hal_pwr_ex.d" -MT"Drivers/STM32F4xx_HAL_Driver/Src/stm32f4xx_hal_pwr_ex.o" --specs=nano.specs -mfpu=fpv4-sp-d16 -mfloat-abi=hard -mthumb -o "Drivers/STM32F4xx_HAL_Driver/Src/stm32f4xx_hal_pwr_ex.o"
arm-none-eabi-gcc "../Drivers/STM32F4xx_HAL_Driver/Src/stm32f4xx_hal_rcc.c" -mcpu=cortex-m4 -std=gnu11 -g3 -DDEBUG -DUSE_HAL_DRIVER -DSTM32F411xE -c -I../Core/Inc -I../Drivers/STM32F4xx_HAL_Driver/Inc -I../Drivers/STM32F4xx_HAL_Driver/Inc/Legacy -I../Drivers/CMSIS/Device/ST/STM32F4xx/Include -I../Drivers/CMSIS/Include -O0 -ffunction-sections -fdata-sections -Wall -fstack-usage -fcyclomatic-complexity -MMD -MP -MF"Drivers/STM32F4xx_HAL_Driver/Src/stm32f4xx_hal_rcc.d" -MT"Drivers/STM32F4xx_HAL_Driver/Src/stm32f4xx_hal_rcc.o" --specs=nano.specs -mfpu=fpv4-sp-d16 -mfloat-abi=hard -mthumb -o "Drivers/STM32F4xx_HAL_Driver/Src/stm32f4xx_hal_rcc.o"
arm-none-eabi-gcc "../Drivers/STM32F4xx_HAL_Driver/Src/stm32f4xx_hal_rcc_ex.c" -mcpu=cortex-m4 -std=gnu11 -g3 -DDEBUG -DUSE_HAL_DRIVER -DSTM32F411xE -c -I../Core/Inc -I../Drivers/STM32F4xx_HAL_Driver/Inc -I../Drivers/STM32F4xx_HAL_Driver/Inc/Legacy -I../Drivers/CMSIS/Device/ST/STM32F4xx/Include -I../Drivers/CMSIS/Include -O0 -ffunction-sections -fdata-sections -Wall -fstack-usage -fcyclomatic-complexity -MMD -MP -MF"Drivers/STM32F4xx_HAL_Driver/Src/stm32f4xx_hal_rcc_ex.d" -MT"Drivers/STM32F4xx_HAL_Driver/Src/stm32f4xx_hal_rcc_ex.o" --specs=nano.specs -mfpu=fpv4-sp-d16 -mfloat-abi=hard -mthumb -o "Drivers/STM32F4xx_HAL_Driver/Src/stm32f4xx_hal_rcc_ex.o"
arm-none-eabi-gcc "../Drivers/STM32F4xx_HAL_Driver/Src/stm32f4xx_hal_spi.c" -mcpu=cortex-m4 -std=gnu11 -g3 -DDEBUG -DUSE_HAL_DRIVER -DSTM32F411xE -c -I../Core/Inc -I../Drivers/STM32F4xx_HAL_Driver/Inc -I../Drivers/STM32F4xx_HAL_Driver/Inc/Legacy -I../Drivers/CMSIS/Device/ST/STM32F4xx/Include -I../Drivers/CMSIS/Include -O0 -ffunction-sections -fdata-sections -Wall -fstack-usage -fcyclomatic-complexity -MMD -MP -MF"Drivers/STM32F4xx_HAL_Driver/Src/stm32f4xx_hal_spi.d" -MT"Drivers/STM32F4xx_HAL_Driver/Src/stm32f4xx_hal_spi.o" --specs=nano.specs -mfpu=fpv4-sp-d16 -mfloat-abi=hard -mthumb -o "Drivers/STM32F4xx_HAL_Driver/Src/stm32f4xx_hal_spi.o"
arm-none-eabi-gcc "../Drivers/STM32F4xx_HAL_Driver/Src/stm32f4xx_hal_tim.c" -mcpu=cortex-m4 -std=gnu11 -g3 -DDEBUG -DUSE_HAL_DRIVER -DSTM32F411xE -c -I../Core/Inc -I../Drivers/STM32F4xx_HAL_Driver/Inc -I../Drivers/STM32F4xx_HAL_Driver/Inc/Legacy -I../Drivers/CMSIS/Device/ST/STM32F4xx/Include -I../Drivers/CMSIS/Include -O0 -ffunction-sections -fdata-sections -Wall -fstack-usage -fcyclomatic-complexity -MMD -MP -MF"Drivers/STM32F4xx_HAL_Driver/Src/stm32f4xx_hal_tim.d" -MT"Drivers/STM32F4xx_HAL_Driver/Src/stm32f4xx_hal_tim.o" --specs=nano.specs -mfpu=fpv4-sp-d16 -mfloat-abi=hard -mthumb -o "Drivers/STM32F4xx_HAL_Driver/Src/stm32f4xx_hal_tim.o"
arm-none-eabi-gcc "../Drivers/STM32F4xx_HAL_Driver/Src/stm32f4xx_hal_tim_ex.c" -mcpu=cortex-m4 -std=gnu11 -g3 -DDEBUG -DUSE_HAL_DRIVER -DSTM32F411xE -c -I../Core/Inc -I../Drivers/STM32F4xx_HAL_Driver/Inc -I../Drivers/STM32F4xx_HAL_Driver/Inc/Legacy -I../Drivers/CMSIS/Device/ST/STM32F4xx/Include -I../Drivers/CMSIS/Include -O0 -ffunction-sections -fdata-sections -Wall -fstack-usage -fcyclomatic-complexity -MMD -MP -MF"Drivers/STM32F4xx_HAL_Driver/Src/stm32f4xx_hal_tim_ex.d" -MT"Drivers/STM32F4xx_HAL_Driver/Src/stm32f4xx_hal_tim_ex.o" --specs=nano.specs -mfpu=fpv4-sp-d16 -mfloat-abi=hard -mthumb -o "Drivers/STM32F4xx_HAL_Driver/Src/stm32f4xx_hal_tim_ex.o"
arm-none-eabi-gcc "../Drivers/STM32F4xx_HAL_Driver/Src/stm32f4xx_hal_uart.c" -mcpu=cortex-m4 -std=gnu11 -g3 -DDEBUG -DUSE_HAL_DRIVER -DSTM32F411xE -c -I../Core/Inc -I../Drivers/STM32F4xx_HAL_Driver/Inc -I../Drivers/STM32F4xx_HAL_Driver/Inc/Legacy -I../Drivers/CMSIS/Device/ST/STM32F4xx/Include -I../Drivers/CMSIS/Include -O0 -ffunction-sections -fdata-sections -Wall -fstack-usage -fcyclomatic-complexity -MMD -MP -MF"Drivers/STM32F4xx_HAL_Driver/Src/stm32f4xx_hal_uart.d" -MT"Drivers/STM32F4xx_HAL_Driver/Src/stm32f4xx_hal_uart.o" --specs=nano.specs -mfpu=fpv4-sp-d16 -mfloat-abi=hard -mthumb -o "Drivers/STM32F4xx_HAL_Driver/Src/stm32f4xx_hal_uart.o"
arm-none-eabi-gcc -mcpu=cortex-m4 -g3 -DDEBUG -c -x assembler-with-cpp -MMD -MP -MF"Core/Startup/startup_stm32f411retx.d" -MT"Core/Startup/startup_stm32f411retx.o" --specs=nano.specs -mfpu=fpv4-sp-d16 -mfloat-abi=hard -mthumb -o "Core/Startup/startup_stm32f411retx.o" "../Core/Startup/startup_stm32f411retx.s"
arm-none-eabi-gcc "../Core/Src/main.c" -mcpu=cortex-m4 -std=gnu11 -g3 -DDEBUG -DUSE_HAL_DRIVER -DSTM32F411xE -c -I../Core/Inc -I../Drivers/STM32F4xx_HAL_Driver/Inc -I../Drivers/STM32F4xx_HAL_Driver/Inc/Legacy -I../Drivers/CMSIS/Device/ST/STM32F4xx/Include -I../Drivers/CMSIS/Include -O0 -ffunction-sections -fdata-sections -Wall -fstack-usage -fcyclomatic-complexity -MMD -MP -MF"Core/Src/main.d" -MT"Core/Src/main.o" --specs=nano.specs -mfpu=fpv4-sp-d16 -mfloat-abi=hard -mthumb -o "Core/Src/main.o"
arm-none-eabi-gcc "../Core/Src/stm32f4xx_hal_msp.c" -mcpu=cortex-m4 -std=gnu11 -g3 -DDEBUG -DUSE_HAL_DRIVER -DSTM32F411xE -c -I../Core/Inc -I../Drivers/STM32F4xx_HAL_Driver/Inc -I../Drivers/STM32F4xx_HAL_Driver/Inc/Legacy -I../Drivers/CMSIS/Device/ST/STM32F4xx/Include -I../Drivers/CMSIS/Include -O0 -ffunction-sections -fdata-sections -Wall -fstack-usage -fcyclomatic-complexity -MMD -MP -MF"Core/Src/stm32f4xx_hal_msp.d" -MT"Core/Src/stm32f4xx_hal_msp.o" --specs=nano.specs -mfpu=fpv4-sp-d16 -mfloat-abi=hard -mthumb -o "Core/Src/stm32f4xx_hal_msp.o"
arm-none-eabi-gcc "../Core/Src/stm32f4xx_it.c" -mcpu=cortex-m4 -std=gnu11 -g3 -DDEBUG -DUSE_HAL_DRIVER -DSTM32F411xE -c -I../Core/Inc -I../Drivers/STM32F4xx_HAL_Driver/Inc -I../Drivers/STM32F4xx_HAL_Driver/Inc/Legacy -I../Drivers/CMSIS/Device/ST/STM32F4xx/Include -I../Drivers/CMSIS/Include -O0 -ffunction-sections -fdata-sections -Wall -fstack-usage -fcyclomatic-complexity -MMD -MP -MF"Core/Src/stm32f4xx_it.d" -MT"Core/Src/stm32f4xx_it.o" --specs=nano.specs -mfpu=fpv4-sp-d16 -mfloat-abi=hard -mthumb -o "Core/Src/stm32f4xx_it.o"
arm-none-eabi-gcc "../Core/Src/syscalls.c" -mcpu=cortex-m4 -std=gnu11 -g3 -DDEBUG -DUSE_HAL_DRIVER -DSTM32F411xE -c -I../Core/Inc -I../Drivers/STM32F4xx_HAL_Driver/Inc -I../Drivers/STM32F4xx_HAL_Driver/Inc/Legacy -I../Drivers/CMSIS/Device/ST/STM32F4xx/Include -I../Drivers/CMSIS/Include -O0 -ffunction-sections -fdata-sections -Wall -fstack-usage -fcyclomatic-complexity -MMD -MP -MF"Core/Src/syscalls.d" -MT"Core/Src/syscalls.o" --specs=nano.specs -mfpu=fpv4-sp-d16 -mfloat-abi=hard -mthumb -o "Core/Src/syscalls.o"
arm-none-eabi-gcc "../Core/Src/sysmem.c" -mcpu=cortex-m4 -std=gnu11 -g3 -DDEBUG -DUSE_HAL_DRIVER -DSTM32F411xE -c -I../Core/Inc -I../Drivers/STM32F4xx_HAL_Driver/Inc -I../Drivers/STM32F4xx_HAL_Driver/Inc/Legacy -I../Drivers/CMSIS/Device/ST/STM32F4xx/Include -I../Drivers/CMSIS/Include -O0 -ffunction-sections -fdata-sections -Wall -fstack-usage -fcyclomatic-complexity -MMD -MP -MF"Core/Src/sysmem.d" -MT"Core/Src/sysmem.o" --specs=nano.specs -mfpu=fpv4-sp-d16 -mfloat-abi=hard -mthumb -o "Core/Src/sysmem.o"
arm-none-eabi-gcc "../Core/Src/system_stm32f4xx.c" -mcpu=cortex-m4 -std=gnu11 -g3 -DDEBUG -DUSE_HAL_DRIVER -DSTM32F411xE -c -I../Core/Inc -I../Drivers/STM32F4xx_HAL_Driver/Inc -I../Drivers/STM32F4xx_HAL_Driver/Inc/Legacy -I../Drivers/CMSIS/Device/ST/STM32F4xx/Include -I../Drivers/CMSIS/Include -O0 -ffunction-sections -fdata-sections -Wall -fstack-usage -fcyclomatic-complexity -MMD -MP -MF"Core/Src/system_stm32f4xx.d" -MT"Core/Src/system_stm32f4xx.o" --specs=nano.specs -mfpu=fpv4-sp-d16 -mfloat-abi=hard -mthumb -o "Core/Src/system_stm32f4xx.o"
arm-none-eabi-gcc -o "spi_test.elf" @"objects.list"   -mcpu=cortex-m4 -T"D:\Documenti\GitHub\EFES_project\Nucleo_dir\spi_test\STM32F411RETX_FLASH.ld" --specs=nosys.specs -Wl,-Map="spi_test.map" -Wl,--gc-sections -static --specs=nano.specs -mfpu=fpv4-sp-d16 -mfloat-abi=hard -mthumb -Wl,--start-group -lc -lm -Wl,--end-group
Finished building target: spi_test.elf
 
arm-none-eabi-size  spi_test.elf 
arm-none-eabi-objdump -h -S spi_test.elf  > "spi_test.list"
   text	   data	    bss	    dec	    hex	filename
  14580	     92	   2060	  16732	   415c	spi_test.elf
Finished building: default.size.stdout
 
Finished building: spi_test.list
 
11:12:34 **** Incremental Build of configuration Debug for project EFES_PROJECT_ROVER ****
make -j12 all 
arm-none-eabi-gcc "../Core/Src/main.c" -mcpu=cortex-m4 -std=gnu11 -g3 -DDEBUG -DUSE_HAL_DRIVER -DSTM32F411xE -c -I../Core/Inc -I../Drivers/STM32F4xx_HAL_Driver/Inc -I../Drivers/STM32F4xx_HAL_Driver/Inc/Legacy -I../Drivers/CMSIS/Device/ST/STM32F4xx/Include -I../Drivers/CMSIS/Include -O0 -ffunction-sections -fdata-sections -Wall -fstack-usage -fcyclomatic-complexity -MMD -MP -MF"Core/Src/main.d" -MT"Core/Src/main.o" --specs=nano.specs -mfpu=fpv4-sp-d16 -mfloat-abi=hard -mthumb -o "Core/Src/main.o"
../Core/Src/main.c: In function 'main':
../Core/Src/main.c:158:58: error: 'uart_buf' undeclared (first use in this function); did you mean 'uart_buffer'?
  158 |                   HAL_UART_Transmit(&huart2, (uint8_t *) uart_buf, uart_buf_len, 100);
      |                                                          ^~~~~~~~
      |                                                          uart_buffer
../Core/Src/main.c:158:58: note: each undeclared identifier is reported only once for each function it appears in
../Core/Src/main.c:158:68: error: 'uart_buf_len' undeclared (first use in this function); did you mean 'uart_buffer'?
  158 |                   HAL_UART_Transmit(&huart2, (uint8_t *) uart_buf, uart_buf_len, 100);
      |                                                                    ^~~~~~~~~~~~
      |                                                                    uart_buffer
make: *** [Core/Src/subdir.mk:34: Core/Src/main.o] Error 1
"make -j12 all" terminated with exit code 2. Build might be incomplete.
11:12:35 **** Incremental Build of configuration Debug for project Memory_test ****
make -j12 all 
arm-none-eabi-size  Memory_test.elf 
   text	   data	    bss	    dec	    hex	filename
  15028	     92	   2060	  17180	   431c	Memory_test.elf
Finished building: default.size.stdout
 
11:12:36 **** Incremental Build of configuration Debug for project spi_test ****
make -j12 all 
arm-none-eabi-size  spi_test.elf 
   text	   data	    bss	    dec	    hex	filename
  14580	     92	   2060	  16732	   415c	spi_test.elf
Finished building: default.size.stdout
 
11:13:16 **** Incremental Build of configuration Debug for project EFES_PROJECT_ROVER ****
make -j12 all 
arm-none-eabi-gcc "../Core/Src/main.c" -mcpu=cortex-m4 -std=gnu11 -g3 -DDEBUG -DUSE_HAL_DRIVER -DSTM32F411xE -c -I../Core/Inc -I../Drivers/STM32F4xx_HAL_Driver/Inc -I../Drivers/STM32F4xx_HAL_Driver/Inc/Legacy -I../Drivers/CMSIS/Device/ST/STM32F4xx/Include -I../Drivers/CMSIS/Include -O0 -ffunction-sections -fdata-sections -Wall -fstack-usage -fcyclomatic-complexity -MMD -MP -MF"Core/Src/main.d" -MT"Core/Src/main.o" --specs=nano.specs -mfpu=fpv4-sp-d16 -mfloat-abi=hard -mthumb -o "Core/Src/main.o"
arm-none-eabi-gcc -o "EFES_PROJECT_ROVER.elf" @"objects.list"   -mcpu=cortex-m4 -T"D:\Documenti\GitHub\EFES_project\Nucleo_dir\EFES_PROJECT_ROVER\STM32F411RETX_FLASH.ld" --specs=nosys.specs -Wl,-Map="EFES_PROJECT_ROVER.map" -Wl,--gc-sections -static --specs=nano.specs -mfpu=fpv4-sp-d16 -mfloat-abi=hard -mthumb -Wl,--start-group -lc -lm -Wl,--end-group
Finished building target: EFES_PROJECT_ROVER.elf
 
arm-none-eabi-size  EFES_PROJECT_ROVER.elf 
arm-none-eabi-objdump -h -S EFES_PROJECT_ROVER.elf  > "EFES_PROJECT_ROVER.list"
   text	   data	    bss	    dec	    hex	filename
  15472	     92	   2148	  17712	   4530	EFES_PROJECT_ROVER.elf
Finished building: default.size.stdout
 
Finished building: EFES_PROJECT_ROVER.list
 
11:13:18 **** Incremental Build of configuration Debug for project Memory_test ****
make -j12 all 
arm-none-eabi-size  Memory_test.elf 
   text	   data	    bss	    dec	    hex	filename
  15028	     92	   2060	  17180	   431c	Memory_test.elf
Finished building: default.size.stdout
 
11:13:18 **** Incremental Build of configuration Debug for project spi_test ****
make -j12 all 
arm-none-eabi-size  spi_test.elf 
   text	   data	    bss	    dec	    hex	filename
  14580	     92	   2060	  16732	   415c	spi_test.elf
Finished building: default.size.stdout
 
12:01:11 **** Incremental Build of configuration Debug for project EFES_PROJECT_ROVER ****
make -j12 all 
arm-none-eabi-size  EFES_PROJECT_ROVER.elf 
   text	   data	    bss	    dec	    hex	filename
  15472	     92	   2148	  17712	   4530	EFES_PROJECT_ROVER.elf
Finished building: default.size.stdout
 
12:06:06 **** Incremental Build of configuration Debug for project EFES_PROJECT_ROVER ****
make -j12 all 
arm-none-eabi-size  EFES_PROJECT_ROVER.elf 
   text	   data	    bss	    dec	    hex	filename
  15472	     92	   2148	  17712	   4530	EFES_PROJECT_ROVER.elf
Finished building: default.size.stdout
 
12:06:07 **** Incremental Build of configuration Debug for project Memory_test ****
make -j12 all 
arm-none-eabi-size  Memory_test.elf 
   text	   data	    bss	    dec	    hex	filename
  15028	     92	   2060	  17180	   431c	Memory_test.elf
Finished building: default.size.stdout
 
12:06:07 **** Incremental Build of configuration Debug for project spi_test ****
make -j12 all 
arm-none-eabi-size  spi_test.elf 
   text	   data	    bss	    dec	    hex	filename
  14580	     92	   2060	  16732	   415c	spi_test.elf
Finished building: default.size.stdout
 
12:06:17 **** Incremental Build of configuration Debug for project spi_test ****
make -j12 all 
arm-none-eabi-size  spi_test.elf 
   text	   data	    bss	    dec	    hex	filename
  14580	     92	   2060	  16732	   415c	spi_test.elf
Finished building: default.size.stdout
 
12:23:58 **** Incremental Build of configuration Debug for project spi_test ****
make -j12 all 
arm-none-eabi-size  spi_test.elf 
   text	   data	    bss	    dec	    hex	filename
  14580	     92	   2060	  16732	   415c	spi_test.elf
Finished building: default.size.stdout
 
12:31:37 **** Incremental Build of configuration Debug for project spi_test ****
make -j12 all 
arm-none-eabi-gcc "../Core/Src/main.c" -mcpu=cortex-m4 -std=gnu11 -g3 -DDEBUG -DUSE_HAL_DRIVER -DSTM32F411xE -c -I../Core/Inc -I../Drivers/STM32F4xx_HAL_Driver/Inc -I../Drivers/STM32F4xx_HAL_Driver/Inc/Legacy -I../Drivers/CMSIS/Device/ST/STM32F4xx/Include -I../Drivers/CMSIS/Include -O0 -ffunction-sections -fdata-sections -Wall -fstack-usage -fcyclomatic-complexity -MMD -MP -MF"Core/Src/main.d" -MT"Core/Src/main.o" --specs=nano.specs -mfpu=fpv4-sp-d16 -mfloat-abi=hard -mthumb -o "Core/Src/main.o"
arm-none-eabi-gcc -o "spi_test.elf" @"objects.list"   -mcpu=cortex-m4 -T"D:\Documenti\GitHub\EFES_project\Nucleo_dir\spi_test\STM32F411RETX_FLASH.ld" --specs=nosys.specs -Wl,-Map="spi_test.map" -Wl,--gc-sections -static --specs=nano.specs -mfpu=fpv4-sp-d16 -mfloat-abi=hard -mthumb -Wl,--start-group -lc -lm -Wl,--end-group
Finished building target: spi_test.elf
 
arm-none-eabi-size  spi_test.elf 
arm-none-eabi-objdump -h -S spi_test.elf  > "spi_test.list"
   text	   data	    bss	    dec	    hex	filename
  14584	     92	   2060	  16736	   4160	spi_test.elf
Finished building: default.size.stdout
Finished building: spi_test.list
 
 
12:50:06 **** Incremental Build of configuration Debug for project EFES_PROJECT_ROVER ****
make -j12 all 
arm-none-eabi-size  EFES_PROJECT_ROVER.elf 
   text	   data	    bss	    dec	    hex	filename
  15472	     92	   2148	  17712	   4530	EFES_PROJECT_ROVER.elf
Finished building: default.size.stdout
 
13:04:00 **** Incremental Build of configuration Debug for project EFES_PROJECT_ROVER ****
make -j12 all 
arm-none-eabi-gcc "../Core/Src/main.c" -mcpu=cortex-m4 -std=gnu11 -g3 -DDEBUG -DUSE_HAL_DRIVER -DSTM32F411xE -c -I../Core/Inc -I../Drivers/STM32F4xx_HAL_Driver/Inc -I../Drivers/STM32F4xx_HAL_Driver/Inc/Legacy -I../Drivers/CMSIS/Device/ST/STM32F4xx/Include -I../Drivers/CMSIS/Include -O0 -ffunction-sections -fdata-sections -Wall -fstack-usage -fcyclomatic-complexity -MMD -MP -MF"Core/Src/main.d" -MT"Core/Src/main.o" --specs=nano.specs -mfpu=fpv4-sp-d16 -mfloat-abi=hard -mthumb -o "Core/Src/main.o"
arm-none-eabi-gcc -o "EFES_PROJECT_ROVER.elf" @"objects.list"   -mcpu=cortex-m4 -T"D:\Documenti\GitHub\EFES_project\Nucleo_dir\EFES_PROJECT_ROVER\STM32F411RETX_FLASH.ld" --specs=nosys.specs -Wl,-Map="EFES_PROJECT_ROVER.map" -Wl,--gc-sections -static --specs=nano.specs -mfpu=fpv4-sp-d16 -mfloat-abi=hard -mthumb -Wl,--start-group -lc -lm -Wl,--end-group
Finished building target: EFES_PROJECT_ROVER.elf
 
arm-none-eabi-size  EFES_PROJECT_ROVER.elf 
arm-none-eabi-objdump -h -S EFES_PROJECT_ROVER.elf  > "EFES_PROJECT_ROVER.list"
   text	   data	    bss	    dec	    hex	filename
  15472	     92	   2148	  17712	   4530	EFES_PROJECT_ROVER.elf
Finished building: default.size.stdout
 
Finished building: EFES_PROJECT_ROVER.list
 
13:04:04 **** Incremental Build of configuration Debug for project Memory_test ****
make -j12 all 
arm-none-eabi-size  Memory_test.elf 
   text	   data	    bss	    dec	    hex	filename
  15028	     92	   2060	  17180	   431c	Memory_test.elf
Finished building: default.size.stdout
 
13:04:04 **** Incremental Build of configuration Debug for project spi_test ****
make -j12 all 
arm-none-eabi-size  spi_test.elf 
   text	   data	    bss	    dec	    hex	filename
  14584	     92	   2060	  16736	   4160	spi_test.elf
Finished building: default.size.stdout
 
13:04:18 **** Incremental Build of configuration Debug for project EFES_PROJECT_ROVER ****
make -j12 all 
arm-none-eabi-size  EFES_PROJECT_ROVER.elf 
   text	   data	    bss	    dec	    hex	filename
  15472	     92	   2148	  17712	   4530	EFES_PROJECT_ROVER.elf
Finished building: default.size.stdout
 
13:12:28 **** Incremental Build of configuration Debug for project EFES_PROJECT_ROVER ****
make -j12 all 
arm-none-eabi-gcc "../Core/Src/main.c" -mcpu=cortex-m4 -std=gnu11 -g3 -DDEBUG -DUSE_HAL_DRIVER -DSTM32F411xE -c -I../Core/Inc -I../Drivers/STM32F4xx_HAL_Driver/Inc -I../Drivers/STM32F4xx_HAL_Driver/Inc/Legacy -I../Drivers/CMSIS/Device/ST/STM32F4xx/Include -I../Drivers/CMSIS/Include -O0 -ffunction-sections -fdata-sections -Wall -fstack-usage -fcyclomatic-complexity -MMD -MP -MF"Core/Src/main.d" -MT"Core/Src/main.o" --specs=nano.specs -mfpu=fpv4-sp-d16 -mfloat-abi=hard -mthumb -o "Core/Src/main.o"
../Core/Src/main.c: In function 'main':
../Core/Src/main.c:90:17: warning: unused variable 'spi_buf' [-Wunused-variable]
   90 |         uint8_t spi_buf;
      |                 ^~~~~~~
../Core/Src/main.c:185:58: warning: 'blank' may be used uninitialized [-Wmaybe-uninitialized]
  185 |                           write_buffer = write_buffer | ((uint64_t) blank) << 32;
      |                                                         ~^~~~~~~~~~~~~~~~~
../Core/Src/main.c:93:18: note: 'blank' was declared here
   93 |         uint16_t blank;
      |                  ^~~~~
arm-none-eabi-gcc -o "EFES_PROJECT_ROVER.elf" @"objects.list"   -mcpu=cortex-m4 -T"D:\Documenti\GitHub\EFES_project\Nucleo_dir\EFES_PROJECT_ROVER\STM32F411RETX_FLASH.ld" --specs=nosys.specs -Wl,-Map="EFES_PROJECT_ROVER.map" -Wl,--gc-sections -static --specs=nano.specs -mfpu=fpv4-sp-d16 -mfloat-abi=hard -mthumb -Wl,--start-group -lc -lm -Wl,--end-group
Finished building target: EFES_PROJECT_ROVER.elf
 
arm-none-eabi-size  EFES_PROJECT_ROVER.elf 
arm-none-eabi-objdump -h -S EFES_PROJECT_ROVER.elf  > "EFES_PROJECT_ROVER.list"
   text	   data	    bss	    dec	    hex	filename
  15320	     92	   2148	  17560	   4498	EFES_PROJECT_ROVER.elf
Finished building: default.size.stdout
 
Finished building: EFES_PROJECT_ROVER.list
 
13:12:31 **** Incremental Build of configuration Debug for project Memory_test ****
make -j12 all 
arm-none-eabi-size  Memory_test.elf 
   text	   data	    bss	    dec	    hex	filename
  15028	     92	   2060	  17180	   431c	Memory_test.elf
Finished building: default.size.stdout
 
13:12:31 **** Incremental Build of configuration Debug for project spi_test ****
make -j12 all 
arm-none-eabi-size  spi_test.elf 
   text	   data	    bss	    dec	    hex	filename
  14584	     92	   2060	  16736	   4160	spi_test.elf
Finished building: default.size.stdout
 
13:14:15 **** Incremental Build of configuration Debug for project EFES_PROJECT_ROVER ****
make -j12 all 
arm-none-eabi-gcc "../Core/Src/main.c" -mcpu=cortex-m4 -std=gnu11 -g3 -DDEBUG -DUSE_HAL_DRIVER -DSTM32F411xE -c -I../Core/Inc -I../Drivers/STM32F4xx_HAL_Driver/Inc -I../Drivers/STM32F4xx_HAL_Driver/Inc/Legacy -I../Drivers/CMSIS/Device/ST/STM32F4xx/Include -I../Drivers/CMSIS/Include -O0 -ffunction-sections -fdata-sections -Wall -fstack-usage -fcyclomatic-complexity -MMD -MP -MF"Core/Src/main.d" -MT"Core/Src/main.o" --specs=nano.specs -mfpu=fpv4-sp-d16 -mfloat-abi=hard -mthumb -o "Core/Src/main.o"
../Core/Src/main.c: In function 'main':
../Core/Src/main.c:138:43: warning: cast to pointer from integer of different size [-Wint-to-pointer-cast]
  138 |                   HAL_SPI_Receive(&hspi3, (uint8_t*)spi_buf, 1, 100);
      |                                           ^
../Core/Src/main.c:138:19: warning: 'spi_buf' is used uninitialized [-Wuninitialized]
  138 |                   HAL_SPI_Receive(&hspi3, (uint8_t*)spi_buf, 1, 100);
      |                   ^~~~~~~~~~~~~~~~~~~~~~~~~~~~~~~~~~~~~~~~~~~~~~~~~~
../Core/Src/main.c:90:17: note: 'spi_buf' was declared here
   90 |         uint8_t spi_buf;
      |                 ^~~~~~~
arm-none-eabi-gcc -o "EFES_PROJECT_ROVER.elf" @"objects.list"   -mcpu=cortex-m4 -T"D:\Documenti\GitHub\EFES_project\Nucleo_dir\EFES_PROJECT_ROVER\STM32F411RETX_FLASH.ld" --specs=nosys.specs -Wl,-Map="EFES_PROJECT_ROVER.map" -Wl,--gc-sections -static --specs=nano.specs -mfpu=fpv4-sp-d16 -mfloat-abi=hard -mthumb -Wl,--start-group -lc -lm -Wl,--end-group
Finished building target: EFES_PROJECT_ROVER.elf
 
arm-none-eabi-size  EFES_PROJECT_ROVER.elf 
arm-none-eabi-objdump -h -S EFES_PROJECT_ROVER.elf  > "EFES_PROJECT_ROVER.list"
   text	   data	    bss	    dec	    hex	filename
  15472	     92	   2148	  17712	   4530	EFES_PROJECT_ROVER.elf
Finished building: default.size.stdout
 
Finished building: EFES_PROJECT_ROVER.list
 
13:14:16 **** Incremental Build of configuration Debug for project Memory_test ****
make -j12 all 
arm-none-eabi-size  Memory_test.elf 
   text	   data	    bss	    dec	    hex	filename
  15028	     92	   2060	  17180	   431c	Memory_test.elf
Finished building: default.size.stdout
 
13:14:17 **** Incremental Build of configuration Debug for project spi_test ****
make -j12 all 
arm-none-eabi-size  spi_test.elf 
   text	   data	    bss	    dec	    hex	filename
  14584	     92	   2060	  16736	   4160	spi_test.elf
Finished building: default.size.stdout
 
13:14:51 **** Incremental Build of configuration Debug for project EFES_PROJECT_ROVER ****
make -j12 all 
arm-none-eabi-gcc "../Core/Src/main.c" -mcpu=cortex-m4 -std=gnu11 -g3 -DDEBUG -DUSE_HAL_DRIVER -DSTM32F411xE -c -I../Core/Inc -I../Drivers/STM32F4xx_HAL_Driver/Inc -I../Drivers/STM32F4xx_HAL_Driver/Inc/Legacy -I../Drivers/CMSIS/Device/ST/STM32F4xx/Include -I../Drivers/CMSIS/Include -O0 -ffunction-sections -fdata-sections -Wall -fstack-usage -fcyclomatic-complexity -MMD -MP -MF"Core/Src/main.d" -MT"Core/Src/main.o" --specs=nano.specs -mfpu=fpv4-sp-d16 -mfloat-abi=hard -mthumb -o "Core/Src/main.o"
../Core/Src/main.c: In function 'main':
../Core/Src/main.c:138:43: warning: cast to pointer from integer of different size [-Wint-to-pointer-cast]
  138 |                   HAL_SPI_Receive(&hspi3, (uint8_t*)spi_buf, 1, 100);
      |                                           ^
arm-none-eabi-gcc -o "EFES_PROJECT_ROVER.elf" @"objects.list"   -mcpu=cortex-m4 -T"D:\Documenti\GitHub\EFES_project\Nucleo_dir\EFES_PROJECT_ROVER\STM32F411RETX_FLASH.ld" --specs=nosys.specs -Wl,-Map="EFES_PROJECT_ROVER.map" -Wl,--gc-sections -static --specs=nano.specs -mfpu=fpv4-sp-d16 -mfloat-abi=hard -mthumb -Wl,--start-group -lc -lm -Wl,--end-group
Finished building target: EFES_PROJECT_ROVER.elf
 
arm-none-eabi-size  EFES_PROJECT_ROVER.elf 
arm-none-eabi-objdump -h -S EFES_PROJECT_ROVER.elf  > "EFES_PROJECT_ROVER.list"
   text	   data	    bss	    dec	    hex	filename
  15480	     92	   2148	  17720	   4538	EFES_PROJECT_ROVER.elf
Finished building: default.size.stdout
 
Finished building: EFES_PROJECT_ROVER.list
 
13:14:51 **** Incremental Build of configuration Debug for project Memory_test ****
make -j12 all 
arm-none-eabi-size  Memory_test.elf 
   text	   data	    bss	    dec	    hex	filename
  15028	     92	   2060	  17180	   431c	Memory_test.elf
Finished building: default.size.stdout
 
13:14:52 **** Incremental Build of configuration Debug for project spi_test ****
make -j12 all 
arm-none-eabi-size  spi_test.elf 
   text	   data	    bss	    dec	    hex	filename
  14584	     92	   2060	  16736	   4160	spi_test.elf
Finished building: default.size.stdout
 
13:15:34 **** Incremental Build of configuration Debug for project EFES_PROJECT_ROVER ****
make -j12 all 
arm-none-eabi-gcc "../Core/Src/main.c" -mcpu=cortex-m4 -std=gnu11 -g3 -DDEBUG -DUSE_HAL_DRIVER -DSTM32F411xE -c -I../Core/Inc -I../Drivers/STM32F4xx_HAL_Driver/Inc -I../Drivers/STM32F4xx_HAL_Driver/Inc/Legacy -I../Drivers/CMSIS/Device/ST/STM32F4xx/Include -I../Drivers/CMSIS/Include -O0 -ffunction-sections -fdata-sections -Wall -fstack-usage -fcyclomatic-complexity -MMD -MP -MF"Core/Src/main.d" -MT"Core/Src/main.o" --specs=nano.specs -mfpu=fpv4-sp-d16 -mfloat-abi=hard -mthumb -o "Core/Src/main.o"
arm-none-eabi-gcc -o "EFES_PROJECT_ROVER.elf" @"objects.list"   -mcpu=cortex-m4 -T"D:\Documenti\GitHub\EFES_project\Nucleo_dir\EFES_PROJECT_ROVER\STM32F411RETX_FLASH.ld" --specs=nosys.specs -Wl,-Map="EFES_PROJECT_ROVER.map" -Wl,--gc-sections -static --specs=nano.specs -mfpu=fpv4-sp-d16 -mfloat-abi=hard -mthumb -Wl,--start-group -lc -lm -Wl,--end-group
Finished building target: EFES_PROJECT_ROVER.elf
 
arm-none-eabi-size  EFES_PROJECT_ROVER.elf 
arm-none-eabi-objdump -h -S EFES_PROJECT_ROVER.elf  > "EFES_PROJECT_ROVER.list"
   text	   data	    bss	    dec	    hex	filename
  15476	     92	   2148	  17716	   4534	EFES_PROJECT_ROVER.elf
Finished building: default.size.stdout
 
Finished building: EFES_PROJECT_ROVER.list
 
13:15:34 **** Incremental Build of configuration Debug for project Memory_test ****
make -j12 all 
arm-none-eabi-size  Memory_test.elf 
   text	   data	    bss	    dec	    hex	filename
  15028	     92	   2060	  17180	   431c	Memory_test.elf
Finished building: default.size.stdout
 
13:15:35 **** Incremental Build of configuration Debug for project spi_test ****
make -j12 all 
arm-none-eabi-size  spi_test.elf 
   text	   data	    bss	    dec	    hex	filename
  14584	     92	   2060	  16736	   4160	spi_test.elf
Finished building: default.size.stdout
 
13:15:50 **** Incremental Build of configuration Debug for project EFES_PROJECT_ROVER ****
make -j12 all 
arm-none-eabi-size  EFES_PROJECT_ROVER.elf 
   text	   data	    bss	    dec	    hex	filename
  15476	     92	   2148	  17716	   4534	EFES_PROJECT_ROVER.elf
Finished building: default.size.stdout
 
13:19:48 **** Incremental Build of configuration Debug for project EFES_PROJECT_ROVER ****
make -j12 all 
arm-none-eabi-gcc "../Core/Src/main.c" -mcpu=cortex-m4 -std=gnu11 -g3 -DDEBUG -DUSE_HAL_DRIVER -DSTM32F411xE -c -I../Core/Inc -I../Drivers/STM32F4xx_HAL_Driver/Inc -I../Drivers/STM32F4xx_HAL_Driver/Inc/Legacy -I../Drivers/CMSIS/Device/ST/STM32F4xx/Include -I../Drivers/CMSIS/Include -O0 -ffunction-sections -fdata-sections -Wall -fstack-usage -fcyclomatic-complexity -MMD -MP -MF"Core/Src/main.d" -MT"Core/Src/main.o" --specs=nano.specs -mfpu=fpv4-sp-d16 -mfloat-abi=hard -mthumb -o "Core/Src/main.o"
arm-none-eabi-gcc -o "EFES_PROJECT_ROVER.elf" @"objects.list"   -mcpu=cortex-m4 -T"D:\Documenti\GitHub\EFES_project\Nucleo_dir\EFES_PROJECT_ROVER\STM32F411RETX_FLASH.ld" --specs=nosys.specs -Wl,-Map="EFES_PROJECT_ROVER.map" -Wl,--gc-sections -static --specs=nano.specs -mfpu=fpv4-sp-d16 -mfloat-abi=hard -mthumb -Wl,--start-group -lc -lm -Wl,--end-group
Finished building target: EFES_PROJECT_ROVER.elf
 
arm-none-eabi-size  EFES_PROJECT_ROVER.elf 
arm-none-eabi-objdump -h -S EFES_PROJECT_ROVER.elf  > "EFES_PROJECT_ROVER.list"
   text	   data	    bss	    dec	    hex	filename
  15476	     92	   2148	  17716	   4534	EFES_PROJECT_ROVER.elf
Finished building: default.size.stdout
 
Finished building: EFES_PROJECT_ROVER.list
 
13:19:51 **** Incremental Build of configuration Debug for project Memory_test ****
make -j12 all 
arm-none-eabi-size  Memory_test.elf 
   text	   data	    bss	    dec	    hex	filename
  15028	     92	   2060	  17180	   431c	Memory_test.elf
Finished building: default.size.stdout
 
13:19:51 **** Incremental Build of configuration Debug for project spi_test ****
make -j12 all 
arm-none-eabi-size  spi_test.elf 
   text	   data	    bss	    dec	    hex	filename
  14584	     92	   2060	  16736	   4160	spi_test.elf
Finished building: default.size.stdout
 
13:19:54 **** Incremental Build of configuration Debug for project EFES_PROJECT_ROVER ****
make -j12 all 
arm-none-eabi-size  EFES_PROJECT_ROVER.elf 
   text	   data	    bss	    dec	    hex	filename
  15476	     92	   2148	  17716	   4534	EFES_PROJECT_ROVER.elf
Finished building: default.size.stdout
 
13:23:22 **** Incremental Build of configuration Debug for project EFES_PROJECT_ROVER ****
make -j12 all 
arm-none-eabi-size  EFES_PROJECT_ROVER.elf 
   text	   data	    bss	    dec	    hex	filename
  15476	     92	   2148	  17716	   4534	EFES_PROJECT_ROVER.elf
Finished building: default.size.stdout
 
13:23:23 **** Incremental Build of configuration Debug for project Memory_test ****
make -j12 all 
arm-none-eabi-size  Memory_test.elf 
   text	   data	    bss	    dec	    hex	filename
  15028	     92	   2060	  17180	   431c	Memory_test.elf
Finished building: default.size.stdout
 
13:23:23 **** Incremental Build of configuration Debug for project spi_test ****
make -j12 all 
arm-none-eabi-size  spi_test.elf 
   text	   data	    bss	    dec	    hex	filename
  14584	     92	   2060	  16736	   4160	spi_test.elf
Finished building: default.size.stdout
 
13:23:30 **** Incremental Build of configuration Debug for project Memory_test ****
make -j12 all 
arm-none-eabi-size  Memory_test.elf 
   text	   data	    bss	    dec	    hex	filename
  15028	     92	   2060	  17180	   431c	Memory_test.elf
Finished building: default.size.stdout
 
13:27:59 **** Incremental Build of configuration Debug for project EFES_PROJECT_ROVER ****
make -j12 all 
arm-none-eabi-size  EFES_PROJECT_ROVER.elf 
   text	   data	    bss	    dec	    hex	filename
  15476	     92	   2148	  17716	   4534	EFES_PROJECT_ROVER.elf
Finished building: default.size.stdout
 
13:28:00 **** Incremental Build of configuration Debug for project Memory_test ****
make -j12 all 
arm-none-eabi-gcc "../Core/Src/main.c" -mcpu=cortex-m4 -std=gnu11 -g3 -DDEBUG -DUSE_HAL_DRIVER -DSTM32F411xE -c -I../Core/Inc -I../Drivers/STM32F4xx_HAL_Driver/Inc -I../Drivers/STM32F4xx_HAL_Driver/Inc/Legacy -I../Drivers/CMSIS/Device/ST/STM32F4xx/Include -I../Drivers/CMSIS/Include -O0 -ffunction-sections -fdata-sections -Wall -fstack-usage -fcyclomatic-complexity -MMD -MP -MF"Core/Src/main.d" -MT"Core/Src/main.o" --specs=nano.specs -mfpu=fpv4-sp-d16 -mfloat-abi=hard -mthumb -o "Core/Src/main.o"
../Core/Src/main.c: In function 'main':
../Core/Src/main.c:85:27: warning: variable 'returnStatus' set but not used [-Wunused-but-set-variable]
   85 |         HAL_StatusTypeDef returnStatus;
      |                           ^~~~~~~~~~~~
arm-none-eabi-gcc -o "Memory_test.elf" @"objects.list"   -mcpu=cortex-m4 -T"D:\Documenti\GitHub\EFES_project\Nucleo_dir\Memory_test\STM32F411RETX_FLASH.ld" --specs=nosys.specs -Wl,-Map="Memory_test.map" -Wl,--gc-sections -static --specs=nano.specs -mfpu=fpv4-sp-d16 -mfloat-abi=hard -mthumb -Wl,--start-group -lc -lm -Wl,--end-group
Finished building target: Memory_test.elf
 
arm-none-eabi-size  Memory_test.elf 
arm-none-eabi-objdump -h -S Memory_test.elf  > "Memory_test.list"
   text	   data	    bss	    dec	    hex	filename
  15164	     92	   2060	  17316	   43a4	Memory_test.elf
Finished building: default.size.stdout
 
Finished building: Memory_test.list
 
13:28:02 **** Incremental Build of configuration Debug for project spi_test ****
make -j12 all 
arm-none-eabi-size  spi_test.elf 
   text	   data	    bss	    dec	    hex	filename
  14584	     92	   2060	  16736	   4160	spi_test.elf
Finished building: default.size.stdout
 
13:28:05 **** Incremental Build of configuration Debug for project Memory_test ****
make -j12 all 
arm-none-eabi-size  Memory_test.elf 
   text	   data	    bss	    dec	    hex	filename
  15164	     92	   2060	  17316	   43a4	Memory_test.elf
Finished building: default.size.stdout
 
13:31:16 **** Incremental Build of configuration Debug for project Memory_test ****
make -j12 all 
arm-none-eabi-size  Memory_test.elf 
   text	   data	    bss	    dec	    hex	filename
  15164	     92	   2060	  17316	   43a4	Memory_test.elf
Finished building: default.size.stdout
 
13:33:24 **** Incremental Build of configuration Debug for project Memory_test ****
make -j12 all 
arm-none-eabi-gcc "../Core/Src/main.c" -mcpu=cortex-m4 -std=gnu11 -g3 -DDEBUG -DUSE_HAL_DRIVER -DSTM32F411xE -c -I../Core/Inc -I../Drivers/STM32F4xx_HAL_Driver/Inc -I../Drivers/STM32F4xx_HAL_Driver/Inc/Legacy -I../Drivers/CMSIS/Device/ST/STM32F4xx/Include -I../Drivers/CMSIS/Include -O0 -ffunction-sections -fdata-sections -Wall -fstack-usage -fcyclomatic-complexity -MMD -MP -MF"Core/Src/main.d" -MT"Core/Src/main.o" --specs=nano.specs -mfpu=fpv4-sp-d16 -mfloat-abi=hard -mthumb -o "Core/Src/main.o"
../Core/Src/main.c: In function 'main':
../Core/Src/main.c:85:27: warning: variable 'returnStatus' set but not used [-Wunused-but-set-variable]
   85 |         HAL_StatusTypeDef returnStatus;
      |                           ^~~~~~~~~~~~
arm-none-eabi-gcc -o "Memory_test.elf" @"objects.list"   -mcpu=cortex-m4 -T"D:\Documenti\GitHub\EFES_project\Nucleo_dir\Memory_test\STM32F411RETX_FLASH.ld" --specs=nosys.specs -Wl,-Map="Memory_test.map" -Wl,--gc-sections -static --specs=nano.specs -mfpu=fpv4-sp-d16 -mfloat-abi=hard -mthumb -Wl,--start-group -lc -lm -Wl,--end-group
Finished building target: Memory_test.elf
 
arm-none-eabi-size  Memory_test.elf 
arm-none-eabi-objdump -h -S Memory_test.elf  > "Memory_test.list"
   text	   data	    bss	    dec	    hex	filename
  15164	     92	   2060	  17316	   43a4	Memory_test.elf
Finished building: default.size.stdout
 
Finished building: Memory_test.list
 
13:33:59 **** Incremental Build of configuration Debug for project Memory_test ****
make -j12 all 
arm-none-eabi-size  Memory_test.elf 
   text	   data	    bss	    dec	    hex	filename
  15164	     92	   2060	  17316	   43a4	Memory_test.elf
Finished building: default.size.stdout
 
13:40:16 **** Incremental Build of configuration Debug for project EFES_PROJECT_ROVER ****
make -j12 all 
arm-none-eabi-size  EFES_PROJECT_ROVER.elf 
   text	   data	    bss	    dec	    hex	filename
  15476	     92	   2148	  17716	   4534	EFES_PROJECT_ROVER.elf
Finished building: default.size.stdout
 
13:40:17 **** Incremental Build of configuration Debug for project Memory_test ****
make -j12 all 
arm-none-eabi-gcc "../Core/Src/main.c" -mcpu=cortex-m4 -std=gnu11 -g3 -DDEBUG -DUSE_HAL_DRIVER -DSTM32F411xE -c -I../Core/Inc -I../Drivers/STM32F4xx_HAL_Driver/Inc -I../Drivers/STM32F4xx_HAL_Driver/Inc/Legacy -I../Drivers/CMSIS/Device/ST/STM32F4xx/Include -I../Drivers/CMSIS/Include -O0 -ffunction-sections -fdata-sections -Wall -fstack-usage -fcyclomatic-complexity -MMD -MP -MF"Core/Src/main.d" -MT"Core/Src/main.o" --specs=nano.specs -mfpu=fpv4-sp-d16 -mfloat-abi=hard -mthumb -o "Core/Src/main.o"
../Core/Src/main.c: In function 'main':
../Core/Src/main.c:85:27: warning: variable 'returnStatus' set but not used [-Wunused-but-set-variable]
   85 |         HAL_StatusTypeDef returnStatus;
      |                           ^~~~~~~~~~~~
arm-none-eabi-gcc -o "Memory_test.elf" @"objects.list"   -mcpu=cortex-m4 -T"D:\Documenti\GitHub\EFES_project\Nucleo_dir\Memory_test\STM32F411RETX_FLASH.ld" --specs=nosys.specs -Wl,-Map="Memory_test.map" -Wl,--gc-sections -static --specs=nano.specs -mfpu=fpv4-sp-d16 -mfloat-abi=hard -mthumb -Wl,--start-group -lc -lm -Wl,--end-group
Finished building target: Memory_test.elf
 
arm-none-eabi-size  Memory_test.elf 
arm-none-eabi-objdump -h -S Memory_test.elf  > "Memory_test.list"
   text	   data	    bss	    dec	    hex	filename
  15244	     92	   2060	  17396	   43f4	Memory_test.elf
Finished building: default.size.stdout
 
Finished building: Memory_test.list
 
13:40:19 **** Incremental Build of configuration Debug for project spi_test ****
make -j12 all 
arm-none-eabi-size  spi_test.elf 
   text	   data	    bss	    dec	    hex	filename
  14584	     92	   2060	  16736	   4160	spi_test.elf
Finished building: default.size.stdout
 
13:40:32 **** Incremental Build of configuration Debug for project Memory_test ****
make -j12 all 
arm-none-eabi-size  Memory_test.elf 
   text	   data	    bss	    dec	    hex	filename
  15244	     92	   2060	  17396	   43f4	Memory_test.elf
Finished building: default.size.stdout
 
13:42:49 **** Incremental Build of configuration Debug for project Memory_test ****
make -j12 all 
arm-none-eabi-size  Memory_test.elf 
   text	   data	    bss	    dec	    hex	filename
  15244	     92	   2060	  17396	   43f4	Memory_test.elf
Finished building: default.size.stdout
 
13:45:15 **** Incremental Build of configuration Debug for project EFES_PROJECT_ROVER ****
make -j12 all 
arm-none-eabi-size  EFES_PROJECT_ROVER.elf 
   text	   data	    bss	    dec	    hex	filename
  15476	     92	   2148	  17716	   4534	EFES_PROJECT_ROVER.elf
Finished building: default.size.stdout
 
13:45:15 **** Incremental Build of configuration Debug for project Memory_test ****
make -j12 all 
arm-none-eabi-gcc "../Core/Src/main.c" -mcpu=cortex-m4 -std=gnu11 -g3 -DDEBUG -DUSE_HAL_DRIVER -DSTM32F411xE -c -I../Core/Inc -I../Drivers/STM32F4xx_HAL_Driver/Inc -I../Drivers/STM32F4xx_HAL_Driver/Inc/Legacy -I../Drivers/CMSIS/Device/ST/STM32F4xx/Include -I../Drivers/CMSIS/Include -O0 -ffunction-sections -fdata-sections -Wall -fstack-usage -fcyclomatic-complexity -MMD -MP -MF"Core/Src/main.d" -MT"Core/Src/main.o" --specs=nano.specs -mfpu=fpv4-sp-d16 -mfloat-abi=hard -mthumb -o "Core/Src/main.o"
../Core/Src/main.c: In function 'main':
../Core/Src/main.c:85:27: warning: variable 'returnStatus' set but not used [-Wunused-but-set-variable]
   85 |         HAL_StatusTypeDef returnStatus;
      |                           ^~~~~~~~~~~~
arm-none-eabi-gcc -o "Memory_test.elf" @"objects.list"   -mcpu=cortex-m4 -T"D:\Documenti\GitHub\EFES_project\Nucleo_dir\Memory_test\STM32F411RETX_FLASH.ld" --specs=nosys.specs -Wl,-Map="Memory_test.map" -Wl,--gc-sections -static --specs=nano.specs -mfpu=fpv4-sp-d16 -mfloat-abi=hard -mthumb -Wl,--start-group -lc -lm -Wl,--end-group
Finished building target: Memory_test.elf
 
arm-none-eabi-size  Memory_test.elf 
arm-none-eabi-objdump -h -S Memory_test.elf  > "Memory_test.list"
   text	   data	    bss	    dec	    hex	filename
  15108	     92	   2060	  17260	   436c	Memory_test.elf
Finished building: default.size.stdout
 
Finished building: Memory_test.list
 
13:45:18 **** Incremental Build of configuration Debug for project spi_test ****
make -j12 all 
arm-none-eabi-size  spi_test.elf 
   text	   data	    bss	    dec	    hex	filename
  14584	     92	   2060	  16736	   4160	spi_test.elf
Finished building: default.size.stdout
 
13:45:32 **** Incremental Build of configuration Debug for project Memory_test ****
make -j12 all 
arm-none-eabi-size  Memory_test.elf 
   text	   data	    bss	    dec	    hex	filename
  15108	     92	   2060	  17260	   436c	Memory_test.elf
Finished building: default.size.stdout
 
13:51:49 **** Incremental Build of configuration Debug for project EFES_PROJECT_ROVER ****
make -j12 all 
arm-none-eabi-size  EFES_PROJECT_ROVER.elf 
   text	   data	    bss	    dec	    hex	filename
  15476	     92	   2148	  17716	   4534	EFES_PROJECT_ROVER.elf
Finished building: default.size.stdout
 
13:51:50 **** Incremental Build of configuration Debug for project Memory_test ****
make -j12 all 
arm-none-eabi-gcc "../Core/Src/main.c" -mcpu=cortex-m4 -std=gnu11 -g3 -DDEBUG -DUSE_HAL_DRIVER -DSTM32F411xE -c -I../Core/Inc -I../Drivers/STM32F4xx_HAL_Driver/Inc -I../Drivers/STM32F4xx_HAL_Driver/Inc/Legacy -I../Drivers/CMSIS/Device/ST/STM32F4xx/Include -I../Drivers/CMSIS/Include -O0 -ffunction-sections -fdata-sections -Wall -fstack-usage -fcyclomatic-complexity -MMD -MP -MF"Core/Src/main.d" -MT"Core/Src/main.o" --specs=nano.specs -mfpu=fpv4-sp-d16 -mfloat-abi=hard -mthumb -o "Core/Src/main.o"
../Core/Src/main.c: In function 'main':
../Core/Src/main.c:85:27: warning: variable 'returnStatus' set but not used [-Wunused-but-set-variable]
   85 |         HAL_StatusTypeDef returnStatus;
      |                           ^~~~~~~~~~~~
arm-none-eabi-gcc -o "Memory_test.elf" @"objects.list"   -mcpu=cortex-m4 -T"D:\Documenti\GitHub\EFES_project\Nucleo_dir\Memory_test\STM32F411RETX_FLASH.ld" --specs=nosys.specs -Wl,-Map="Memory_test.map" -Wl,--gc-sections -static --specs=nano.specs -mfpu=fpv4-sp-d16 -mfloat-abi=hard -mthumb -Wl,--start-group -lc -lm -Wl,--end-group
Finished building target: Memory_test.elf
 
arm-none-eabi-size  Memory_test.elf 
arm-none-eabi-objdump -h -S Memory_test.elf  > "Memory_test.list"
   text	   data	    bss	    dec	    hex	filename
  15124	     92	   2060	  17276	   437c	Memory_test.elf
Finished building: default.size.stdout
 
Finished building: Memory_test.list
 
13:51:52 **** Incremental Build of configuration Debug for project spi_test ****
make -j12 all 
arm-none-eabi-size  spi_test.elf 
   text	   data	    bss	    dec	    hex	filename
  14584	     92	   2060	  16736	   4160	spi_test.elf
Finished building: default.size.stdout
 
13:52:54 **** Incremental Build of configuration Debug for project Memory_test ****
make -j12 all 
arm-none-eabi-gcc "../Core/Src/main.c" -mcpu=cortex-m4 -std=gnu11 -g3 -DDEBUG -DUSE_HAL_DRIVER -DSTM32F411xE -c -I../Core/Inc -I../Drivers/STM32F4xx_HAL_Driver/Inc -I../Drivers/STM32F4xx_HAL_Driver/Inc/Legacy -I../Drivers/CMSIS/Device/ST/STM32F4xx/Include -I../Drivers/CMSIS/Include -O0 -ffunction-sections -fdata-sections -Wall -fstack-usage -fcyclomatic-complexity -MMD -MP -MF"Core/Src/main.d" -MT"Core/Src/main.o" --specs=nano.specs -mfpu=fpv4-sp-d16 -mfloat-abi=hard -mthumb -o "Core/Src/main.o"
../Core/Src/main.c: In function 'main':
../Core/Src/main.c:85:27: warning: variable 'returnStatus' set but not used [-Wunused-but-set-variable]
   85 |         HAL_StatusTypeDef returnStatus;
      |                           ^~~~~~~~~~~~
arm-none-eabi-gcc -o "Memory_test.elf" @"objects.list"   -mcpu=cortex-m4 -T"D:\Documenti\GitHub\EFES_project\Nucleo_dir\Memory_test\STM32F411RETX_FLASH.ld" --specs=nosys.specs -Wl,-Map="Memory_test.map" -Wl,--gc-sections -static --specs=nano.specs -mfpu=fpv4-sp-d16 -mfloat-abi=hard -mthumb -Wl,--start-group -lc -lm -Wl,--end-group
Finished building target: Memory_test.elf
 
arm-none-eabi-size  Memory_test.elf 
arm-none-eabi-objdump -h -S Memory_test.elf  > "Memory_test.list"
   text	   data	    bss	    dec	    hex	filename
  15124	     92	   2060	  17276	   437c	Memory_test.elf
Finished building: default.size.stdout
 
Finished building: Memory_test.list
 
13:57:43 **** Incremental Build of configuration Debug for project EFES_PROJECT_ROVER ****
make -j12 all 
arm-none-eabi-size  EFES_PROJECT_ROVER.elf 
   text	   data	    bss	    dec	    hex	filename
  15476	     92	   2148	  17716	   4534	EFES_PROJECT_ROVER.elf
Finished building: default.size.stdout
 
13:57:44 **** Incremental Build of configuration Debug for project Memory_test ****
make -j12 all 
arm-none-eabi-gcc "../Core/Src/main.c" -mcpu=cortex-m4 -std=gnu11 -g3 -DDEBUG -DUSE_HAL_DRIVER -DSTM32F411xE -c -I../Core/Inc -I../Drivers/STM32F4xx_HAL_Driver/Inc -I../Drivers/STM32F4xx_HAL_Driver/Inc/Legacy -I../Drivers/CMSIS/Device/ST/STM32F4xx/Include -I../Drivers/CMSIS/Include -O0 -ffunction-sections -fdata-sections -Wall -fstack-usage -fcyclomatic-complexity -MMD -MP -MF"Core/Src/main.d" -MT"Core/Src/main.o" --specs=nano.specs -mfpu=fpv4-sp-d16 -mfloat-abi=hard -mthumb -o "Core/Src/main.o"
../Core/Src/main.c: In function 'main':
../Core/Src/main.c:121:3: error: expected expression before '/' token
  121 |   /
      |   ^
../Core/Src/main.c:135:84: error: subscripted value is neither array nor pointer nor vector
  135 |   uart_buffer_lenght = sprintf(uart_buffer, "status: %x\r\n", (unsigned int)spi_buf[0]);
      |                                                                                    ^
../Core/Src/main.c:85:27: warning: variable 'returnStatus' set but not used [-Wunused-but-set-variable]
   85 |         HAL_StatusTypeDef returnStatus;
      |                           ^~~~~~~~~~~~
make: *** [Core/Src/subdir.mk:34: Core/Src/main.o] Error 1
"make -j12 all" terminated with exit code 2. Build might be incomplete.
13:57:46 **** Incremental Build of configuration Debug for project spi_test ****
make -j12 all 
arm-none-eabi-size  spi_test.elf 
   text	   data	    bss	    dec	    hex	filename
  14584	     92	   2060	  16736	   4160	spi_test.elf
Finished building: default.size.stdout
 
13:58:09 **** Incremental Build of configuration Debug for project EFES_PROJECT_ROVER ****
make -j12 all 
arm-none-eabi-size  EFES_PROJECT_ROVER.elf 
   text	   data	    bss	    dec	    hex	filename
  15476	     92	   2148	  17716	   4534	EFES_PROJECT_ROVER.elf
Finished building: default.size.stdout
 
13:58:10 **** Incremental Build of configuration Debug for project Memory_test ****
make -j12 all 
arm-none-eabi-gcc "../Core/Src/main.c" -mcpu=cortex-m4 -std=gnu11 -g3 -DDEBUG -DUSE_HAL_DRIVER -DSTM32F411xE -c -I../Core/Inc -I../Drivers/STM32F4xx_HAL_Driver/Inc -I../Drivers/STM32F4xx_HAL_Driver/Inc/Legacy -I../Drivers/CMSIS/Device/ST/STM32F4xx/Include -I../Drivers/CMSIS/Include -O0 -ffunction-sections -fdata-sections -Wall -fstack-usage -fcyclomatic-complexity -MMD -MP -MF"Core/Src/main.d" -MT"Core/Src/main.o" --specs=nano.specs -mfpu=fpv4-sp-d16 -mfloat-abi=hard -mthumb -o "Core/Src/main.o"
../Core/Src/main.c: In function 'main':
../Core/Src/main.c:85:27: warning: variable 'returnStatus' set but not used [-Wunused-but-set-variable]
   85 |         HAL_StatusTypeDef returnStatus;
      |                           ^~~~~~~~~~~~
arm-none-eabi-gcc -o "Memory_test.elf" @"objects.list"   -mcpu=cortex-m4 -T"D:\Documenti\GitHub\EFES_project\Nucleo_dir\Memory_test\STM32F411RETX_FLASH.ld" --specs=nosys.specs -Wl,-Map="Memory_test.map" -Wl,--gc-sections -static --specs=nano.specs -mfpu=fpv4-sp-d16 -mfloat-abi=hard -mthumb -Wl,--start-group -lc -lm -Wl,--end-group
Finished building target: Memory_test.elf
 
arm-none-eabi-size  Memory_test.elf 
arm-none-eabi-objdump -h -S Memory_test.elf  > "Memory_test.list"
   text	   data	    bss	    dec	    hex	filename
  15084	     92	   2060	  17236	   4354	Memory_test.elf
Finished building: default.size.stdout
 
Finished building: Memory_test.list
 
13:58:11 **** Incremental Build of configuration Debug for project spi_test ****
make -j12 all 
arm-none-eabi-size  spi_test.elf 
   text	   data	    bss	    dec	    hex	filename
  14584	     92	   2060	  16736	   4160	spi_test.elf
Finished building: default.size.stdout
 
13:58:24 **** Incremental Build of configuration Debug for project Memory_test ****
make -j12 all 
arm-none-eabi-size  Memory_test.elf 
   text	   data	    bss	    dec	    hex	filename
  15084	     92	   2060	  17236	   4354	Memory_test.elf
Finished building: default.size.stdout
 
14:06:31 **** Incremental Build of configuration Debug for project Memory_test ****
make -j12 all 
arm-none-eabi-gcc "../Core/Src/main.c" -mcpu=cortex-m4 -std=gnu11 -g3 -DDEBUG -DUSE_HAL_DRIVER -DSTM32F411xE -c -I../Core/Inc -I../Drivers/STM32F4xx_HAL_Driver/Inc -I../Drivers/STM32F4xx_HAL_Driver/Inc/Legacy -I../Drivers/CMSIS/Device/ST/STM32F4xx/Include -I../Drivers/CMSIS/Include -O0 -ffunction-sections -fdata-sections -Wall -fstack-usage -fcyclomatic-complexity -MMD -MP -MF"Core/Src/main.d" -MT"Core/Src/main.o" --specs=nano.specs -mfpu=fpv4-sp-d16 -mfloat-abi=hard -mthumb -o "Core/Src/main.o"
../Core/Src/main.c: In function 'main':
../Core/Src/main.c:85:27: warning: variable 'returnStatus' set but not used [-Wunused-but-set-variable]
   85 |         HAL_StatusTypeDef returnStatus;
      |                           ^~~~~~~~~~~~
arm-none-eabi-gcc -o "Memory_test.elf" @"objects.list"   -mcpu=cortex-m4 -T"D:\Documenti\GitHub\EFES_project\Nucleo_dir\Memory_test\STM32F411RETX_FLASH.ld" --specs=nosys.specs -Wl,-Map="Memory_test.map" -Wl,--gc-sections -static --specs=nano.specs -mfpu=fpv4-sp-d16 -mfloat-abi=hard -mthumb -Wl,--start-group -lc -lm -Wl,--end-group
Finished building target: Memory_test.elf
 
arm-none-eabi-size  Memory_test.elf 
arm-none-eabi-objdump -h -S Memory_test.elf  > "Memory_test.list"
   text	   data	    bss	    dec	    hex	filename
  15152	     92	   2060	  17304	   4398	Memory_test.elf
Finished building: default.size.stdout
 
Finished building: Memory_test.list
 
14:08:51 **** Incremental Build of configuration Debug for project Memory_test ****
make -j12 all 
arm-none-eabi-gcc "../Core/Src/main.c" -mcpu=cortex-m4 -std=gnu11 -g3 -DDEBUG -DUSE_HAL_DRIVER -DSTM32F411xE -c -I../Core/Inc -I../Drivers/STM32F4xx_HAL_Driver/Inc -I../Drivers/STM32F4xx_HAL_Driver/Inc/Legacy -I../Drivers/CMSIS/Device/ST/STM32F4xx/Include -I../Drivers/CMSIS/Include -O0 -ffunction-sections -fdata-sections -Wall -fstack-usage -fcyclomatic-complexity -MMD -MP -MF"Core/Src/main.d" -MT"Core/Src/main.o" --specs=nano.specs -mfpu=fpv4-sp-d16 -mfloat-abi=hard -mthumb -o "Core/Src/main.o"
../Core/Src/main.c: In function 'main':
../Core/Src/main.c:85:27: warning: variable 'returnStatus' set but not used [-Wunused-but-set-variable]
   85 |         HAL_StatusTypeDef returnStatus;
      |                           ^~~~~~~~~~~~
arm-none-eabi-gcc -o "Memory_test.elf" @"objects.list"   -mcpu=cortex-m4 -T"D:\Documenti\GitHub\EFES_project\Nucleo_dir\Memory_test\STM32F411RETX_FLASH.ld" --specs=nosys.specs -Wl,-Map="Memory_test.map" -Wl,--gc-sections -static --specs=nano.specs -mfpu=fpv4-sp-d16 -mfloat-abi=hard -mthumb -Wl,--start-group -lc -lm -Wl,--end-group
Finished building target: Memory_test.elf
 
arm-none-eabi-size  Memory_test.elf 
arm-none-eabi-objdump -h -S Memory_test.elf  > "Memory_test.list"
   text	   data	    bss	    dec	    hex	filename
  15152	     92	   2060	  17304	   4398	Memory_test.elf
Finished building: default.size.stdout
 
Finished building: Memory_test.list
 
14:09:58 **** Incremental Build of configuration Debug for project Memory_test ****
make -j12 all 
arm-none-eabi-gcc "../Core/Src/main.c" -mcpu=cortex-m4 -std=gnu11 -g3 -DDEBUG -DUSE_HAL_DRIVER -DSTM32F411xE -c -I../Core/Inc -I../Drivers/STM32F4xx_HAL_Driver/Inc -I../Drivers/STM32F4xx_HAL_Driver/Inc/Legacy -I../Drivers/CMSIS/Device/ST/STM32F4xx/Include -I../Drivers/CMSIS/Include -O0 -ffunction-sections -fdata-sections -Wall -fstack-usage -fcyclomatic-complexity -MMD -MP -MF"Core/Src/main.d" -MT"Core/Src/main.o" --specs=nano.specs -mfpu=fpv4-sp-d16 -mfloat-abi=hard -mthumb -o "Core/Src/main.o"
../Core/Src/main.c: In function 'main':
../Core/Src/main.c:85:27: warning: variable 'returnStatus' set but not used [-Wunused-but-set-variable]
   85 |         HAL_StatusTypeDef returnStatus;
      |                           ^~~~~~~~~~~~
arm-none-eabi-gcc -o "Memory_test.elf" @"objects.list"   -mcpu=cortex-m4 -T"D:\Documenti\GitHub\EFES_project\Nucleo_dir\Memory_test\STM32F411RETX_FLASH.ld" --specs=nosys.specs -Wl,-Map="Memory_test.map" -Wl,--gc-sections -static --specs=nano.specs -mfpu=fpv4-sp-d16 -mfloat-abi=hard -mthumb -Wl,--start-group -lc -lm -Wl,--end-group
Finished building target: Memory_test.elf
 
arm-none-eabi-size  Memory_test.elf 
arm-none-eabi-objdump -h -S Memory_test.elf  > "Memory_test.list"
   text	   data	    bss	    dec	    hex	filename
  15152	     92	   2060	  17304	   4398	Memory_test.elf
Finished building: default.size.stdout
 
Finished building: Memory_test.list
 
14:16:18 **** Incremental Build of configuration Debug for project Memory_test ****
make -j12 all 
arm-none-eabi-gcc "../Core/Src/main.c" -mcpu=cortex-m4 -std=gnu11 -g3 -DDEBUG -DUSE_HAL_DRIVER -DSTM32F411xE -c -I../Core/Inc -I../Drivers/STM32F4xx_HAL_Driver/Inc -I../Drivers/STM32F4xx_HAL_Driver/Inc/Legacy -I../Drivers/CMSIS/Device/ST/STM32F4xx/Include -I../Drivers/CMSIS/Include -O0 -ffunction-sections -fdata-sections -Wall -fstack-usage -fcyclomatic-complexity -MMD -MP -MF"Core/Src/main.d" -MT"Core/Src/main.o" --specs=nano.specs -mfpu=fpv4-sp-d16 -mfloat-abi=hard -mthumb -o "Core/Src/main.o"
../Core/Src/main.c: In function 'main':
../Core/Src/main.c:85:27: warning: variable 'returnStatus' set but not used [-Wunused-but-set-variable]
   85 |         HAL_StatusTypeDef returnStatus;
      |                           ^~~~~~~~~~~~
arm-none-eabi-gcc -o "Memory_test.elf" @"objects.list"   -mcpu=cortex-m4 -T"D:\Documenti\GitHub\EFES_project\Nucleo_dir\Memory_test\STM32F411RETX_FLASH.ld" --specs=nosys.specs -Wl,-Map="Memory_test.map" -Wl,--gc-sections -static --specs=nano.specs -mfpu=fpv4-sp-d16 -mfloat-abi=hard -mthumb -Wl,--start-group -lc -lm -Wl,--end-group
Finished building target: Memory_test.elf
 
arm-none-eabi-size  Memory_test.elf 
arm-none-eabi-objdump -h -S Memory_test.elf  > "Memory_test.list"
   text	   data	    bss	    dec	    hex	filename
  15152	     92	   2060	  17304	   4398	Memory_test.elf
Finished building: default.size.stdout
 
Finished building: Memory_test.list
 
14:24:44 **** Incremental Build of configuration Debug for project EFES_PROJECT_ROVER ****
make -j12 all 
arm-none-eabi-size  EFES_PROJECT_ROVER.elf 
   text	   data	    bss	    dec	    hex	filename
  15476	     92	   2148	  17716	   4534	EFES_PROJECT_ROVER.elf
Finished building: default.size.stdout
 
14:24:45 **** Incremental Build of configuration Debug for project Memory_test ****
make -j12 all 
arm-none-eabi-gcc "../Core/Src/main.c" -mcpu=cortex-m4 -std=gnu11 -g3 -DDEBUG -DUSE_HAL_DRIVER -DSTM32F411xE -c -I../Core/Inc -I../Drivers/STM32F4xx_HAL_Driver/Inc -I../Drivers/STM32F4xx_HAL_Driver/Inc/Legacy -I../Drivers/CMSIS/Device/ST/STM32F4xx/Include -I../Drivers/CMSIS/Include -O0 -ffunction-sections -fdata-sections -Wall -fstack-usage -fcyclomatic-complexity -MMD -MP -MF"Core/Src/main.d" -MT"Core/Src/main.o" --specs=nano.specs -mfpu=fpv4-sp-d16 -mfloat-abi=hard -mthumb -o "Core/Src/main.o"
../Core/Src/main.c: In function 'main':
../Core/Src/main.c:85:27: warning: variable 'returnStatus' set but not used [-Wunused-but-set-variable]
   85 |         HAL_StatusTypeDef returnStatus;
      |                           ^~~~~~~~~~~~
arm-none-eabi-gcc -o "Memory_test.elf" @"objects.list"   -mcpu=cortex-m4 -T"D:\Documenti\GitHub\EFES_project\Nucleo_dir\Memory_test\STM32F411RETX_FLASH.ld" --specs=nosys.specs -Wl,-Map="Memory_test.map" -Wl,--gc-sections -static --specs=nano.specs -mfpu=fpv4-sp-d16 -mfloat-abi=hard -mthumb -Wl,--start-group -lc -lm -Wl,--end-group
Finished building target: Memory_test.elf
 
arm-none-eabi-size  Memory_test.elf 
arm-none-eabi-objdump -h -S Memory_test.elf  > "Memory_test.list"
   text	   data	    bss	    dec	    hex	filename
  14972	     92	   2060	  17124	   42e4	Memory_test.elf
Finished building: default.size.stdout
 
Finished building: Memory_test.list
 
14:24:47 **** Incremental Build of configuration Debug for project spi_test ****
make -j12 all 
arm-none-eabi-size  spi_test.elf 
   text	   data	    bss	    dec	    hex	filename
  14584	     92	   2060	  16736	   4160	spi_test.elf
Finished building: default.size.stdout
 
14:24:49 **** Incremental Build of configuration Debug for project Memory_test ****
make -j12 all 
arm-none-eabi-size  Memory_test.elf 
   text	   data	    bss	    dec	    hex	filename
  14972	     92	   2060	  17124	   42e4	Memory_test.elf
Finished building: default.size.stdout
 
14:26:16 **** Incremental Build of configuration Debug for project Memory_test ****
make -j12 all 
arm-none-eabi-gcc "../Core/Src/main.c" -mcpu=cortex-m4 -std=gnu11 -g3 -DDEBUG -DUSE_HAL_DRIVER -DSTM32F411xE -c -I../Core/Inc -I../Drivers/STM32F4xx_HAL_Driver/Inc -I../Drivers/STM32F4xx_HAL_Driver/Inc/Legacy -I../Drivers/CMSIS/Device/ST/STM32F4xx/Include -I../Drivers/CMSIS/Include -O0 -ffunction-sections -fdata-sections -Wall -fstack-usage -fcyclomatic-complexity -MMD -MP -MF"Core/Src/main.d" -MT"Core/Src/main.o" --specs=nano.specs -mfpu=fpv4-sp-d16 -mfloat-abi=hard -mthumb -o "Core/Src/main.o"
../Core/Src/main.c: In function 'main':
../Core/Src/main.c:85:27: warning: variable 'returnStatus' set but not used [-Wunused-but-set-variable]
   85 |         HAL_StatusTypeDef returnStatus;
      |                           ^~~~~~~~~~~~
arm-none-eabi-gcc -o "Memory_test.elf" @"objects.list"   -mcpu=cortex-m4 -T"D:\Documenti\GitHub\EFES_project\Nucleo_dir\Memory_test\STM32F411RETX_FLASH.ld" --specs=nosys.specs -Wl,-Map="Memory_test.map" -Wl,--gc-sections -static --specs=nano.specs -mfpu=fpv4-sp-d16 -mfloat-abi=hard -mthumb -Wl,--start-group -lc -lm -Wl,--end-group
Finished building target: Memory_test.elf
 
arm-none-eabi-size  Memory_test.elf 
arm-none-eabi-objdump -h -S Memory_test.elf  > "Memory_test.list"
   text	   data	    bss	    dec	    hex	filename
  14972	     92	   2060	  17124	   42e4	Memory_test.elf
Finished building: default.size.stdout
 
Finished building: Memory_test.list
 
14:30:47 **** Incremental Build of configuration Debug for project Memory_test ****
make -j12 all 
arm-none-eabi-gcc "../Core/Src/main.c" -mcpu=cortex-m4 -std=gnu11 -g3 -DDEBUG -DUSE_HAL_DRIVER -DSTM32F411xE -c -I../Core/Inc -I../Drivers/STM32F4xx_HAL_Driver/Inc -I../Drivers/STM32F4xx_HAL_Driver/Inc/Legacy -I../Drivers/CMSIS/Device/ST/STM32F4xx/Include -I../Drivers/CMSIS/Include -O0 -ffunction-sections -fdata-sections -Wall -fstack-usage -fcyclomatic-complexity -MMD -MP -MF"Core/Src/main.d" -MT"Core/Src/main.o" --specs=nano.specs -mfpu=fpv4-sp-d16 -mfloat-abi=hard -mthumb -o "Core/Src/main.o"
../Core/Src/main.c: In function 'main':
../Core/Src/main.c:85:27: warning: variable 'returnStatus' set but not used [-Wunused-but-set-variable]
   85 |         HAL_StatusTypeDef returnStatus;
      |                           ^~~~~~~~~~~~
arm-none-eabi-gcc -o "Memory_test.elf" @"objects.list"   -mcpu=cortex-m4 -T"D:\Documenti\GitHub\EFES_project\Nucleo_dir\Memory_test\STM32F411RETX_FLASH.ld" --specs=nosys.specs -Wl,-Map="Memory_test.map" -Wl,--gc-sections -static --specs=nano.specs -mfpu=fpv4-sp-d16 -mfloat-abi=hard -mthumb -Wl,--start-group -lc -lm -Wl,--end-group
Finished building target: Memory_test.elf
 
arm-none-eabi-size  Memory_test.elf 
arm-none-eabi-objdump -h -S Memory_test.elf  > "Memory_test.list"
   text	   data	    bss	    dec	    hex	filename
  15092	     92	   2060	  17244	   435c	Memory_test.elf
Finished building: default.size.stdout
 
Finished building: Memory_test.list
 
14:34:39 **** Incremental Build of configuration Debug for project Memory_test ****
make -j12 all 
arm-none-eabi-size  Memory_test.elf 
   text	   data	    bss	    dec	    hex	filename
  15092	     92	   2060	  17244	   435c	Memory_test.elf
Finished building: default.size.stdout
 
14:38:25 **** Incremental Build of configuration Debug for project Memory_test ****
make -j12 all 
arm-none-eabi-size  Memory_test.elf 
   text	   data	    bss	    dec	    hex	filename
  15092	     92	   2060	  17244	   435c	Memory_test.elf
Finished building: default.size.stdout
 
16:49:25 **** Incremental Build of configuration Debug for project EFES_PROJECT_ROVER ****
make -j12 all 
arm-none-eabi-size  EFES_PROJECT_ROVER.elf 
   text	   data	    bss	    dec	    hex	filename
  15476	     92	   2148	  17716	   4534	EFES_PROJECT_ROVER.elf
Finished building: default.size.stdout
 
16:49:26 **** Incremental Build of configuration Debug for project Memory_test ****
make -j12 all 
arm-none-eabi-gcc "../Core/Src/main.c" -mcpu=cortex-m4 -std=gnu11 -g3 -DDEBUG -DUSE_HAL_DRIVER -DSTM32F411xE -c -I../Core/Inc -I../Drivers/STM32F4xx_HAL_Driver/Inc -I../Drivers/STM32F4xx_HAL_Driver/Inc/Legacy -I../Drivers/CMSIS/Device/ST/STM32F4xx/Include -I../Drivers/CMSIS/Include -O0 -ffunction-sections -fdata-sections -Wall -fstack-usage -fcyclomatic-complexity -MMD -MP -MF"Core/Src/main.d" -MT"Core/Src/main.o" --specs=nano.specs -mfpu=fpv4-sp-d16 -mfloat-abi=hard -mthumb -o "Core/Src/main.o"
../Core/Src/main.c: In function 'main':
../Core/Src/main.c:192:46: error: 'data' undeclared (first use in this function); did you mean 'data2'?
  192 |                   write_buffer = ((uint64_t) data) << 32;
      |                                              ^~~~
      |                                              data2
../Core/Src/main.c:192:46: note: each undeclared identifier is reported only once for each function it appears in
../Core/Src/main.c:85:27: warning: variable 'returnStatus' set but not used [-Wunused-but-set-variable]
   85 |         HAL_StatusTypeDef returnStatus;
      |                           ^~~~~~~~~~~~
make: *** [Core/Src/subdir.mk:34: Core/Src/main.o] Error 1
"make -j12 all" terminated with exit code 2. Build might be incomplete.
16:49:28 **** Incremental Build of configuration Debug for project spi_test ****
make -j12 all 
arm-none-eabi-size  spi_test.elf 
   text	   data	    bss	    dec	    hex	filename
  14584	     92	   2060	  16736	   4160	spi_test.elf
Finished building: default.size.stdout
 
16:49:56 **** Incremental Build of configuration Debug for project EFES_PROJECT_ROVER ****
make -j12 all 
arm-none-eabi-size  EFES_PROJECT_ROVER.elf 
   text	   data	    bss	    dec	    hex	filename
  15476	     92	   2148	  17716	   4534	EFES_PROJECT_ROVER.elf
Finished building: default.size.stdout
 
16:49:57 **** Incremental Build of configuration Debug for project Memory_test ****
make -j12 all 
arm-none-eabi-gcc "../Core/Src/main.c" -mcpu=cortex-m4 -std=gnu11 -g3 -DDEBUG -DUSE_HAL_DRIVER -DSTM32F411xE -c -I../Core/Inc -I../Drivers/STM32F4xx_HAL_Driver/Inc -I../Drivers/STM32F4xx_HAL_Driver/Inc/Legacy -I../Drivers/CMSIS/Device/ST/STM32F4xx/Include -I../Drivers/CMSIS/Include -O0 -ffunction-sections -fdata-sections -Wall -fstack-usage -fcyclomatic-complexity -MMD -MP -MF"Core/Src/main.d" -MT"Core/Src/main.o" --specs=nano.specs -mfpu=fpv4-sp-d16 -mfloat-abi=hard -mthumb -o "Core/Src/main.o"
../Core/Src/main.c: In function 'main':
../Core/Src/main.c:85:27: warning: variable 'returnStatus' set but not used [-Wunused-but-set-variable]
   85 |         HAL_StatusTypeDef returnStatus;
      |                           ^~~~~~~~~~~~
arm-none-eabi-gcc -o "Memory_test.elf" @"objects.list"   -mcpu=cortex-m4 -T"D:\Documenti\GitHub\EFES_project\Nucleo_dir\Memory_test\STM32F411RETX_FLASH.ld" --specs=nosys.specs -Wl,-Map="Memory_test.map" -Wl,--gc-sections -static --specs=nano.specs -mfpu=fpv4-sp-d16 -mfloat-abi=hard -mthumb -Wl,--start-group -lc -lm -Wl,--end-group
Finished building target: Memory_test.elf
 
arm-none-eabi-size  Memory_test.elf 
arm-none-eabi-objdump -h -S Memory_test.elf  > "Memory_test.list"
   text	   data	    bss	    dec	    hex	filename
  15204	     92	   2060	  17356	   43cc	Memory_test.elf
Finished building: default.size.stdout
 
Finished building: Memory_test.list
 
16:49:58 **** Incremental Build of configuration Debug for project spi_test ****
make -j12 all 
arm-none-eabi-size  spi_test.elf 
   text	   data	    bss	    dec	    hex	filename
  14584	     92	   2060	  16736	   4160	spi_test.elf
Finished building: default.size.stdout
 
16:50:24 **** Incremental Build of configuration Debug for project Memory_test ****
make -j12 all 
arm-none-eabi-size  Memory_test.elf 
   text	   data	    bss	    dec	    hex	filename
  15204	     92	   2060	  17356	   43cc	Memory_test.elf
Finished building: default.size.stdout
 
16:57:13 **** Incremental Build of configuration Debug for project Memory_test ****
make -j12 all 
arm-none-eabi-gcc "../Core/Src/main.c" -mcpu=cortex-m4 -std=gnu11 -g3 -DDEBUG -DUSE_HAL_DRIVER -DSTM32F411xE -c -I../Core/Inc -I../Drivers/STM32F4xx_HAL_Driver/Inc -I../Drivers/STM32F4xx_HAL_Driver/Inc/Legacy -I../Drivers/CMSIS/Device/ST/STM32F4xx/Include -I../Drivers/CMSIS/Include -O0 -ffunction-sections -fdata-sections -Wall -fstack-usage -fcyclomatic-complexity -MMD -MP -MF"Core/Src/main.d" -MT"Core/Src/main.o" --specs=nano.specs -mfpu=fpv4-sp-d16 -mfloat-abi=hard -mthumb -o "Core/Src/main.o"
../Core/Src/main.c: In function 'main':
../Core/Src/main.c:91:56: warning: variable 'data_print4' set but not used [-Wunused-but-set-variable]
   91 |         uint8_t data_print1, data_print2, data_print3, data_print4;
      |                                                        ^~~~~~~~~~~
../Core/Src/main.c:91:43: warning: variable 'data_print3' set but not used [-Wunused-but-set-variable]
   91 |         uint8_t data_print1, data_print2, data_print3, data_print4;
      |                                           ^~~~~~~~~~~
../Core/Src/main.c:91:30: warning: variable 'data_print2' set but not used [-Wunused-but-set-variable]
   91 |         uint8_t data_print1, data_print2, data_print3, data_print4;
      |                              ^~~~~~~~~~~
../Core/Src/main.c:91:17: warning: variable 'data_print1' set but not used [-Wunused-but-set-variable]
   91 |         uint8_t data_print1, data_print2, data_print3, data_print4;
      |                 ^~~~~~~~~~~
../Core/Src/main.c:85:27: warning: variable 'returnStatus' set but not used [-Wunused-but-set-variable]
   85 |         HAL_StatusTypeDef returnStatus;
      |                           ^~~~~~~~~~~~
arm-none-eabi-gcc -o "Memory_test.elf" @"objects.list"   -mcpu=cortex-m4 -T"D:\Documenti\GitHub\EFES_project\Nucleo_dir\Memory_test\STM32F411RETX_FLASH.ld" --specs=nosys.specs -Wl,-Map="Memory_test.map" -Wl,--gc-sections -static --specs=nano.specs -mfpu=fpv4-sp-d16 -mfloat-abi=hard -mthumb -Wl,--start-group -lc -lm -Wl,--end-group
Finished building target: Memory_test.elf
 
arm-none-eabi-size  Memory_test.elf 
arm-none-eabi-objdump -h -S Memory_test.elf  > "Memory_test.list"
   text	   data	    bss	    dec	    hex	filename
  15212	     92	   2060	  17364	   43d4	Memory_test.elf
Finished building: default.size.stdout
 
Finished building: Memory_test.list
 
16:58:13 **** Incremental Build of configuration Debug for project Memory_test ****
make -j12 all 
arm-none-eabi-size  Memory_test.elf 
   text	   data	    bss	    dec	    hex	filename
  15212	     92	   2060	  17364	   43d4	Memory_test.elf
Finished building: default.size.stdout
 
16:59:37 **** Incremental Build of configuration Debug for project Memory_test ****
make -j12 all 
arm-none-eabi-size  Memory_test.elf 
   text	   data	    bss	    dec	    hex	filename
  15212	     92	   2060	  17364	   43d4	Memory_test.elf
Finished building: default.size.stdout
 
17:05:19 **** Incremental Build of configuration Debug for project Memory_test ****
make -j12 all 
arm-none-eabi-gcc "../Core/Src/main.c" -mcpu=cortex-m4 -std=gnu11 -g3 -DDEBUG -DUSE_HAL_DRIVER -DSTM32F411xE -c -I../Core/Inc -I../Drivers/STM32F4xx_HAL_Driver/Inc -I../Drivers/STM32F4xx_HAL_Driver/Inc/Legacy -I../Drivers/CMSIS/Device/ST/STM32F4xx/Include -I../Drivers/CMSIS/Include -O0 -ffunction-sections -fdata-sections -Wall -fstack-usage -fcyclomatic-complexity -MMD -MP -MF"Core/Src/main.d" -MT"Core/Src/main.o" --specs=nano.specs -mfpu=fpv4-sp-d16 -mfloat-abi=hard -mthumb -o "Core/Src/main.o"
../Core/Src/main.c: In function 'main':
../Core/Src/main.c:93:56: warning: variable 'data_print4' set but not used [-Wunused-but-set-variable]
   93 |         uint8_t data_print1, data_print2, data_print3, data_print4;
      |                                                        ^~~~~~~~~~~
../Core/Src/main.c:93:43: warning: variable 'data_print3' set but not used [-Wunused-but-set-variable]
   93 |         uint8_t data_print1, data_print2, data_print3, data_print4;
      |                                           ^~~~~~~~~~~
../Core/Src/main.c:93:30: warning: variable 'data_print2' set but not used [-Wunused-but-set-variable]
   93 |         uint8_t data_print1, data_print2, data_print3, data_print4;
      |                              ^~~~~~~~~~~
../Core/Src/main.c:93:17: warning: variable 'data_print1' set but not used [-Wunused-but-set-variable]
   93 |         uint8_t data_print1, data_print2, data_print3, data_print4;
      |                 ^~~~~~~~~~~
../Core/Src/main.c:87:27: warning: variable 'returnStatus' set but not used [-Wunused-but-set-variable]
   87 |         HAL_StatusTypeDef returnStatus;
      |                           ^~~~~~~~~~~~
arm-none-eabi-gcc -o "Memory_test.elf" @"objects.list"   -mcpu=cortex-m4 -T"D:\Documenti\GitHub\EFES_project\Nucleo_dir\Memory_test\STM32F411RETX_FLASH.ld" --specs=nosys.specs -Wl,-Map="Memory_test.map" -Wl,--gc-sections -static --specs=nano.specs -mfpu=fpv4-sp-d16 -mfloat-abi=hard -mthumb -Wl,--start-group -lc -lm -Wl,--end-group
Finished building target: Memory_test.elf
 
arm-none-eabi-size  Memory_test.elf 
arm-none-eabi-objdump -h -S Memory_test.elf  > "Memory_test.list"
   text	   data	    bss	    dec	    hex	filename
  15252	     92	   2060	  17404	   43fc	Memory_test.elf
Finished building: default.size.stdout
 
Finished building: Memory_test.list
 
17:07:59 **** Incremental Build of configuration Debug for project Memory_test ****
make -j12 all 
arm-none-eabi-size  Memory_test.elf 
   text	   data	    bss	    dec	    hex	filename
  15252	     92	   2060	  17404	   43fc	Memory_test.elf
Finished building: default.size.stdout
 
17:09:03 **** Incremental Build of configuration Debug for project Memory_test ****
make -j12 all 
arm-none-eabi-size  Memory_test.elf 
   text	   data	    bss	    dec	    hex	filename
  15252	     92	   2060	  17404	   43fc	Memory_test.elf
Finished building: default.size.stdout
 
17:13:21 **** Incremental Build of configuration Debug for project Memory_test ****
make -j12 all 
arm-none-eabi-gcc "../Core/Src/main.c" -mcpu=cortex-m4 -std=gnu11 -g3 -DDEBUG -DUSE_HAL_DRIVER -DSTM32F411xE -c -I../Core/Inc -I../Drivers/STM32F4xx_HAL_Driver/Inc -I../Drivers/STM32F4xx_HAL_Driver/Inc/Legacy -I../Drivers/CMSIS/Device/ST/STM32F4xx/Include -I../Drivers/CMSIS/Include -O0 -ffunction-sections -fdata-sections -Wall -fstack-usage -fcyclomatic-complexity -MMD -MP -MF"Core/Src/main.d" -MT"Core/Src/main.o" --specs=nano.specs -mfpu=fpv4-sp-d16 -mfloat-abi=hard -mthumb -o "Core/Src/main.o"
../Core/Src/main.c: In function 'main':
../Core/Src/main.c:93:56: warning: variable 'data_print4' set but not used [-Wunused-but-set-variable]
   93 |         uint8_t data_print1, data_print2, data_print3, data_print4;
      |                                                        ^~~~~~~~~~~
../Core/Src/main.c:93:43: warning: variable 'data_print3' set but not used [-Wunused-but-set-variable]
   93 |         uint8_t data_print1, data_print2, data_print3, data_print4;
      |                                           ^~~~~~~~~~~
../Core/Src/main.c:93:30: warning: variable 'data_print2' set but not used [-Wunused-but-set-variable]
   93 |         uint8_t data_print1, data_print2, data_print3, data_print4;
      |                              ^~~~~~~~~~~
../Core/Src/main.c:93:17: warning: variable 'data_print1' set but not used [-Wunused-but-set-variable]
   93 |         uint8_t data_print1, data_print2, data_print3, data_print4;
      |                 ^~~~~~~~~~~
../Core/Src/main.c:87:27: warning: variable 'returnStatus' set but not used [-Wunused-but-set-variable]
   87 |         HAL_StatusTypeDef returnStatus;
      |                           ^~~~~~~~~~~~
arm-none-eabi-gcc -o "Memory_test.elf" @"objects.list"   -mcpu=cortex-m4 -T"D:\Documenti\GitHub\EFES_project\Nucleo_dir\Memory_test\STM32F411RETX_FLASH.ld" --specs=nosys.specs -Wl,-Map="Memory_test.map" -Wl,--gc-sections -static --specs=nano.specs -mfpu=fpv4-sp-d16 -mfloat-abi=hard -mthumb -Wl,--start-group -lc -lm -Wl,--end-group
Finished building target: Memory_test.elf
 
arm-none-eabi-size  Memory_test.elf 
arm-none-eabi-objdump -h -S Memory_test.elf  > "Memory_test.list"
   text	   data	    bss	    dec	    hex	filename
  15000	     92	   2060	  17152	   4300	Memory_test.elf
Finished building: default.size.stdout
 
Finished building: Memory_test.list
 
17:29:26 **** Incremental Build of configuration Debug for project EFES_PROJECT_ROVER ****
make -j12 all 
arm-none-eabi-gcc "../Core/Src/main.c" -mcpu=cortex-m4 -std=gnu11 -g3 -DDEBUG -DUSE_HAL_DRIVER -DSTM32F411xE -c -I../Core/Inc -I../Drivers/STM32F4xx_HAL_Driver/Inc -I../Drivers/STM32F4xx_HAL_Driver/Inc/Legacy -I../Drivers/CMSIS/Device/ST/STM32F4xx/Include -I../Drivers/CMSIS/Include -O0 -ffunction-sections -fdata-sections -Wall -fstack-usage -fcyclomatic-complexity -MMD -MP -MF"Core/Src/main.d" -MT"Core/Src/main.o" --specs=nano.specs -mfpu=fpv4-sp-d16 -mfloat-abi=hard -mthumb -o "Core/Src/main.o"
../Core/Src/main.c: In function 'main':
../Core/Src/main.c:94:18: warning: variable 'blank' set but not used [-Wunused-but-set-variable]
   94 |         uint16_t blank;
      |                  ^~~~~
arm-none-eabi-gcc -o "EFES_PROJECT_ROVER.elf" @"objects.list"   -mcpu=cortex-m4 -T"D:\Documenti\GitHub\EFES_project\Nucleo_dir\EFES_PROJECT_ROVER\STM32F411RETX_FLASH.ld" --specs=nosys.specs -Wl,-Map="EFES_PROJECT_ROVER.map" -Wl,--gc-sections -static --specs=nano.specs -mfpu=fpv4-sp-d16 -mfloat-abi=hard -mthumb -Wl,--start-group -lc -lm -Wl,--end-group
Finished building target: EFES_PROJECT_ROVER.elf
 
arm-none-eabi-size  EFES_PROJECT_ROVER.elf 
arm-none-eabi-objdump -h -S EFES_PROJECT_ROVER.elf  > "EFES_PROJECT_ROVER.list"
   text	   data	    bss	    dec	    hex	filename
  15696	     92	   2148	  17936	   4610	EFES_PROJECT_ROVER.elf
Finished building: default.size.stdout
 
Finished building: EFES_PROJECT_ROVER.list
 
17:29:29 **** Incremental Build of configuration Debug for project Memory_test ****
make -j12 all 
arm-none-eabi-size  Memory_test.elf 
   text	   data	    bss	    dec	    hex	filename
  15000	     92	   2060	  17152	   4300	Memory_test.elf
Finished building: default.size.stdout
 
17:29:29 **** Incremental Build of configuration Debug for project spi_test ****
make -j12 all 
arm-none-eabi-size  spi_test.elf 
   text	   data	    bss	    dec	    hex	filename
  14584	     92	   2060	  16736	   4160	spi_test.elf
Finished building: default.size.stdout
 
17:29:37 **** Incremental Build of configuration Debug for project EFES_PROJECT_ROVER ****
make -j12 all 
arm-none-eabi-gcc "../Core/Src/main.c" -mcpu=cortex-m4 -std=gnu11 -g3 -DDEBUG -DUSE_HAL_DRIVER -DSTM32F411xE -c -I../Core/Inc -I../Drivers/STM32F4xx_HAL_Driver/Inc -I../Drivers/STM32F4xx_HAL_Driver/Inc/Legacy -I../Drivers/CMSIS/Device/ST/STM32F4xx/Include -I../Drivers/CMSIS/Include -O0 -ffunction-sections -fdata-sections -Wall -fstack-usage -fcyclomatic-complexity -MMD -MP -MF"Core/Src/main.d" -MT"Core/Src/main.o" --specs=nano.specs -mfpu=fpv4-sp-d16 -mfloat-abi=hard -mthumb -o "Core/Src/main.o"
../Core/Src/main.c: In function 'main':
../Core/Src/main.c:140:9: error: 'blank' undeclared (first use in this function)
  140 |         blank = 0;
      |         ^~~~~
../Core/Src/main.c:140:9: note: each undeclared identifier is reported only once for each function it appears in
make: *** [Core/Src/subdir.mk:34: Core/Src/main.o] Error 1
"make -j12 all" terminated with exit code 2. Build might be incomplete.
17:29:37 **** Incremental Build of configuration Debug for project Memory_test ****
make -j12 all 
arm-none-eabi-size  Memory_test.elf 
   text	   data	    bss	    dec	    hex	filename
  15000	     92	   2060	  17152	   4300	Memory_test.elf
Finished building: default.size.stdout
 
17:29:38 **** Incremental Build of configuration Debug for project spi_test ****
make -j12 all 
arm-none-eabi-size  spi_test.elf 
   text	   data	    bss	    dec	    hex	filename
  14584	     92	   2060	  16736	   4160	spi_test.elf
Finished building: default.size.stdout
 
17:32:49 **** Incremental Build of configuration Debug for project EFES_PROJECT_ROVER ****
make -j12 all 
arm-none-eabi-gcc "../Core/Src/main.c" -mcpu=cortex-m4 -std=gnu11 -g3 -DDEBUG -DUSE_HAL_DRIVER -DSTM32F411xE -c -I../Core/Inc -I../Drivers/STM32F4xx_HAL_Driver/Inc -I../Drivers/STM32F4xx_HAL_Driver/Inc/Legacy -I../Drivers/CMSIS/Device/ST/STM32F4xx/Include -I../Drivers/CMSIS/Include -O0 -ffunction-sections -fdata-sections -Wall -fstack-usage -fcyclomatic-complexity -MMD -MP -MF"Core/Src/main.d" -MT"Core/Src/main.o" --specs=nano.specs -mfpu=fpv4-sp-d16 -mfloat-abi=hard -mthumb -o "Core/Src/main.o"
arm-none-eabi-gcc -o "EFES_PROJECT_ROVER.elf" @"objects.list"   -mcpu=cortex-m4 -T"D:\Documenti\GitHub\EFES_project\Nucleo_dir\EFES_PROJECT_ROVER\STM32F411RETX_FLASH.ld" --specs=nosys.specs -Wl,-Map="EFES_PROJECT_ROVER.map" -Wl,--gc-sections -static --specs=nano.specs -mfpu=fpv4-sp-d16 -mfloat-abi=hard -mthumb -Wl,--start-group -lc -lm -Wl,--end-group
Finished building target: EFES_PROJECT_ROVER.elf
 
arm-none-eabi-size  EFES_PROJECT_ROVER.elf 
arm-none-eabi-objdump -h -S EFES_PROJECT_ROVER.elf  > "EFES_PROJECT_ROVER.list"
   text	   data	    bss	    dec	    hex	filename
  15688	     92	   2148	  17928	   4608	EFES_PROJECT_ROVER.elf
Finished building: default.size.stdout
 
Finished building: EFES_PROJECT_ROVER.list
 
17:32:53 **** Incremental Build of configuration Debug for project Memory_test ****
make -j12 all 
arm-none-eabi-size  Memory_test.elf 
   text	   data	    bss	    dec	    hex	filename
  15000	     92	   2060	  17152	   4300	Memory_test.elf
Finished building: default.size.stdout
 
17:32:53 **** Incremental Build of configuration Debug for project spi_test ****
make -j12 all 
arm-none-eabi-size  spi_test.elf 
   text	   data	    bss	    dec	    hex	filename
  14584	     92	   2060	  16736	   4160	spi_test.elf
Finished building: default.size.stdout
 
17:32:59 **** Incremental Build of configuration Debug for project EFES_PROJECT_ROVER ****
make -j12 all 
arm-none-eabi-size  EFES_PROJECT_ROVER.elf 
   text	   data	    bss	    dec	    hex	filename
  15688	     92	   2148	  17928	   4608	EFES_PROJECT_ROVER.elf
Finished building: default.size.stdout
 
18:11:08 **** Incremental Build of configuration Debug for project EFES_PROJECT_ROVER ****
make -j12 all 
arm-none-eabi-gcc "../Core/Src/main.c" -mcpu=cortex-m4 -std=gnu11 -g3 -DDEBUG -DUSE_HAL_DRIVER -DSTM32F411xE -c -I../Core/Inc -I../Drivers/STM32F4xx_HAL_Driver/Inc -I../Drivers/STM32F4xx_HAL_Driver/Inc/Legacy -I../Drivers/CMSIS/Device/ST/STM32F4xx/Include -I../Drivers/CMSIS/Include -O0 -ffunction-sections -fdata-sections -Wall -fstack-usage -fcyclomatic-complexity -MMD -MP -MF"Core/Src/main.d" -MT"Core/Src/main.o" --specs=nano.specs -mfpu=fpv4-sp-d16 -mfloat-abi=hard -mthumb -o "Core/Src/main.o"
../Core/Src/main.c: In function 'main':
../Core/Src/main.c:196:41: error: expected ';' before 'dataRq'
  196 |                           HAL_Delay(200)
      |                                         ^
      |                                         ;
......
  199 |                           dataRq=DISTANCE_REQUEST;
      |                           ~~~~~~         
../Core/Src/main.c:220:41: error: expected ';' before 'dataRq'
  220 |                           HAL_Delay(200)
      |                                         ^
      |                                         ;
......
  223 |                           dataRq=DISTANCE_REQUEST;
      |                           ~~~~~~         
make: *** [Core/Src/subdir.mk:34: Core/Src/main.o] Error 1
"make -j12 all" terminated with exit code 2. Build might be incomplete.
18:11:24 **** Incremental Build of configuration Debug for project EFES_PROJECT_ROVER ****
make -j12 all 
arm-none-eabi-gcc "../Core/Src/main.c" -mcpu=cortex-m4 -std=gnu11 -g3 -DDEBUG -DUSE_HAL_DRIVER -DSTM32F411xE -c -I../Core/Inc -I../Drivers/STM32F4xx_HAL_Driver/Inc -I../Drivers/STM32F4xx_HAL_Driver/Inc/Legacy -I../Drivers/CMSIS/Device/ST/STM32F4xx/Include -I../Drivers/CMSIS/Include -O0 -ffunction-sections -fdata-sections -Wall -fstack-usage -fcyclomatic-complexity -MMD -MP -MF"Core/Src/main.d" -MT"Core/Src/main.o" --specs=nano.specs -mfpu=fpv4-sp-d16 -mfloat-abi=hard -mthumb -o "Core/Src/main.o"
../Core/Src/main.c: In function 'main':
../Core/Src/main.c:220:41: error: expected ';' before 'dataRq'
  220 |                           HAL_Delay(200)
      |                                         ^
      |                                         ;
......
  223 |                           dataRq=DISTANCE_REQUEST;
      |                           ~~~~~~         
make: *** [Core/Src/subdir.mk:34: Core/Src/main.o] Error 1
"make -j12 all" terminated with exit code 2. Build might be incomplete.
18:11:25 **** Incremental Build of configuration Debug for project Memory_test ****
make -j12 all 
arm-none-eabi-size  Memory_test.elf 
   text	   data	    bss	    dec	    hex	filename
  15000	     92	   2060	  17152	   4300	Memory_test.elf
Finished building: default.size.stdout
 
18:11:25 **** Incremental Build of configuration Debug for project spi_test ****
make -j12 all 
arm-none-eabi-size  spi_test.elf 
   text	   data	    bss	    dec	    hex	filename
  14584	     92	   2060	  16736	   4160	spi_test.elf
Finished building: default.size.stdout
 
18:11:31 **** Incremental Build of configuration Debug for project EFES_PROJECT_ROVER ****
make -j12 all 
arm-none-eabi-gcc "../Core/Src/main.c" -mcpu=cortex-m4 -std=gnu11 -g3 -DDEBUG -DUSE_HAL_DRIVER -DSTM32F411xE -c -I../Core/Inc -I../Drivers/STM32F4xx_HAL_Driver/Inc -I../Drivers/STM32F4xx_HAL_Driver/Inc/Legacy -I../Drivers/CMSIS/Device/ST/STM32F4xx/Include -I../Drivers/CMSIS/Include -O0 -ffunction-sections -fdata-sections -Wall -fstack-usage -fcyclomatic-complexity -MMD -MP -MF"Core/Src/main.d" -MT"Core/Src/main.o" --specs=nano.specs -mfpu=fpv4-sp-d16 -mfloat-abi=hard -mthumb -o "Core/Src/main.o"
../Core/Src/main.c: In function 'main':
../Core/Src/main.c:220:41: error: expected ';' before 'dataRq'
  220 |                           HAL_Delay(200)
      |                                         ^
      |                                         ;
......
  223 |                           dataRq=DISTANCE_REQUEST;
      |                           ~~~~~~         
make: *** [Core/Src/subdir.mk:34: Core/Src/main.o] Error 1
"make -j12 all" terminated with exit code 2. Build might be incomplete.
18:11:52 **** Incremental Build of configuration Debug for project EFES_PROJECT_ROVER ****
make -j12 all 
arm-none-eabi-gcc "../Core/Src/main.c" -mcpu=cortex-m4 -std=gnu11 -g3 -DDEBUG -DUSE_HAL_DRIVER -DSTM32F411xE -c -I../Core/Inc -I../Drivers/STM32F4xx_HAL_Driver/Inc -I../Drivers/STM32F4xx_HAL_Driver/Inc/Legacy -I../Drivers/CMSIS/Device/ST/STM32F4xx/Include -I../Drivers/CMSIS/Include -O0 -ffunction-sections -fdata-sections -Wall -fstack-usage -fcyclomatic-complexity -MMD -MP -MF"Core/Src/main.d" -MT"Core/Src/main.o" --specs=nano.specs -mfpu=fpv4-sp-d16 -mfloat-abi=hard -mthumb -o "Core/Src/main.o"
arm-none-eabi-gcc -o "EFES_PROJECT_ROVER.elf" @"objects.list"   -mcpu=cortex-m4 -T"D:\Documenti\GitHub\EFES_project\Nucleo_dir\EFES_PROJECT_ROVER\STM32F411RETX_FLASH.ld" --specs=nosys.specs -Wl,-Map="EFES_PROJECT_ROVER.map" -Wl,--gc-sections -static --specs=nano.specs -mfpu=fpv4-sp-d16 -mfloat-abi=hard -mthumb -Wl,--start-group -lc -lm -Wl,--end-group
Finished building target: EFES_PROJECT_ROVER.elf
 
arm-none-eabi-size  EFES_PROJECT_ROVER.elf 
arm-none-eabi-objdump -h -S EFES_PROJECT_ROVER.elf  > "EFES_PROJECT_ROVER.list"
   text	   data	    bss	    dec	    hex	filename
  15704	     92	   2148	  17944	   4618	EFES_PROJECT_ROVER.elf
Finished building: default.size.stdout
 
Finished building: EFES_PROJECT_ROVER.list
 
18:11:53 **** Incremental Build of configuration Debug for project Memory_test ****
make -j12 all 
arm-none-eabi-size  Memory_test.elf 
   text	   data	    bss	    dec	    hex	filename
  15000	     92	   2060	  17152	   4300	Memory_test.elf
Finished building: default.size.stdout
 
18:11:54 **** Incremental Build of configuration Debug for project spi_test ****
make -j12 all 
arm-none-eabi-size  spi_test.elf 
   text	   data	    bss	    dec	    hex	filename
  14584	     92	   2060	  16736	   4160	spi_test.elf
Finished building: default.size.stdout
 
18:12:00 **** Incremental Build of configuration Debug for project EFES_PROJECT_ROVER ****
make -j12 all 
arm-none-eabi-size  EFES_PROJECT_ROVER.elf 
   text	   data	    bss	    dec	    hex	filename
  15704	     92	   2148	  17944	   4618	EFES_PROJECT_ROVER.elf
Finished building: default.size.stdout
 
18:13:31 **** Incremental Build of configuration Debug for project EFES_PROJECT_ROVER ****
make -j12 all 
arm-none-eabi-size  EFES_PROJECT_ROVER.elf 
   text	   data	    bss	    dec	    hex	filename
  15704	     92	   2148	  17944	   4618	EFES_PROJECT_ROVER.elf
Finished building: default.size.stdout
 
18:17:38 **** Incremental Build of configuration Debug for project EFES_PROJECT_ROVER ****
make -j12 all 
arm-none-eabi-size  EFES_PROJECT_ROVER.elf 
   text	   data	    bss	    dec	    hex	filename
  15704	     92	   2148	  17944	   4618	EFES_PROJECT_ROVER.elf
Finished building: default.size.stdout
 
18:26:53 **** Incremental Build of configuration Debug for project EFES_PROJECT_ROVER ****
make -j12 all 
arm-none-eabi-size  EFES_PROJECT_ROVER.elf 
   text	   data	    bss	    dec	    hex	filename
  15704	     92	   2148	  17944	   4618	EFES_PROJECT_ROVER.elf
Finished building: default.size.stdout
 
18:30:40 **** Incremental Build of configuration Debug for project EFES_PROJECT_ROVER ****
make -j12 all 
arm-none-eabi-size  EFES_PROJECT_ROVER.elf 
   text	   data	    bss	    dec	    hex	filename
  15704	     92	   2148	  17944	   4618	EFES_PROJECT_ROVER.elf
Finished building: default.size.stdout
 
18:30:41 **** Incremental Build of configuration Debug for project Memory_test ****
make -j12 all 
arm-none-eabi-size  Memory_test.elf 
   text	   data	    bss	    dec	    hex	filename
  15000	     92	   2060	  17152	   4300	Memory_test.elf
Finished building: default.size.stdout
 
18:30:41 **** Incremental Build of configuration Debug for project spi_test ****
make -j12 all 
arm-none-eabi-size  spi_test.elf 
   text	   data	    bss	    dec	    hex	filename
  14584	     92	   2060	  16736	   4160	spi_test.elf
Finished building: default.size.stdout
 
18:30:48 **** Incremental Build of configuration Debug for project Memory_test ****
make -j12 all 
arm-none-eabi-size  Memory_test.elf 
   text	   data	    bss	    dec	    hex	filename
  15000	     92	   2060	  17152	   4300	Memory_test.elf
Finished building: default.size.stdout
 
18:37:38 **** Incremental Build of configuration Debug for project Memory_test ****
make -j12 all 
arm-none-eabi-size  Memory_test.elf 
   text	   data	    bss	    dec	    hex	filename
  15000	     92	   2060	  17152	   4300	Memory_test.elf
Finished building: default.size.stdout
 
18:47:19 **** Incremental Build of configuration Debug for project Memory_test ****
make -j12 all 
arm-none-eabi-size  Memory_test.elf 
   text	   data	    bss	    dec	    hex	filename
  15000	     92	   2060	  17152	   4300	Memory_test.elf
Finished building: default.size.stdout
 
18:49:18 **** Incremental Build of configuration Debug for project Memory_test ****
make -j12 all 
arm-none-eabi-size  Memory_test.elf 
   text	   data	    bss	    dec	    hex	filename
  15000	     92	   2060	  17152	   4300	Memory_test.elf
Finished building: default.size.stdout
 
19:47:36 **** Incremental Build of configuration Debug for project Memory_test ****
make -j12 all 
arm-none-eabi-size  Memory_test.elf 
   text	   data	    bss	    dec	    hex	filename
  15000	     92	   2060	  17152	   4300	Memory_test.elf
Finished building: default.size.stdout
 
19:50:20 **** Incremental Build of configuration Debug for project Memory_test ****
make -j12 all 
arm-none-eabi-size  Memory_test.elf 
   text	   data	    bss	    dec	    hex	filename
  15000	     92	   2060	  17152	   4300	Memory_test.elf
Finished building: default.size.stdout
 
19:51:19 **** Incremental Build of configuration Debug for project Memory_test ****
make -j12 all 
arm-none-eabi-size  Memory_test.elf 
   text	   data	    bss	    dec	    hex	filename
  15000	     92	   2060	  17152	   4300	Memory_test.elf
Finished building: default.size.stdout
 
19:58:01 **** Incremental Build of configuration Debug for project EFES_PROJECT_ROVER ****
make -j12 all 
arm-none-eabi-size  EFES_PROJECT_ROVER.elf 
   text	   data	    bss	    dec	    hex	filename
  15704	     92	   2148	  17944	   4618	EFES_PROJECT_ROVER.elf
Finished building: default.size.stdout
 
19:58:02 **** Incremental Build of configuration Debug for project Memory_test ****
make -j12 all 
arm-none-eabi-gcc "../Core/Src/main.c" -mcpu=cortex-m4 -std=gnu11 -g3 -DDEBUG -DUSE_HAL_DRIVER -DSTM32F411xE -c -I../Core/Inc -I../Drivers/STM32F4xx_HAL_Driver/Inc -I../Drivers/STM32F4xx_HAL_Driver/Inc/Legacy -I../Drivers/CMSIS/Device/ST/STM32F4xx/Include -I../Drivers/CMSIS/Include -O0 -ffunction-sections -fdata-sections -Wall -fstack-usage -fcyclomatic-complexity -MMD -MP -MF"Core/Src/main.d" -MT"Core/Src/main.o" --specs=nano.specs -mfpu=fpv4-sp-d16 -mfloat-abi=hard -mthumb -o "Core/Src/main.o"
../Core/Src/main.c: In function 'main':
../Core/Src/main.c:317:13: error: invalid storage class for function 'MX_SPI3_Init'
  317 | static void MX_SPI3_Init(void)
      |             ^~~~~~~~~~~~
../Core/Src/main.c:355:13: error: invalid storage class for function 'MX_USART2_UART_Init'
  355 | static void MX_USART2_UART_Init(void)
      |             ^~~~~~~~~~~~~~~~~~~
../Core/Src/main.c:388:13: error: invalid storage class for function 'MX_GPIO_Init'
  388 | static void MX_GPIO_Init(void)
      |             ^~~~~~~~~~~~
../Core/Src/main.c:437:1: error: expected declaration or statement at end of input
  437 | }
      | ^
../Core/Src/main.c:93:56: warning: unused variable 'data_print4' [-Wunused-variable]
   93 |         uint8_t data_print1, data_print2, data_print3, data_print4;
      |                                                        ^~~~~~~~~~~
../Core/Src/main.c:93:43: warning: unused variable 'data_print3' [-Wunused-variable]
   93 |         uint8_t data_print1, data_print2, data_print3, data_print4;
      |                                           ^~~~~~~~~~~
../Core/Src/main.c:93:30: warning: unused variable 'data_print2' [-Wunused-variable]
   93 |         uint8_t data_print1, data_print2, data_print3, data_print4;
      |                              ^~~~~~~~~~~
../Core/Src/main.c:93:17: warning: unused variable 'data_print1' [-Wunused-variable]
   93 |         uint8_t data_print1, data_print2, data_print3, data_print4;
      |                 ^~~~~~~~~~~
../Core/Src/main.c:89:24: warning: variable 'data2' set but not used [-Wunused-but-set-variable]
   89 |         uint8_t data1, data2;
      |                        ^~~~~
../Core/Src/main.c:89:17: warning: variable 'data1' set but not used [-Wunused-but-set-variable]
   89 |         uint8_t data1, data2;
      |                 ^~~~~
../Core/Src/main.c:88:23: warning: unused variable 'masked_addr' [-Wunused-variable]
   88 |         uint32_t addr,masked_addr;
      |                       ^~~~~~~~~~~
../Core/Src/main.c:87:27: warning: variable 'returnStatus' set but not used [-Wunused-but-set-variable]
   87 |         HAL_StatusTypeDef returnStatus;
      |                           ^~~~~~~~~~~~
../Core/Src/main.c: At top level:
../Core/Src/main.c:62:13: warning: 'MX_GPIO_Init' used but never defined
   62 | static void MX_GPIO_Init(void);
      |             ^~~~~~~~~~~~
../Core/Src/main.c:63:13: warning: 'MX_USART2_UART_Init' used but never defined
   63 | static void MX_USART2_UART_Init(void);
      |             ^~~~~~~~~~~~~~~~~~~
../Core/Src/main.c:64:13: warning: 'MX_SPI3_Init' used but never defined
   64 | static void MX_SPI3_Init(void);
      |             ^~~~~~~~~~~~
../Core/Src/main.c:428:6: warning: 'Error_Handler' defined but not used [-Wunused-function]
  428 | void Error_Handler(void)
      |      ^~~~~~~~~~~~~
../Core/Src/main.c:388:13: warning: 'MX_GPIO_Init' defined but not used [-Wunused-function]
  388 | static void MX_GPIO_Init(void)
      |             ^~~~~~~~~~~~
../Core/Src/main.c:355:13: warning: 'MX_USART2_UART_Init' defined but not used [-Wunused-function]
  355 | static void MX_USART2_UART_Init(void)
      |             ^~~~~~~~~~~~~~~~~~~
../Core/Src/main.c:317:13: warning: 'MX_SPI3_Init' defined but not used [-Wunused-function]
  317 | static void MX_SPI3_Init(void)
      |             ^~~~~~~~~~~~
../Core/Src/main.c:270:6: warning: 'SystemClock_Config' defined but not used [-Wunused-function]
  270 | void SystemClock_Config(void)
      |      ^~~~~~~~~~~~~~~~~~
../Core/Src/main.c:252:6: warning: 'WaitBusyMem' defined but not used [-Wunused-function]
  252 | void WaitBusyMem(void){
      |      ^~~~~~~~~~~
make: *** [Core/Src/subdir.mk:34: Core/Src/main.o] Error 1
"make -j12 all" terminated with exit code 2. Build might be incomplete.
19:58:03 **** Incremental Build of configuration Debug for project spi_test ****
make -j12 all 
arm-none-eabi-size  spi_test.elf 
   text	   data	    bss	    dec	    hex	filename
  14584	     92	   2060	  16736	   4160	spi_test.elf
Finished building: default.size.stdout
 
19:58:35 **** Incremental Build of configuration Debug for project EFES_PROJECT_ROVER ****
make -j12 all 
arm-none-eabi-size  EFES_PROJECT_ROVER.elf 
   text	   data	    bss	    dec	    hex	filename
  15704	     92	   2148	  17944	   4618	EFES_PROJECT_ROVER.elf
Finished building: default.size.stdout
 
19:58:35 **** Incremental Build of configuration Debug for project Memory_test ****
make -j12 all 
arm-none-eabi-gcc "../Core/Src/main.c" -mcpu=cortex-m4 -std=gnu11 -g3 -DDEBUG -DUSE_HAL_DRIVER -DSTM32F411xE -c -I../Core/Inc -I../Drivers/STM32F4xx_HAL_Driver/Inc -I../Drivers/STM32F4xx_HAL_Driver/Inc/Legacy -I../Drivers/CMSIS/Device/ST/STM32F4xx/Include -I../Drivers/CMSIS/Include -O0 -ffunction-sections -fdata-sections -Wall -fstack-usage -fcyclomatic-complexity -MMD -MP -MF"Core/Src/main.d" -MT"Core/Src/main.o" --specs=nano.specs -mfpu=fpv4-sp-d16 -mfloat-abi=hard -mthumb -o "Core/Src/main.o"
../Core/Src/main.c: In function 'main':
../Core/Src/main.c:93:56: warning: unused variable 'data_print4' [-Wunused-variable]
   93 |         uint8_t data_print1, data_print2, data_print3, data_print4;
      |                                                        ^~~~~~~~~~~
../Core/Src/main.c:93:43: warning: unused variable 'data_print3' [-Wunused-variable]
   93 |         uint8_t data_print1, data_print2, data_print3, data_print4;
      |                                           ^~~~~~~~~~~
../Core/Src/main.c:93:30: warning: unused variable 'data_print2' [-Wunused-variable]
   93 |         uint8_t data_print1, data_print2, data_print3, data_print4;
      |                              ^~~~~~~~~~~
../Core/Src/main.c:93:17: warning: unused variable 'data_print1' [-Wunused-variable]
   93 |         uint8_t data_print1, data_print2, data_print3, data_print4;
      |                 ^~~~~~~~~~~
../Core/Src/main.c:89:24: warning: variable 'data2' set but not used [-Wunused-but-set-variable]
   89 |         uint8_t data1, data2;
      |                        ^~~~~
../Core/Src/main.c:89:17: warning: variable 'data1' set but not used [-Wunused-but-set-variable]
   89 |         uint8_t data1, data2;
      |                 ^~~~~
../Core/Src/main.c:88:23: warning: unused variable 'masked_addr' [-Wunused-variable]
   88 |         uint32_t addr,masked_addr;
      |                       ^~~~~~~~~~~
../Core/Src/main.c:87:27: warning: variable 'returnStatus' set but not used [-Wunused-but-set-variable]
   87 |         HAL_StatusTypeDef returnStatus;
      |                           ^~~~~~~~~~~~
arm-none-eabi-gcc -o "Memory_test.elf" @"objects.list"   -mcpu=cortex-m4 -T"D:\Documenti\GitHub\EFES_project\Nucleo_dir\Memory_test\STM32F411RETX_FLASH.ld" --specs=nosys.specs -Wl,-Map="Memory_test.map" -Wl,--gc-sections -static --specs=nano.specs -mfpu=fpv4-sp-d16 -mfloat-abi=hard -mthumb -Wl,--start-group -lc -lm -Wl,--end-group
Finished building target: Memory_test.elf
 
arm-none-eabi-size  Memory_test.elf 
arm-none-eabi-objdump -h -S Memory_test.elf  > "Memory_test.list"
   text	   data	    bss	    dec	    hex	filename
  14804	     92	   2060	  16956	   423c	Memory_test.elf
Finished building: default.size.stdout
 
Finished building: Memory_test.list
 
19:58:37 **** Incremental Build of configuration Debug for project spi_test ****
make -j12 all 
arm-none-eabi-size  spi_test.elf 
   text	   data	    bss	    dec	    hex	filename
  14584	     92	   2060	  16736	   4160	spi_test.elf
Finished building: default.size.stdout
 
19:58:53 **** Incremental Build of configuration Debug for project Memory_test ****
make -j12 all 
arm-none-eabi-size  Memory_test.elf 
   text	   data	    bss	    dec	    hex	filename
  14804	     92	   2060	  16956	   423c	Memory_test.elf
Finished building: default.size.stdout
 
20:04:43 **** Incremental Build of configuration Debug for project EFES_PROJECT_ROVER ****
make -j12 all 
arm-none-eabi-size  EFES_PROJECT_ROVER.elf 
   text	   data	    bss	    dec	    hex	filename
  15704	     92	   2148	  17944	   4618	EFES_PROJECT_ROVER.elf
Finished building: default.size.stdout
 
20:04:43 **** Incremental Build of configuration Debug for project Memory_test ****
make -j12 all 
arm-none-eabi-gcc "../Core/Src/main.c" -mcpu=cortex-m4 -std=gnu11 -g3 -DDEBUG -DUSE_HAL_DRIVER -DSTM32F411xE -c -I../Core/Inc -I../Drivers/STM32F4xx_HAL_Driver/Inc -I../Drivers/STM32F4xx_HAL_Driver/Inc/Legacy -I../Drivers/CMSIS/Device/ST/STM32F4xx/Include -I../Drivers/CMSIS/Include -O0 -ffunction-sections -fdata-sections -Wall -fstack-usage -fcyclomatic-complexity -MMD -MP -MF"Core/Src/main.d" -MT"Core/Src/main.o" --specs=nano.specs -mfpu=fpv4-sp-d16 -mfloat-abi=hard -mthumb -o "Core/Src/main.o"
../Core/Src/main.c: In function 'main':
../Core/Src/main.c:161:46: error: 'from_mem' undeclared (first use in this function)
  161 |           HAL_SPI_Receive(&hspi3, (uint8_t*)&from_mem, 1, 100);
      |                                              ^~~~~~~~
../Core/Src/main.c:161:46: note: each undeclared identifier is reported only once for each function it appears in
../Core/Src/main.c:93:56: warning: unused variable 'data_print4' [-Wunused-variable]
   93 |         uint8_t data_print1, data_print2, data_print3, data_print4;
      |                                                        ^~~~~~~~~~~
../Core/Src/main.c:93:43: warning: unused variable 'data_print3' [-Wunused-variable]
   93 |         uint8_t data_print1, data_print2, data_print3, data_print4;
      |                                           ^~~~~~~~~~~
../Core/Src/main.c:93:30: warning: unused variable 'data_print2' [-Wunused-variable]
   93 |         uint8_t data_print1, data_print2, data_print3, data_print4;
      |                              ^~~~~~~~~~~
../Core/Src/main.c:93:17: warning: unused variable 'data_print1' [-Wunused-variable]
   93 |         uint8_t data_print1, data_print2, data_print3, data_print4;
      |                 ^~~~~~~~~~~
../Core/Src/main.c:89:24: warning: variable 'data2' set but not used [-Wunused-but-set-variable]
   89 |         uint8_t data1, data2;
      |                        ^~~~~
../Core/Src/main.c:89:17: warning: variable 'data1' set but not used [-Wunused-but-set-variable]
   89 |         uint8_t data1, data2;
      |                 ^~~~~
../Core/Src/main.c:88:23: warning: unused variable 'masked_addr' [-Wunused-variable]
   88 |         uint32_t addr,masked_addr;
      |                       ^~~~~~~~~~~
../Core/Src/main.c:87:27: warning: variable 'returnStatus' set but not used [-Wunused-but-set-variable]
   87 |         HAL_StatusTypeDef returnStatus;
      |                           ^~~~~~~~~~~~
make: *** [Core/Src/subdir.mk:34: Core/Src/main.o] Error 1
"make -j12 all" terminated with exit code 2. Build might be incomplete.
20:04:45 **** Incremental Build of configuration Debug for project spi_test ****
make -j12 all 
arm-none-eabi-size  spi_test.elf 
   text	   data	    bss	    dec	    hex	filename
  14584	     92	   2060	  16736	   4160	spi_test.elf
Finished building: default.size.stdout
 
20:05:19 **** Incremental Build of configuration Debug for project EFES_PROJECT_ROVER ****
make -j12 all 
arm-none-eabi-size  EFES_PROJECT_ROVER.elf 
   text	   data	    bss	    dec	    hex	filename
  15704	     92	   2148	  17944	   4618	EFES_PROJECT_ROVER.elf
Finished building: default.size.stdout
 
20:05:20 **** Incremental Build of configuration Debug for project Memory_test ****
make -j12 all 
arm-none-eabi-gcc "../Core/Src/main.c" -mcpu=cortex-m4 -std=gnu11 -g3 -DDEBUG -DUSE_HAL_DRIVER -DSTM32F411xE -c -I../Core/Inc -I../Drivers/STM32F4xx_HAL_Driver/Inc -I../Drivers/STM32F4xx_HAL_Driver/Inc/Legacy -I../Drivers/CMSIS/Device/ST/STM32F4xx/Include -I../Drivers/CMSIS/Include -O0 -ffunction-sections -fdata-sections -Wall -fstack-usage -fcyclomatic-complexity -MMD -MP -MF"Core/Src/main.d" -MT"Core/Src/main.o" --specs=nano.specs -mfpu=fpv4-sp-d16 -mfloat-abi=hard -mthumb -o "Core/Src/main.o"
../Core/Src/main.c: In function 'main':
../Core/Src/main.c:93:56: warning: unused variable 'data_print4' [-Wunused-variable]
   93 |         uint8_t data_print1, data_print2, data_print3, data_print4;
      |                                                        ^~~~~~~~~~~
../Core/Src/main.c:93:43: warning: unused variable 'data_print3' [-Wunused-variable]
   93 |         uint8_t data_print1, data_print2, data_print3, data_print4;
      |                                           ^~~~~~~~~~~
../Core/Src/main.c:93:30: warning: unused variable 'data_print2' [-Wunused-variable]
   93 |         uint8_t data_print1, data_print2, data_print3, data_print4;
      |                              ^~~~~~~~~~~
../Core/Src/main.c:93:17: warning: unused variable 'data_print1' [-Wunused-variable]
   93 |         uint8_t data_print1, data_print2, data_print3, data_print4;
      |                 ^~~~~~~~~~~
../Core/Src/main.c:89:24: warning: variable 'data2' set but not used [-Wunused-but-set-variable]
   89 |         uint8_t data1, data2;
      |                        ^~~~~
../Core/Src/main.c:89:17: warning: variable 'data1' set but not used [-Wunused-but-set-variable]
   89 |         uint8_t data1, data2;
      |                 ^~~~~
../Core/Src/main.c:88:23: warning: unused variable 'masked_addr' [-Wunused-variable]
   88 |         uint32_t addr,masked_addr;
      |                       ^~~~~~~~~~~
../Core/Src/main.c:87:27: warning: variable 'returnStatus' set but not used [-Wunused-but-set-variable]
   87 |         HAL_StatusTypeDef returnStatus;
      |                           ^~~~~~~~~~~~
arm-none-eabi-gcc -o "Memory_test.elf" @"objects.list"   -mcpu=cortex-m4 -T"D:\Documenti\GitHub\EFES_project\Nucleo_dir\Memory_test\STM32F411RETX_FLASH.ld" --specs=nosys.specs -Wl,-Map="Memory_test.map" -Wl,--gc-sections -static --specs=nano.specs -mfpu=fpv4-sp-d16 -mfloat-abi=hard -mthumb -Wl,--start-group -lc -lm -Wl,--end-group
Finished building target: Memory_test.elf
 
arm-none-eabi-size  Memory_test.elf 
arm-none-eabi-objdump -h -S Memory_test.elf  > "Memory_test.list"
   text	   data	    bss	    dec	    hex	filename
  14960	     92	   2060	  17112	   42d8	Memory_test.elf
Finished building: default.size.stdout
 
Finished building: Memory_test.list
 
20:05:21 **** Incremental Build of configuration Debug for project spi_test ****
make -j12 all 
arm-none-eabi-size  spi_test.elf 
   text	   data	    bss	    dec	    hex	filename
  14584	     92	   2060	  16736	   4160	spi_test.elf
Finished building: default.size.stdout
 
20:05:26 **** Incremental Build of configuration Debug for project Memory_test ****
make -j12 all 
arm-none-eabi-size  Memory_test.elf 
   text	   data	    bss	    dec	    hex	filename
  14960	     92	   2060	  17112	   42d8	Memory_test.elf
Finished building: default.size.stdout
 
20:25:33 **** Incremental Build of configuration Debug for project EFES_PROJECT_ROVER ****
make -j12 all 
arm-none-eabi-size  EFES_PROJECT_ROVER.elf 
   text	   data	    bss	    dec	    hex	filename
  15704	     92	   2148	  17944	   4618	EFES_PROJECT_ROVER.elf
Finished building: default.size.stdout
 
20:25:33 **** Incremental Build of configuration Debug for project Memory_test ****
make -j12 all 
arm-none-eabi-gcc "../Core/Src/main.c" -mcpu=cortex-m4 -std=gnu11 -g3 -DDEBUG -DUSE_HAL_DRIVER -DSTM32F411xE -c -I../Core/Inc -I../Drivers/STM32F4xx_HAL_Driver/Inc -I../Drivers/STM32F4xx_HAL_Driver/Inc/Legacy -I../Drivers/CMSIS/Device/ST/STM32F4xx/Include -I../Drivers/CMSIS/Include -O0 -ffunction-sections -fdata-sections -Wall -fstack-usage -fcyclomatic-complexity -MMD -MP -MF"Core/Src/main.d" -MT"Core/Src/main.o" --specs=nano.specs -mfpu=fpv4-sp-d16 -mfloat-abi=hard -mthumb -o "Core/Src/main.o"
../Core/Src/main.c: In function 'main':
../Core/Src/main.c:95:56: warning: unused variable 'data_print4' [-Wunused-variable]
   95 |         uint8_t data_print1, data_print2, data_print3, data_print4;
      |                                                        ^~~~~~~~~~~
../Core/Src/main.c:95:43: warning: unused variable 'data_print3' [-Wunused-variable]
   95 |         uint8_t data_print1, data_print2, data_print3, data_print4;
      |                                           ^~~~~~~~~~~
../Core/Src/main.c:95:30: warning: unused variable 'data_print2' [-Wunused-variable]
   95 |         uint8_t data_print1, data_print2, data_print3, data_print4;
      |                              ^~~~~~~~~~~
../Core/Src/main.c:95:17: warning: unused variable 'data_print1' [-Wunused-variable]
   95 |         uint8_t data_print1, data_print2, data_print3, data_print4;
      |                 ^~~~~~~~~~~
../Core/Src/main.c:91:24: warning: variable 'data2' set but not used [-Wunused-but-set-variable]
   91 |         uint8_t data1, data2;
      |                        ^~~~~
../Core/Src/main.c:91:17: warning: variable 'data1' set but not used [-Wunused-but-set-variable]
   91 |         uint8_t data1, data2;
      |                 ^~~~~
../Core/Src/main.c:90:23: warning: unused variable 'masked_addr' [-Wunused-variable]
   90 |         uint32_t addr,masked_addr;
      |                       ^~~~~~~~~~~
../Core/Src/main.c:89:27: warning: variable 'returnStatus' set but not used [-Wunused-but-set-variable]
   89 |         HAL_StatusTypeDef returnStatus;
      |                           ^~~~~~~~~~~~
arm-none-eabi-gcc -o "Memory_test.elf" @"objects.list"   -mcpu=cortex-m4 -T"D:\Documenti\GitHub\EFES_project\Nucleo_dir\Memory_test\STM32F411RETX_FLASH.ld" --specs=nosys.specs -Wl,-Map="Memory_test.map" -Wl,--gc-sections -static --specs=nano.specs -mfpu=fpv4-sp-d16 -mfloat-abi=hard -mthumb -Wl,--start-group -lc -lm -Wl,--end-group
Finished building target: Memory_test.elf
 
arm-none-eabi-size  Memory_test.elf 
arm-none-eabi-objdump -h -S Memory_test.elf  > "Memory_test.list"
   text	   data	    bss	    dec	    hex	filename
  15048	     92	   2060	  17200	   4330	Memory_test.elf
Finished building: default.size.stdout
 
Finished building: Memory_test.list
 
20:25:36 **** Incremental Build of configuration Debug for project spi_test ****
make -j12 all 
arm-none-eabi-size  spi_test.elf 
   text	   data	    bss	    dec	    hex	filename
  14584	     92	   2060	  16736	   4160	spi_test.elf
Finished building: default.size.stdout
 
20:25:41 **** Incremental Build of configuration Debug for project Memory_test ****
make -j12 all 
arm-none-eabi-size  Memory_test.elf 
   text	   data	    bss	    dec	    hex	filename
  15048	     92	   2060	  17200	   4330	Memory_test.elf
Finished building: default.size.stdout
 
20:29:20 **** Incremental Build of configuration Debug for project Memory_test ****
make -j12 all 
arm-none-eabi-gcc "../Core/Src/main.c" -mcpu=cortex-m4 -std=gnu11 -g3 -DDEBUG -DUSE_HAL_DRIVER -DSTM32F411xE -c -I../Core/Inc -I../Drivers/STM32F4xx_HAL_Driver/Inc -I../Drivers/STM32F4xx_HAL_Driver/Inc/Legacy -I../Drivers/CMSIS/Device/ST/STM32F4xx/Include -I../Drivers/CMSIS/Include -O0 -ffunction-sections -fdata-sections -Wall -fstack-usage -fcyclomatic-complexity -MMD -MP -MF"Core/Src/main.d" -MT"Core/Src/main.o" --specs=nano.specs -mfpu=fpv4-sp-d16 -mfloat-abi=hard -mthumb -o "Core/Src/main.o"
../Core/Src/main.c: In function 'main':
../Core/Src/main.c:95:56: warning: unused variable 'data_print4' [-Wunused-variable]
   95 |         uint8_t data_print1, data_print2, data_print3, data_print4;
      |                                                        ^~~~~~~~~~~
../Core/Src/main.c:95:43: warning: unused variable 'data_print3' [-Wunused-variable]
   95 |         uint8_t data_print1, data_print2, data_print3, data_print4;
      |                                           ^~~~~~~~~~~
../Core/Src/main.c:95:30: warning: unused variable 'data_print2' [-Wunused-variable]
   95 |         uint8_t data_print1, data_print2, data_print3, data_print4;
      |                              ^~~~~~~~~~~
../Core/Src/main.c:95:17: warning: unused variable 'data_print1' [-Wunused-variable]
   95 |         uint8_t data_print1, data_print2, data_print3, data_print4;
      |                 ^~~~~~~~~~~
../Core/Src/main.c:91:24: warning: variable 'data2' set but not used [-Wunused-but-set-variable]
   91 |         uint8_t data1, data2;
      |                        ^~~~~
../Core/Src/main.c:91:17: warning: variable 'data1' set but not used [-Wunused-but-set-variable]
   91 |         uint8_t data1, data2;
      |                 ^~~~~
../Core/Src/main.c:90:23: warning: unused variable 'masked_addr' [-Wunused-variable]
   90 |         uint32_t addr,masked_addr;
      |                       ^~~~~~~~~~~
../Core/Src/main.c:89:27: warning: variable 'returnStatus' set but not used [-Wunused-but-set-variable]
   89 |         HAL_StatusTypeDef returnStatus;
      |                           ^~~~~~~~~~~~
arm-none-eabi-gcc -o "Memory_test.elf" @"objects.list"   -mcpu=cortex-m4 -T"D:\Documenti\GitHub\EFES_project\Nucleo_dir\Memory_test\STM32F411RETX_FLASH.ld" --specs=nosys.specs -Wl,-Map="Memory_test.map" -Wl,--gc-sections -static --specs=nano.specs -mfpu=fpv4-sp-d16 -mfloat-abi=hard -mthumb -Wl,--start-group -lc -lm -Wl,--end-group
Finished building target: Memory_test.elf
 
arm-none-eabi-size  Memory_test.elf 
arm-none-eabi-objdump -h -S Memory_test.elf  > "Memory_test.list"
   text	   data	    bss	    dec	    hex	filename
  15052	     92	   2060	  17204	   4334	Memory_test.elf
Finished building: default.size.stdout
 
Finished building: Memory_test.list
 
20:36:15 **** Incremental Build of configuration Debug for project EFES_PROJECT_ROVER ****
make -j12 all 
arm-none-eabi-gcc "../Core/Src/main.c" -mcpu=cortex-m4 -std=gnu11 -g3 -DDEBUG -DUSE_HAL_DRIVER -DSTM32F411xE -c -I../Core/Inc -I../Drivers/STM32F4xx_HAL_Driver/Inc -I../Drivers/STM32F4xx_HAL_Driver/Inc/Legacy -I../Drivers/CMSIS/Device/ST/STM32F4xx/Include -I../Drivers/CMSIS/Include -O0 -ffunction-sections -fdata-sections -Wall -fstack-usage -fcyclomatic-complexity -MMD -MP -MF"Core/Src/main.d" -MT"Core/Src/main.o" --specs=nano.specs -mfpu=fpv4-sp-d16 -mfloat-abi=hard -mthumb -o "Core/Src/main.o"
arm-none-eabi-gcc -o "EFES_PROJECT_ROVER.elf" @"objects.list"   -mcpu=cortex-m4 -T"D:\Documenti\GitHub\EFES_project\Nucleo_dir\EFES_PROJECT_ROVER\STM32F411RETX_FLASH.ld" --specs=nosys.specs -Wl,-Map="EFES_PROJECT_ROVER.map" -Wl,--gc-sections -static --specs=nano.specs -mfpu=fpv4-sp-d16 -mfloat-abi=hard -mthumb -Wl,--start-group -lc -lm -Wl,--end-group
Finished building target: EFES_PROJECT_ROVER.elf
 
arm-none-eabi-size  EFES_PROJECT_ROVER.elf 
arm-none-eabi-objdump -h -S EFES_PROJECT_ROVER.elf  > "EFES_PROJECT_ROVER.list"
   text	   data	    bss	    dec	    hex	filename
  15820	     92	   2148	  18060	   468c	EFES_PROJECT_ROVER.elf
Finished building: default.size.stdout
 
Finished building: EFES_PROJECT_ROVER.list
 
20:36:18 **** Incremental Build of configuration Debug for project Memory_test ****
make -j12 all 
arm-none-eabi-gcc "../Core/Src/main.c" -mcpu=cortex-m4 -std=gnu11 -g3 -DDEBUG -DUSE_HAL_DRIVER -DSTM32F411xE -c -I../Core/Inc -I../Drivers/STM32F4xx_HAL_Driver/Inc -I../Drivers/STM32F4xx_HAL_Driver/Inc/Legacy -I../Drivers/CMSIS/Device/ST/STM32F4xx/Include -I../Drivers/CMSIS/Include -O0 -ffunction-sections -fdata-sections -Wall -fstack-usage -fcyclomatic-complexity -MMD -MP -MF"Core/Src/main.d" -MT"Core/Src/main.o" --specs=nano.specs -mfpu=fpv4-sp-d16 -mfloat-abi=hard -mthumb -o "Core/Src/main.o"
../Core/Src/main.c: In function 'main':
../Core/Src/main.c:96:17: warning: unused variable 'from_mem' [-Wunused-variable]
   96 |         uint8_t from_mem;
      |                 ^~~~~~~~
../Core/Src/main.c:95:56: warning: variable 'data_print4' set but not used [-Wunused-but-set-variable]
   95 |         uint8_t data_print1, data_print2, data_print3, data_print4;
      |                                                        ^~~~~~~~~~~
../Core/Src/main.c:95:43: warning: variable 'data_print3' set but not used [-Wunused-but-set-variable]
   95 |         uint8_t data_print1, data_print2, data_print3, data_print4;
      |                                           ^~~~~~~~~~~
../Core/Src/main.c:95:30: warning: variable 'data_print2' set but not used [-Wunused-but-set-variable]
   95 |         uint8_t data_print1, data_print2, data_print3, data_print4;
      |                              ^~~~~~~~~~~
../Core/Src/main.c:95:17: warning: variable 'data_print1' set but not used [-Wunused-but-set-variable]
   95 |         uint8_t data_print1, data_print2, data_print3, data_print4;
      |                 ^~~~~~~~~~~
../Core/Src/main.c:89:27: warning: variable 'returnStatus' set but not used [-Wunused-but-set-variable]
   89 |         HAL_StatusTypeDef returnStatus;
      |                           ^~~~~~~~~~~~
arm-none-eabi-gcc -o "Memory_test.elf" @"objects.list"   -mcpu=cortex-m4 -T"D:\Documenti\GitHub\EFES_project\Nucleo_dir\Memory_test\STM32F411RETX_FLASH.ld" --specs=nosys.specs -Wl,-Map="Memory_test.map" -Wl,--gc-sections -static --specs=nano.specs -mfpu=fpv4-sp-d16 -mfloat-abi=hard -mthumb -Wl,--start-group -lc -lm -Wl,--end-group
Finished building target: Memory_test.elf
 
arm-none-eabi-size  Memory_test.elf 
arm-none-eabi-objdump -h -S Memory_test.elf  > "Memory_test.list"
   text	   data	    bss	    dec	    hex	filename
  15100	     92	   2060	  17252	   4364	Memory_test.elf
Finished building: default.size.stdout
 
Finished building: Memory_test.list
 
20:36:19 **** Incremental Build of configuration Debug for project spi_test ****
make -j12 all 
arm-none-eabi-size  spi_test.elf 
   text	   data	    bss	    dec	    hex	filename
  14584	     92	   2060	  16736	   4160	spi_test.elf
Finished building: default.size.stdout
 
20:36:30 **** Incremental Build of configuration Debug for project Memory_test ****
make -j12 all 
arm-none-eabi-size  Memory_test.elf 
   text	   data	    bss	    dec	    hex	filename
  15100	     92	   2060	  17252	   4364	Memory_test.elf
Finished building: default.size.stdout
 
20:43:25 **** Incremental Build of configuration Debug for project EFES_PROJECT_ROVER ****
make -j12 all 
arm-none-eabi-gcc "../Core/Src/main.c" -mcpu=cortex-m4 -std=gnu11 -g3 -DDEBUG -DUSE_HAL_DRIVER -DSTM32F411xE -c -I../Core/Inc -I../Drivers/STM32F4xx_HAL_Driver/Inc -I../Drivers/STM32F4xx_HAL_Driver/Inc/Legacy -I../Drivers/CMSIS/Device/ST/STM32F4xx/Include -I../Drivers/CMSIS/Include -O0 -ffunction-sections -fdata-sections -Wall -fstack-usage -fcyclomatic-complexity -MMD -MP -MF"Core/Src/main.d" -MT"Core/Src/main.o" --specs=nano.specs -mfpu=fpv4-sp-d16 -mfloat-abi=hard -mthumb -o "Core/Src/main.o"
arm-none-eabi-gcc -o "EFES_PROJECT_ROVER.elf" @"objects.list"   -mcpu=cortex-m4 -T"D:\Documenti\GitHub\EFES_project\Nucleo_dir\EFES_PROJECT_ROVER\STM32F411RETX_FLASH.ld" --specs=nosys.specs -Wl,-Map="EFES_PROJECT_ROVER.map" -Wl,--gc-sections -static --specs=nano.specs -mfpu=fpv4-sp-d16 -mfloat-abi=hard -mthumb -Wl,--start-group -lc -lm -Wl,--end-group
Finished building target: EFES_PROJECT_ROVER.elf
 
arm-none-eabi-size  EFES_PROJECT_ROVER.elf 
arm-none-eabi-objdump -h -S EFES_PROJECT_ROVER.elf  > "EFES_PROJECT_ROVER.list"
   text	   data	    bss	    dec	    hex	filename
  15820	     92	   2148	  18060	   468c	EFES_PROJECT_ROVER.elf
Finished building: default.size.stdout
 
Finished building: EFES_PROJECT_ROVER.list
 
20:43:27 **** Incremental Build of configuration Debug for project Memory_test ****
make -j12 all 
arm-none-eabi-size  Memory_test.elf 
   text	   data	    bss	    dec	    hex	filename
  15100	     92	   2060	  17252	   4364	Memory_test.elf
Finished building: default.size.stdout
 
20:43:27 **** Incremental Build of configuration Debug for project spi_test ****
make -j12 all 
arm-none-eabi-size  spi_test.elf 
   text	   data	    bss	    dec	    hex	filename
  14584	     92	   2060	  16736	   4160	spi_test.elf
Finished building: default.size.stdout
 
20:43:36 **** Incremental Build of configuration Debug for project EFES_PROJECT_ROVER ****
make -j12 all 
arm-none-eabi-size  EFES_PROJECT_ROVER.elf 
   text	   data	    bss	    dec	    hex	filename
  15820	     92	   2148	  18060	   468c	EFES_PROJECT_ROVER.elf
Finished building: default.size.stdout
 
20:47:10 **** Incremental Build of configuration Debug for project EFES_PROJECT_ROVER ****
make -j12 all 
arm-none-eabi-size  EFES_PROJECT_ROVER.elf 
   text	   data	    bss	    dec	    hex	filename
  15820	     92	   2148	  18060	   468c	EFES_PROJECT_ROVER.elf
Finished building: default.size.stdout
 
20:48:35 **** Incremental Build of configuration Debug for project EFES_PROJECT_ROVER ****
make -j12 all 
arm-none-eabi-size  EFES_PROJECT_ROVER.elf 
   text	   data	    bss	    dec	    hex	filename
  15820	     92	   2148	  18060	   468c	EFES_PROJECT_ROVER.elf
Finished building: default.size.stdout
 
20:48:35 **** Incremental Build of configuration Debug for project Memory_test ****
make -j12 all 
arm-none-eabi-size  Memory_test.elf 
   text	   data	    bss	    dec	    hex	filename
  15100	     92	   2060	  17252	   4364	Memory_test.elf
Finished building: default.size.stdout
 
20:48:36 **** Clean-only build of configuration Debug for project blink_test ****
make -j12 clean 
rm -rf ./Drivers/STM32F4xx_HAL_Driver/Src/stm32f4xx_hal.cyclo ./Drivers/STM32F4xx_HAL_Driver/Src/stm32f4xx_hal.d ./Drivers/STM32F4xx_HAL_Driver/Src/stm32f4xx_hal.o ./Drivers/STM32F4xx_HAL_Driver/Src/stm32f4xx_hal.su ./Drivers/STM32F4xx_HAL_Driver/Src/stm32f4xx_hal_cortex.cyclo ./Drivers/STM32F4xx_HAL_Driver/Src/stm32f4xx_hal_cortex.d ./Drivers/STM32F4xx_HAL_Driver/Src/stm32f4xx_hal_cortex.o ./Drivers/STM32F4xx_HAL_Driver/Src/stm32f4xx_hal_cortex.su ./Drivers/STM32F4xx_HAL_Driver/Src/stm32f4xx_hal_dma.cyclo ./Drivers/STM32F4xx_HAL_Driver/Src/stm32f4xx_hal_dma.d ./Drivers/STM32F4xx_HAL_Driver/Src/stm32f4xx_hal_dma.o ./Drivers/STM32F4xx_HAL_Driver/Src/stm32f4xx_hal_dma.su ./Drivers/STM32F4xx_HAL_Driver/Src/stm32f4xx_hal_dma_ex.cyclo ./Drivers/STM32F4xx_HAL_Driver/Src/stm32f4xx_hal_dma_ex.d ./Drivers/STM32F4xx_HAL_Driver/Src/stm32f4xx_hal_dma_ex.o ./Drivers/STM32F4xx_HAL_Driver/Src/stm32f4xx_hal_dma_ex.su ./Drivers/STM32F4xx_HAL_Driver/Src/stm32f4xx_hal_exti.cyclo ./Drivers/STM32F4xx_HAL_Driver/Src/stm32f4xx_hal_exti.d ./Drivers/STM32F4xx_HAL_Driver/Src/stm32f4xx_hal_exti.o ./Drivers/STM32F4xx_HAL_Driver/Src/stm32f4xx_hal_exti.su ./Drivers/STM32F4xx_HAL_Driver/Src/stm32f4xx_hal_flash.cyclo ./Drivers/STM32F4xx_HAL_Driver/Src/stm32f4xx_hal_flash.d ./Drivers/STM32F4xx_HAL_Driver/Src/stm32f4xx_hal_flash.o ./Drivers/STM32F4xx_HAL_Driver/Src/stm32f4xx_hal_flash.su ./Drivers/STM32F4xx_HAL_Driver/Src/stm32f4xx_hal_flash_ex.cyclo ./Drivers/STM32F4xx_HAL_Driver/Src/stm32f4xx_hal_flash_ex.d ./Drivers/STM32F4xx_HAL_Driver/Src/stm32f4xx_hal_flash_ex.o ./Drivers/STM32F4xx_HAL_Driver/Src/stm32f4xx_hal_flash_ex.su ./Drivers/STM32F4xx_HAL_Driver/Src/stm32f4xx_hal_flash_ramfunc.cyclo ./Drivers/STM32F4xx_HAL_Driver/Src/stm32f4xx_hal_flash_ramfunc.d ./Drivers/STM32F4xx_HAL_Driver/Src/stm32f4xx_hal_flash_ramfunc.o ./Drivers/STM32F4xx_HAL_Driver/Src/stm32f4xx_hal_flash_ramfunc.su ./Drivers/STM32F4xx_HAL_Driver/Src/stm32f4xx_hal_gpio.cyclo ./Drivers/STM32F4xx_HAL_Driver/Src/stm32f4xx_hal_gpio.d ./Drivers/STM32F4xx_HAL_Driver/Src/stm32f4xx_hal_gpio.o ./Drivers/STM32F4xx_HAL_Driver/Src/stm32f4xx_hal_gpio.su ./Drivers/STM32F4xx_HAL_Driver/Src/stm32f4xx_hal_pwr.cyclo ./Drivers/STM32F4xx_HAL_Driver/Src/stm32f4xx_hal_pwr.d ./Drivers/STM32F4xx_HAL_Driver/Src/stm32f4xx_hal_pwr.o ./Drivers/STM32F4xx_HAL_Driver/Src/stm32f4xx_hal_pwr.su ./Drivers/STM32F4xx_HAL_Driver/Src/stm32f4xx_hal_pwr_ex.cyclo ./Drivers/STM32F4xx_HAL_Driver/Src/stm32f4xx_hal_pwr_ex.d ./Drivers/STM32F4xx_HAL_Driver/Src/stm32f4xx_hal_pwr_ex.o ./Drivers/STM32F4xx_HAL_Driver/Src/stm32f4xx_hal_pwr_ex.su ./Drivers/STM32F4xx_HAL_Driver/Src/stm32f4xx_hal_rcc.cyclo ./Drivers/STM32F4xx_HAL_Driver/Src/stm32f4xx_hal_rcc.d ./Drivers/STM32F4xx_HAL_Driver/Src/stm32f4xx_hal_rcc.o ./Drivers/STM32F4xx_HAL_Driver/Src/stm32f4xx_hal_rcc.su ./Drivers/STM32F4xx_HAL_Driver/Src/stm32f4xx_hal_rcc_ex.cyclo ./Drivers/STM32F4xx_HAL_Driver/Src/stm32f4xx_hal_rcc_ex.d ./Drivers/STM32F4xx_HAL_Driver/Src/stm32f4xx_hal_rcc_ex.o ./Drivers/STM32F4xx_HAL_Driver/Src/stm32f4xx_hal_rcc_ex.su ./Drivers/STM32F4xx_HAL_Driver/Src/stm32f4xx_hal_tim.cyclo ./Drivers/STM32F4xx_HAL_Driver/Src/stm32f4xx_hal_tim.d ./Drivers/STM32F4xx_HAL_Driver/Src/stm32f4xx_hal_tim.o ./Drivers/STM32F4xx_HAL_Driver/Src/stm32f4xx_hal_tim.su ./Drivers/STM32F4xx_HAL_Driver/Src/stm32f4xx_hal_tim_ex.cyclo ./Drivers/STM32F4xx_HAL_Driver/Src/stm32f4xx_hal_tim_ex.d ./Drivers/STM32F4xx_HAL_Driver/Src/stm32f4xx_hal_tim_ex.o ./Drivers/STM32F4xx_HAL_Driver/Src/stm32f4xx_hal_tim_ex.su ./Drivers/STM32F4xx_HAL_Driver/Src/stm32f4xx_hal_uart.cyclo ./Drivers/STM32F4xx_HAL_Driver/Src/stm32f4xx_hal_uart.d ./Drivers/STM32F4xx_HAL_Driver/Src/stm32f4xx_hal_uart.o ./Drivers/STM32F4xx_HAL_Driver/Src/stm32f4xx_hal_uart.su
rm -rf ./Core/Startup/startup_stm32f411retx.d ./Core/Startup/startup_stm32f411retx.o
rm -rf ./Core/Src/main.cyclo ./Core/Src/main.d ./Core/Src/main.o ./Core/Src/main.su ./Core/Src/stm32f4xx_hal_msp.cyclo ./Core/Src/stm32f4xx_hal_msp.d ./Core/Src/stm32f4xx_hal_msp.o ./Core/Src/stm32f4xx_hal_msp.su ./Core/Src/stm32f4xx_it.cyclo ./Core/Src/stm32f4xx_it.d ./Core/Src/stm32f4xx_it.o ./Core/Src/stm32f4xx_it.su ./Core/Src/syscalls.cyclo ./Core/Src/syscalls.d ./Core/Src/syscalls.o ./Core/Src/syscalls.su ./Core/Src/sysmem.cyclo ./Core/Src/sysmem.d ./Core/Src/sysmem.o ./Core/Src/sysmem.su ./Core/Src/system_stm32f4xx.cyclo ./Core/Src/system_stm32f4xx.d ./Core/Src/system_stm32f4xx.o ./Core/Src/system_stm32f4xx.su
rm -rf blink_test.elf blink_test.list blink_test.map default.size.stdout
 
20:48:36 **** Build of configuration Debug for project blink_test ****
make -j12 all 
arm-none-eabi-gcc "../Drivers/STM32F4xx_HAL_Driver/Src/stm32f4xx_hal.c" -mcpu=cortex-m4 -std=gnu11 -g3 -DDEBUG -DUSE_HAL_DRIVER -DSTM32F411xE -c -I../Core/Inc -I../Drivers/STM32F4xx_HAL_Driver/Inc -I../Drivers/STM32F4xx_HAL_Driver/Inc/Legacy -I../Drivers/CMSIS/Device/ST/STM32F4xx/Include -I../Drivers/CMSIS/Include -O0 -ffunction-sections -fdata-sections -Wall -fstack-usage -fcyclomatic-complexity -MMD -MP -MF"Drivers/STM32F4xx_HAL_Driver/Src/stm32f4xx_hal.d" -MT"Drivers/STM32F4xx_HAL_Driver/Src/stm32f4xx_hal.o" --specs=nano.specs -mfpu=fpv4-sp-d16 -mfloat-abi=hard -mthumb -o "Drivers/STM32F4xx_HAL_Driver/Src/stm32f4xx_hal.o"
arm-none-eabi-gcc "../Drivers/STM32F4xx_HAL_Driver/Src/stm32f4xx_hal_cortex.c" -mcpu=cortex-m4 -std=gnu11 -g3 -DDEBUG -DUSE_HAL_DRIVER -DSTM32F411xE -c -I../Core/Inc -I../Drivers/STM32F4xx_HAL_Driver/Inc -I../Drivers/STM32F4xx_HAL_Driver/Inc/Legacy -I../Drivers/CMSIS/Device/ST/STM32F4xx/Include -I../Drivers/CMSIS/Include -O0 -ffunction-sections -fdata-sections -Wall -fstack-usage -fcyclomatic-complexity -MMD -MP -MF"Drivers/STM32F4xx_HAL_Driver/Src/stm32f4xx_hal_cortex.d" -MT"Drivers/STM32F4xx_HAL_Driver/Src/stm32f4xx_hal_cortex.o" --specs=nano.specs -mfpu=fpv4-sp-d16 -mfloat-abi=hard -mthumb -o "Drivers/STM32F4xx_HAL_Driver/Src/stm32f4xx_hal_cortex.o"
arm-none-eabi-gcc "../Drivers/STM32F4xx_HAL_Driver/Src/stm32f4xx_hal_dma.c" -mcpu=cortex-m4 -std=gnu11 -g3 -DDEBUG -DUSE_HAL_DRIVER -DSTM32F411xE -c -I../Core/Inc -I../Drivers/STM32F4xx_HAL_Driver/Inc -I../Drivers/STM32F4xx_HAL_Driver/Inc/Legacy -I../Drivers/CMSIS/Device/ST/STM32F4xx/Include -I../Drivers/CMSIS/Include -O0 -ffunction-sections -fdata-sections -Wall -fstack-usage -fcyclomatic-complexity -MMD -MP -MF"Drivers/STM32F4xx_HAL_Driver/Src/stm32f4xx_hal_dma.d" -MT"Drivers/STM32F4xx_HAL_Driver/Src/stm32f4xx_hal_dma.o" --specs=nano.specs -mfpu=fpv4-sp-d16 -mfloat-abi=hard -mthumb -o "Drivers/STM32F4xx_HAL_Driver/Src/stm32f4xx_hal_dma.o"
arm-none-eabi-gcc "../Drivers/STM32F4xx_HAL_Driver/Src/stm32f4xx_hal_dma_ex.c" -mcpu=cortex-m4 -std=gnu11 -g3 -DDEBUG -DUSE_HAL_DRIVER -DSTM32F411xE -c -I../Core/Inc -I../Drivers/STM32F4xx_HAL_Driver/Inc -I../Drivers/STM32F4xx_HAL_Driver/Inc/Legacy -I../Drivers/CMSIS/Device/ST/STM32F4xx/Include -I../Drivers/CMSIS/Include -O0 -ffunction-sections -fdata-sections -Wall -fstack-usage -fcyclomatic-complexity -MMD -MP -MF"Drivers/STM32F4xx_HAL_Driver/Src/stm32f4xx_hal_dma_ex.d" -MT"Drivers/STM32F4xx_HAL_Driver/Src/stm32f4xx_hal_dma_ex.o" --specs=nano.specs -mfpu=fpv4-sp-d16 -mfloat-abi=hard -mthumb -o "Drivers/STM32F4xx_HAL_Driver/Src/stm32f4xx_hal_dma_ex.o"
arm-none-eabi-gcc "../Drivers/STM32F4xx_HAL_Driver/Src/stm32f4xx_hal_exti.c" -mcpu=cortex-m4 -std=gnu11 -g3 -DDEBUG -DUSE_HAL_DRIVER -DSTM32F411xE -c -I../Core/Inc -I../Drivers/STM32F4xx_HAL_Driver/Inc -I../Drivers/STM32F4xx_HAL_Driver/Inc/Legacy -I../Drivers/CMSIS/Device/ST/STM32F4xx/Include -I../Drivers/CMSIS/Include -O0 -ffunction-sections -fdata-sections -Wall -fstack-usage -fcyclomatic-complexity -MMD -MP -MF"Drivers/STM32F4xx_HAL_Driver/Src/stm32f4xx_hal_exti.d" -MT"Drivers/STM32F4xx_HAL_Driver/Src/stm32f4xx_hal_exti.o" --specs=nano.specs -mfpu=fpv4-sp-d16 -mfloat-abi=hard -mthumb -o "Drivers/STM32F4xx_HAL_Driver/Src/stm32f4xx_hal_exti.o"
arm-none-eabi-gcc "../Drivers/STM32F4xx_HAL_Driver/Src/stm32f4xx_hal_flash.c" -mcpu=cortex-m4 -std=gnu11 -g3 -DDEBUG -DUSE_HAL_DRIVER -DSTM32F411xE -c -I../Core/Inc -I../Drivers/STM32F4xx_HAL_Driver/Inc -I../Drivers/STM32F4xx_HAL_Driver/Inc/Legacy -I../Drivers/CMSIS/Device/ST/STM32F4xx/Include -I../Drivers/CMSIS/Include -O0 -ffunction-sections -fdata-sections -Wall -fstack-usage -fcyclomatic-complexity -MMD -MP -MF"Drivers/STM32F4xx_HAL_Driver/Src/stm32f4xx_hal_flash.d" -MT"Drivers/STM32F4xx_HAL_Driver/Src/stm32f4xx_hal_flash.o" --specs=nano.specs -mfpu=fpv4-sp-d16 -mfloat-abi=hard -mthumb -o "Drivers/STM32F4xx_HAL_Driver/Src/stm32f4xx_hal_flash.o"
arm-none-eabi-gcc "../Drivers/STM32F4xx_HAL_Driver/Src/stm32f4xx_hal_flash_ex.c" -mcpu=cortex-m4 -std=gnu11 -g3 -DDEBUG -DUSE_HAL_DRIVER -DSTM32F411xE -c -I../Core/Inc -I../Drivers/STM32F4xx_HAL_Driver/Inc -I../Drivers/STM32F4xx_HAL_Driver/Inc/Legacy -I../Drivers/CMSIS/Device/ST/STM32F4xx/Include -I../Drivers/CMSIS/Include -O0 -ffunction-sections -fdata-sections -Wall -fstack-usage -fcyclomatic-complexity -MMD -MP -MF"Drivers/STM32F4xx_HAL_Driver/Src/stm32f4xx_hal_flash_ex.d" -MT"Drivers/STM32F4xx_HAL_Driver/Src/stm32f4xx_hal_flash_ex.o" --specs=nano.specs -mfpu=fpv4-sp-d16 -mfloat-abi=hard -mthumb -o "Drivers/STM32F4xx_HAL_Driver/Src/stm32f4xx_hal_flash_ex.o"
arm-none-eabi-gcc "../Drivers/STM32F4xx_HAL_Driver/Src/stm32f4xx_hal_flash_ramfunc.c" -mcpu=cortex-m4 -std=gnu11 -g3 -DDEBUG -DUSE_HAL_DRIVER -DSTM32F411xE -c -I../Core/Inc -I../Drivers/STM32F4xx_HAL_Driver/Inc -I../Drivers/STM32F4xx_HAL_Driver/Inc/Legacy -I../Drivers/CMSIS/Device/ST/STM32F4xx/Include -I../Drivers/CMSIS/Include -O0 -ffunction-sections -fdata-sections -Wall -fstack-usage -fcyclomatic-complexity -MMD -MP -MF"Drivers/STM32F4xx_HAL_Driver/Src/stm32f4xx_hal_flash_ramfunc.d" -MT"Drivers/STM32F4xx_HAL_Driver/Src/stm32f4xx_hal_flash_ramfunc.o" --specs=nano.specs -mfpu=fpv4-sp-d16 -mfloat-abi=hard -mthumb -o "Drivers/STM32F4xx_HAL_Driver/Src/stm32f4xx_hal_flash_ramfunc.o"
arm-none-eabi-gcc "../Drivers/STM32F4xx_HAL_Driver/Src/stm32f4xx_hal_gpio.c" -mcpu=cortex-m4 -std=gnu11 -g3 -DDEBUG -DUSE_HAL_DRIVER -DSTM32F411xE -c -I../Core/Inc -I../Drivers/STM32F4xx_HAL_Driver/Inc -I../Drivers/STM32F4xx_HAL_Driver/Inc/Legacy -I../Drivers/CMSIS/Device/ST/STM32F4xx/Include -I../Drivers/CMSIS/Include -O0 -ffunction-sections -fdata-sections -Wall -fstack-usage -fcyclomatic-complexity -MMD -MP -MF"Drivers/STM32F4xx_HAL_Driver/Src/stm32f4xx_hal_gpio.d" -MT"Drivers/STM32F4xx_HAL_Driver/Src/stm32f4xx_hal_gpio.o" --specs=nano.specs -mfpu=fpv4-sp-d16 -mfloat-abi=hard -mthumb -o "Drivers/STM32F4xx_HAL_Driver/Src/stm32f4xx_hal_gpio.o"
arm-none-eabi-gcc "../Drivers/STM32F4xx_HAL_Driver/Src/stm32f4xx_hal_pwr.c" -mcpu=cortex-m4 -std=gnu11 -g3 -DDEBUG -DUSE_HAL_DRIVER -DSTM32F411xE -c -I../Core/Inc -I../Drivers/STM32F4xx_HAL_Driver/Inc -I../Drivers/STM32F4xx_HAL_Driver/Inc/Legacy -I../Drivers/CMSIS/Device/ST/STM32F4xx/Include -I../Drivers/CMSIS/Include -O0 -ffunction-sections -fdata-sections -Wall -fstack-usage -fcyclomatic-complexity -MMD -MP -MF"Drivers/STM32F4xx_HAL_Driver/Src/stm32f4xx_hal_pwr.d" -MT"Drivers/STM32F4xx_HAL_Driver/Src/stm32f4xx_hal_pwr.o" --specs=nano.specs -mfpu=fpv4-sp-d16 -mfloat-abi=hard -mthumb -o "Drivers/STM32F4xx_HAL_Driver/Src/stm32f4xx_hal_pwr.o"
arm-none-eabi-gcc "../Drivers/STM32F4xx_HAL_Driver/Src/stm32f4xx_hal_pwr_ex.c" -mcpu=cortex-m4 -std=gnu11 -g3 -DDEBUG -DUSE_HAL_DRIVER -DSTM32F411xE -c -I../Core/Inc -I../Drivers/STM32F4xx_HAL_Driver/Inc -I../Drivers/STM32F4xx_HAL_Driver/Inc/Legacy -I../Drivers/CMSIS/Device/ST/STM32F4xx/Include -I../Drivers/CMSIS/Include -O0 -ffunction-sections -fdata-sections -Wall -fstack-usage -fcyclomatic-complexity -MMD -MP -MF"Drivers/STM32F4xx_HAL_Driver/Src/stm32f4xx_hal_pwr_ex.d" -MT"Drivers/STM32F4xx_HAL_Driver/Src/stm32f4xx_hal_pwr_ex.o" --specs=nano.specs -mfpu=fpv4-sp-d16 -mfloat-abi=hard -mthumb -o "Drivers/STM32F4xx_HAL_Driver/Src/stm32f4xx_hal_pwr_ex.o"
arm-none-eabi-gcc "../Drivers/STM32F4xx_HAL_Driver/Src/stm32f4xx_hal_rcc.c" -mcpu=cortex-m4 -std=gnu11 -g3 -DDEBUG -DUSE_HAL_DRIVER -DSTM32F411xE -c -I../Core/Inc -I../Drivers/STM32F4xx_HAL_Driver/Inc -I../Drivers/STM32F4xx_HAL_Driver/Inc/Legacy -I../Drivers/CMSIS/Device/ST/STM32F4xx/Include -I../Drivers/CMSIS/Include -O0 -ffunction-sections -fdata-sections -Wall -fstack-usage -fcyclomatic-complexity -MMD -MP -MF"Drivers/STM32F4xx_HAL_Driver/Src/stm32f4xx_hal_rcc.d" -MT"Drivers/STM32F4xx_HAL_Driver/Src/stm32f4xx_hal_rcc.o" --specs=nano.specs -mfpu=fpv4-sp-d16 -mfloat-abi=hard -mthumb -o "Drivers/STM32F4xx_HAL_Driver/Src/stm32f4xx_hal_rcc.o"
arm-none-eabi-gcc "../Drivers/STM32F4xx_HAL_Driver/Src/stm32f4xx_hal_rcc_ex.c" -mcpu=cortex-m4 -std=gnu11 -g3 -DDEBUG -DUSE_HAL_DRIVER -DSTM32F411xE -c -I../Core/Inc -I../Drivers/STM32F4xx_HAL_Driver/Inc -I../Drivers/STM32F4xx_HAL_Driver/Inc/Legacy -I../Drivers/CMSIS/Device/ST/STM32F4xx/Include -I../Drivers/CMSIS/Include -O0 -ffunction-sections -fdata-sections -Wall -fstack-usage -fcyclomatic-complexity -MMD -MP -MF"Drivers/STM32F4xx_HAL_Driver/Src/stm32f4xx_hal_rcc_ex.d" -MT"Drivers/STM32F4xx_HAL_Driver/Src/stm32f4xx_hal_rcc_ex.o" --specs=nano.specs -mfpu=fpv4-sp-d16 -mfloat-abi=hard -mthumb -o "Drivers/STM32F4xx_HAL_Driver/Src/stm32f4xx_hal_rcc_ex.o"
arm-none-eabi-gcc "../Drivers/STM32F4xx_HAL_Driver/Src/stm32f4xx_hal_tim.c" -mcpu=cortex-m4 -std=gnu11 -g3 -DDEBUG -DUSE_HAL_DRIVER -DSTM32F411xE -c -I../Core/Inc -I../Drivers/STM32F4xx_HAL_Driver/Inc -I../Drivers/STM32F4xx_HAL_Driver/Inc/Legacy -I../Drivers/CMSIS/Device/ST/STM32F4xx/Include -I../Drivers/CMSIS/Include -O0 -ffunction-sections -fdata-sections -Wall -fstack-usage -fcyclomatic-complexity -MMD -MP -MF"Drivers/STM32F4xx_HAL_Driver/Src/stm32f4xx_hal_tim.d" -MT"Drivers/STM32F4xx_HAL_Driver/Src/stm32f4xx_hal_tim.o" --specs=nano.specs -mfpu=fpv4-sp-d16 -mfloat-abi=hard -mthumb -o "Drivers/STM32F4xx_HAL_Driver/Src/stm32f4xx_hal_tim.o"
arm-none-eabi-gcc "../Drivers/STM32F4xx_HAL_Driver/Src/stm32f4xx_hal_tim_ex.c" -mcpu=cortex-m4 -std=gnu11 -g3 -DDEBUG -DUSE_HAL_DRIVER -DSTM32F411xE -c -I../Core/Inc -I../Drivers/STM32F4xx_HAL_Driver/Inc -I../Drivers/STM32F4xx_HAL_Driver/Inc/Legacy -I../Drivers/CMSIS/Device/ST/STM32F4xx/Include -I../Drivers/CMSIS/Include -O0 -ffunction-sections -fdata-sections -Wall -fstack-usage -fcyclomatic-complexity -MMD -MP -MF"Drivers/STM32F4xx_HAL_Driver/Src/stm32f4xx_hal_tim_ex.d" -MT"Drivers/STM32F4xx_HAL_Driver/Src/stm32f4xx_hal_tim_ex.o" --specs=nano.specs -mfpu=fpv4-sp-d16 -mfloat-abi=hard -mthumb -o "Drivers/STM32F4xx_HAL_Driver/Src/stm32f4xx_hal_tim_ex.o"
arm-none-eabi-gcc "../Drivers/STM32F4xx_HAL_Driver/Src/stm32f4xx_hal_uart.c" -mcpu=cortex-m4 -std=gnu11 -g3 -DDEBUG -DUSE_HAL_DRIVER -DSTM32F411xE -c -I../Core/Inc -I../Drivers/STM32F4xx_HAL_Driver/Inc -I../Drivers/STM32F4xx_HAL_Driver/Inc/Legacy -I../Drivers/CMSIS/Device/ST/STM32F4xx/Include -I../Drivers/CMSIS/Include -O0 -ffunction-sections -fdata-sections -Wall -fstack-usage -fcyclomatic-complexity -MMD -MP -MF"Drivers/STM32F4xx_HAL_Driver/Src/stm32f4xx_hal_uart.d" -MT"Drivers/STM32F4xx_HAL_Driver/Src/stm32f4xx_hal_uart.o" --specs=nano.specs -mfpu=fpv4-sp-d16 -mfloat-abi=hard -mthumb -o "Drivers/STM32F4xx_HAL_Driver/Src/stm32f4xx_hal_uart.o"
arm-none-eabi-gcc -mcpu=cortex-m4 -g3 -DDEBUG -c -x assembler-with-cpp -MMD -MP -MF"Core/Startup/startup_stm32f411retx.d" -MT"Core/Startup/startup_stm32f411retx.o" --specs=nano.specs -mfpu=fpv4-sp-d16 -mfloat-abi=hard -mthumb -o "Core/Startup/startup_stm32f411retx.o" "../Core/Startup/startup_stm32f411retx.s"
arm-none-eabi-gcc "../Core/Src/main.c" -mcpu=cortex-m4 -std=gnu11 -g3 -DDEBUG -DUSE_HAL_DRIVER -DSTM32F411xE -c -I../Core/Inc -I../Drivers/STM32F4xx_HAL_Driver/Inc -I../Drivers/STM32F4xx_HAL_Driver/Inc/Legacy -I../Drivers/CMSIS/Device/ST/STM32F4xx/Include -I../Drivers/CMSIS/Include -O0 -ffunction-sections -fdata-sections -Wall -fstack-usage -fcyclomatic-complexity -MMD -MP -MF"Core/Src/main.d" -MT"Core/Src/main.o" --specs=nano.specs -mfpu=fpv4-sp-d16 -mfloat-abi=hard -mthumb -o "Core/Src/main.o"
arm-none-eabi-gcc "../Core/Src/stm32f4xx_hal_msp.c" -mcpu=cortex-m4 -std=gnu11 -g3 -DDEBUG -DUSE_HAL_DRIVER -DSTM32F411xE -c -I../Core/Inc -I../Drivers/STM32F4xx_HAL_Driver/Inc -I../Drivers/STM32F4xx_HAL_Driver/Inc/Legacy -I../Drivers/CMSIS/Device/ST/STM32F4xx/Include -I../Drivers/CMSIS/Include -O0 -ffunction-sections -fdata-sections -Wall -fstack-usage -fcyclomatic-complexity -MMD -MP -MF"Core/Src/stm32f4xx_hal_msp.d" -MT"Core/Src/stm32f4xx_hal_msp.o" --specs=nano.specs -mfpu=fpv4-sp-d16 -mfloat-abi=hard -mthumb -o "Core/Src/stm32f4xx_hal_msp.o"
arm-none-eabi-gcc "../Core/Src/stm32f4xx_it.c" -mcpu=cortex-m4 -std=gnu11 -g3 -DDEBUG -DUSE_HAL_DRIVER -DSTM32F411xE -c -I../Core/Inc -I../Drivers/STM32F4xx_HAL_Driver/Inc -I../Drivers/STM32F4xx_HAL_Driver/Inc/Legacy -I../Drivers/CMSIS/Device/ST/STM32F4xx/Include -I../Drivers/CMSIS/Include -O0 -ffunction-sections -fdata-sections -Wall -fstack-usage -fcyclomatic-complexity -MMD -MP -MF"Core/Src/stm32f4xx_it.d" -MT"Core/Src/stm32f4xx_it.o" --specs=nano.specs -mfpu=fpv4-sp-d16 -mfloat-abi=hard -mthumb -o "Core/Src/stm32f4xx_it.o"
arm-none-eabi-gcc "../Core/Src/syscalls.c" -mcpu=cortex-m4 -std=gnu11 -g3 -DDEBUG -DUSE_HAL_DRIVER -DSTM32F411xE -c -I../Core/Inc -I../Drivers/STM32F4xx_HAL_Driver/Inc -I../Drivers/STM32F4xx_HAL_Driver/Inc/Legacy -I../Drivers/CMSIS/Device/ST/STM32F4xx/Include -I../Drivers/CMSIS/Include -O0 -ffunction-sections -fdata-sections -Wall -fstack-usage -fcyclomatic-complexity -MMD -MP -MF"Core/Src/syscalls.d" -MT"Core/Src/syscalls.o" --specs=nano.specs -mfpu=fpv4-sp-d16 -mfloat-abi=hard -mthumb -o "Core/Src/syscalls.o"
arm-none-eabi-gcc "../Core/Src/sysmem.c" -mcpu=cortex-m4 -std=gnu11 -g3 -DDEBUG -DUSE_HAL_DRIVER -DSTM32F411xE -c -I../Core/Inc -I../Drivers/STM32F4xx_HAL_Driver/Inc -I../Drivers/STM32F4xx_HAL_Driver/Inc/Legacy -I../Drivers/CMSIS/Device/ST/STM32F4xx/Include -I../Drivers/CMSIS/Include -O0 -ffunction-sections -fdata-sections -Wall -fstack-usage -fcyclomatic-complexity -MMD -MP -MF"Core/Src/sysmem.d" -MT"Core/Src/sysmem.o" --specs=nano.specs -mfpu=fpv4-sp-d16 -mfloat-abi=hard -mthumb -o "Core/Src/sysmem.o"
arm-none-eabi-gcc "../Core/Src/system_stm32f4xx.c" -mcpu=cortex-m4 -std=gnu11 -g3 -DDEBUG -DUSE_HAL_DRIVER -DSTM32F411xE -c -I../Core/Inc -I../Drivers/STM32F4xx_HAL_Driver/Inc -I../Drivers/STM32F4xx_HAL_Driver/Inc/Legacy -I../Drivers/CMSIS/Device/ST/STM32F4xx/Include -I../Drivers/CMSIS/Include -O0 -ffunction-sections -fdata-sections -Wall -fstack-usage -fcyclomatic-complexity -MMD -MP -MF"Core/Src/system_stm32f4xx.d" -MT"Core/Src/system_stm32f4xx.o" --specs=nano.specs -mfpu=fpv4-sp-d16 -mfloat-abi=hard -mthumb -o "Core/Src/system_stm32f4xx.o"
arm-none-eabi-gcc -o "blink_test.elf" @"objects.list"   -mcpu=cortex-m4 -T"D:\Documenti\GitHub\EFES_project\Nucleo_dir\blink_test\STM32F411RETX_FLASH.ld" --specs=nosys.specs -Wl,-Map="blink_test.map" -Wl,--gc-sections -static --specs=nano.specs -mfpu=fpv4-sp-d16 -mfloat-abi=hard -mthumb -Wl,--start-group -lc -lm -Wl,--end-group
Finished building target: blink_test.elf
 
arm-none-eabi-size  blink_test.elf 
arm-none-eabi-objdump -h -S blink_test.elf  > "blink_test.list"
   text	   data	    bss	    dec	    hex	filename
   7744	     12	   1644	   9400	   24b8	blink_test.elf
Finished building: default.size.stdout
 
Finished building: blink_test.list
 
20:48:38 **** Incremental Build of configuration Debug for project spi_test ****
make -j12 all 
arm-none-eabi-size  spi_test.elf 
   text	   data	    bss	    dec	    hex	filename
  14584	     92	   2060	  16736	   4160	spi_test.elf
Finished building: default.size.stdout
 
20:48:45 **** Incremental Build of configuration Debug for project blink_test ****
make -j12 all 
arm-none-eabi-size  blink_test.elf 
   text	   data	    bss	    dec	    hex	filename
   7744	     12	   1644	   9400	   24b8	blink_test.elf
Finished building: default.size.stdout
 
20:50:21 **** Incremental Build of configuration Debug for project EFES_PROJECT_ROVER ****
make -j12 all 
arm-none-eabi-size  EFES_PROJECT_ROVER.elf 
   text	   data	    bss	    dec	    hex	filename
  15820	     92	   2148	  18060	   468c	EFES_PROJECT_ROVER.elf
Finished building: default.size.stdout
 
21:13:40 **** Incremental Build of configuration Debug for project EFES_PROJECT_ROVER ****
make -j12 all 
arm-none-eabi-gcc "../Core/Src/main.c" -mcpu=cortex-m4 -std=gnu11 -g3 -DDEBUG -DUSE_HAL_DRIVER -DSTM32F411xE -c -I../Core/Inc -I../Drivers/STM32F4xx_HAL_Driver/Inc -I../Drivers/STM32F4xx_HAL_Driver/Inc/Legacy -I../Drivers/CMSIS/Device/ST/STM32F4xx/Include -I../Drivers/CMSIS/Include -O0 -ffunction-sections -fdata-sections -Wall -fstack-usage -fcyclomatic-complexity -MMD -MP -MF"Core/Src/main.d" -MT"Core/Src/main.o" --specs=nano.specs -mfpu=fpv4-sp-d16 -mfloat-abi=hard -mthumb -o "Core/Src/main.o"
arm-none-eabi-gcc "../Core/Src/stm32f4xx_hal_msp.c" -mcpu=cortex-m4 -std=gnu11 -g3 -DDEBUG -DUSE_HAL_DRIVER -DSTM32F411xE -c -I../Core/Inc -I../Drivers/STM32F4xx_HAL_Driver/Inc -I../Drivers/STM32F4xx_HAL_Driver/Inc/Legacy -I../Drivers/CMSIS/Device/ST/STM32F4xx/Include -I../Drivers/CMSIS/Include -O0 -ffunction-sections -fdata-sections -Wall -fstack-usage -fcyclomatic-complexity -MMD -MP -MF"Core/Src/stm32f4xx_hal_msp.d" -MT"Core/Src/stm32f4xx_hal_msp.o" --specs=nano.specs -mfpu=fpv4-sp-d16 -mfloat-abi=hard -mthumb -o "Core/Src/stm32f4xx_hal_msp.o"
arm-none-eabi-gcc "../Core/Src/stm32f4xx_it.c" -mcpu=cortex-m4 -std=gnu11 -g3 -DDEBUG -DUSE_HAL_DRIVER -DSTM32F411xE -c -I../Core/Inc -I../Drivers/STM32F4xx_HAL_Driver/Inc -I../Drivers/STM32F4xx_HAL_Driver/Inc/Legacy -I../Drivers/CMSIS/Device/ST/STM32F4xx/Include -I../Drivers/CMSIS/Include -O0 -ffunction-sections -fdata-sections -Wall -fstack-usage -fcyclomatic-complexity -MMD -MP -MF"Core/Src/stm32f4xx_it.d" -MT"Core/Src/stm32f4xx_it.o" --specs=nano.specs -mfpu=fpv4-sp-d16 -mfloat-abi=hard -mthumb -o "Core/Src/stm32f4xx_it.o"
arm-none-eabi-gcc -o "EFES_PROJECT_ROVER.elf" @"objects.list"   -mcpu=cortex-m4 -T"D:\Documenti\GitHub\EFES_project\Nucleo_dir\EFES_PROJECT_ROVER\STM32F411RETX_FLASH.ld" --specs=nosys.specs -Wl,-Map="EFES_PROJECT_ROVER.map" -Wl,--gc-sections -static --specs=nano.specs -mfpu=fpv4-sp-d16 -mfloat-abi=hard -mthumb -Wl,--start-group -lc -lm -Wl,--end-group
Finished building target: EFES_PROJECT_ROVER.elf
 
arm-none-eabi-size  EFES_PROJECT_ROVER.elf 
arm-none-eabi-objdump -h -S EFES_PROJECT_ROVER.elf  > "EFES_PROJECT_ROVER.list"
   text	   data	    bss	    dec	    hex	filename
  15992	     92	   2156	  18240	   4740	EFES_PROJECT_ROVER.elf
Finished building: default.size.stdout
 
Finished building: EFES_PROJECT_ROVER.list
 
21:13:43 **** Incremental Build of configuration Debug for project Memory_test ****
make -j12 all 
arm-none-eabi-size  Memory_test.elf 
   text	   data	    bss	    dec	    hex	filename
  15100	     92	   2060	  17252	   4364	Memory_test.elf
Finished building: default.size.stdout
 
21:13:44 **** Incremental Build of configuration Debug for project blink_test ****
make -j12 all 
arm-none-eabi-size  blink_test.elf 
   text	   data	    bss	    dec	    hex	filename
   7744	     12	   1644	   9400	   24b8	blink_test.elf
Finished building: default.size.stdout
 
21:13:44 **** Incremental Build of configuration Debug for project spi_test ****
make -j12 all 
arm-none-eabi-size  spi_test.elf 
   text	   data	    bss	    dec	    hex	filename
  14584	     92	   2060	  16736	   4160	spi_test.elf
Finished building: default.size.stdout
 
21:14:16 **** Incremental Build of configuration Debug for project EFES_PROJECT_ROVER ****
make -j12 all 
arm-none-eabi-size  EFES_PROJECT_ROVER.elf 
   text	   data	    bss	    dec	    hex	filename
  15992	     92	   2156	  18240	   4740	EFES_PROJECT_ROVER.elf
Finished building: default.size.stdout
 
21:18:32 **** Incremental Build of configuration Debug for project EFES_PROJECT_ROVER ****
make -j12 all 
arm-none-eabi-gcc "../Core/Src/main.c" -mcpu=cortex-m4 -std=gnu11 -g3 -DDEBUG -DUSE_HAL_DRIVER -DSTM32F411xE -c -I../Core/Inc -I../Drivers/STM32F4xx_HAL_Driver/Inc -I../Drivers/STM32F4xx_HAL_Driver/Inc/Legacy -I../Drivers/CMSIS/Device/ST/STM32F4xx/Include -I../Drivers/CMSIS/Include -O0 -ffunction-sections -fdata-sections -Wall -fstack-usage -fcyclomatic-complexity -MMD -MP -MF"Core/Src/main.d" -MT"Core/Src/main.o" --specs=nano.specs -mfpu=fpv4-sp-d16 -mfloat-abi=hard -mthumb -o "Core/Src/main.o"
arm-none-eabi-gcc -o "EFES_PROJECT_ROVER.elf" @"objects.list"   -mcpu=cortex-m4 -T"D:\Documenti\GitHub\EFES_project\Nucleo_dir\EFES_PROJECT_ROVER\STM32F411RETX_FLASH.ld" --specs=nosys.specs -Wl,-Map="EFES_PROJECT_ROVER.map" -Wl,--gc-sections -static --specs=nano.specs -mfpu=fpv4-sp-d16 -mfloat-abi=hard -mthumb -Wl,--start-group -lc -lm -Wl,--end-group
Finished building target: EFES_PROJECT_ROVER.elf
 
arm-none-eabi-size  EFES_PROJECT_ROVER.elf 
arm-none-eabi-objdump -h -S EFES_PROJECT_ROVER.elf  > "EFES_PROJECT_ROVER.list"
   text	   data	    bss	    dec	    hex	filename
  16056	     92	   2156	  18304	   4780	EFES_PROJECT_ROVER.elf
Finished building: default.size.stdout
 
Finished building: EFES_PROJECT_ROVER.list
 
21:18:32 **** Incremental Build of configuration Debug for project Memory_test ****
make -j12 all 
arm-none-eabi-size  Memory_test.elf 
   text	   data	    bss	    dec	    hex	filename
  15100	     92	   2060	  17252	   4364	Memory_test.elf
Finished building: default.size.stdout
 
21:18:33 **** Incremental Build of configuration Debug for project blink_test ****
make -j12 all 
arm-none-eabi-size  blink_test.elf 
   text	   data	    bss	    dec	    hex	filename
   7744	     12	   1644	   9400	   24b8	blink_test.elf
Finished building: default.size.stdout
 
21:18:33 **** Incremental Build of configuration Debug for project spi_test ****
make -j12 all 
arm-none-eabi-size  spi_test.elf 
   text	   data	    bss	    dec	    hex	filename
  14584	     92	   2060	  16736	   4160	spi_test.elf
Finished building: default.size.stdout
 
21:18:36 **** Incremental Build of configuration Debug for project EFES_PROJECT_ROVER ****
make -j12 all 
arm-none-eabi-size  EFES_PROJECT_ROVER.elf 
   text	   data	    bss	    dec	    hex	filename
  16056	     92	   2156	  18304	   4780	EFES_PROJECT_ROVER.elf
Finished building: default.size.stdout
 
21:25:29 **** Incremental Build of configuration Debug for project EFES_PROJECT_ROVER ****
make -j12 all 
arm-none-eabi-size  EFES_PROJECT_ROVER.elf 
   text	   data	    bss	    dec	    hex	filename
  16056	     92	   2156	  18304	   4780	EFES_PROJECT_ROVER.elf
Finished building: default.size.stdout
 
21:25:29 **** Incremental Build of configuration Debug for project Memory_test ****
make -j12 all 
arm-none-eabi-gcc "../Core/Src/main.c" -mcpu=cortex-m4 -std=gnu11 -g3 -DDEBUG -DUSE_HAL_DRIVER -DSTM32F411xE -c -I../Core/Inc -I../Drivers/STM32F4xx_HAL_Driver/Inc -I../Drivers/STM32F4xx_HAL_Driver/Inc/Legacy -I../Drivers/CMSIS/Device/ST/STM32F4xx/Include -I../Drivers/CMSIS/Include -O0 -ffunction-sections -fdata-sections -Wall -fstack-usage -fcyclomatic-complexity -MMD -MP -MF"Core/Src/main.d" -MT"Core/Src/main.o" --specs=nano.specs -mfpu=fpv4-sp-d16 -mfloat-abi=hard -mthumb -o "Core/Src/main.o"
../Core/Src/main.c: In function 'main':
../Core/Src/main.c:96:17: warning: unused variable 'from_mem' [-Wunused-variable]
   96 |         uint8_t from_mem;
      |                 ^~~~~~~~
../Core/Src/main.c:89:27: warning: variable 'returnStatus' set but not used [-Wunused-but-set-variable]
   89 |         HAL_StatusTypeDef returnStatus;
      |                           ^~~~~~~~~~~~
arm-none-eabi-gcc -o "Memory_test.elf" @"objects.list"   -mcpu=cortex-m4 -T"D:\Documenti\GitHub\EFES_project\Nucleo_dir\Memory_test\STM32F411RETX_FLASH.ld" --specs=nosys.specs -Wl,-Map="Memory_test.map" -Wl,--gc-sections -static --specs=nano.specs -mfpu=fpv4-sp-d16 -mfloat-abi=hard -mthumb -Wl,--start-group -lc -lm -Wl,--end-group
Finished building target: Memory_test.elf
 
arm-none-eabi-size  Memory_test.elf 
arm-none-eabi-objdump -h -S Memory_test.elf  > "Memory_test.list"
   text	   data	    bss	    dec	    hex	filename
  15184	     92	   2060	  17336	   43b8	Memory_test.elf
Finished building: default.size.stdout
 
Finished building: Memory_test.list
 
21:25:32 **** Incremental Build of configuration Debug for project blink_test ****
make -j12 all 
arm-none-eabi-size  blink_test.elf 
   text	   data	    bss	    dec	    hex	filename
   7744	     12	   1644	   9400	   24b8	blink_test.elf
Finished building: default.size.stdout
 
21:25:33 **** Incremental Build of configuration Debug for project spi_test ****
make -j12 all 
arm-none-eabi-size  spi_test.elf 
   text	   data	    bss	    dec	    hex	filename
  14584	     92	   2060	  16736	   4160	spi_test.elf
Finished building: default.size.stdout
 
21:25:51 **** Incremental Build of configuration Debug for project Memory_test ****
make -j12 all 
arm-none-eabi-size  Memory_test.elf 
   text	   data	    bss	    dec	    hex	filename
  15184	     92	   2060	  17336	   43b8	Memory_test.elf
Finished building: default.size.stdout
 
21:29:49 **** Incremental Build of configuration Debug for project EFES_PROJECT_ROVER ****
make -j12 all 
arm-none-eabi-gcc "../Core/Src/main.c" -mcpu=cortex-m4 -std=gnu11 -g3 -DDEBUG -DUSE_HAL_DRIVER -DSTM32F411xE -c -I../Core/Inc -I../Drivers/STM32F4xx_HAL_Driver/Inc -I../Drivers/STM32F4xx_HAL_Driver/Inc/Legacy -I../Drivers/CMSIS/Device/ST/STM32F4xx/Include -I../Drivers/CMSIS/Include -O0 -ffunction-sections -fdata-sections -Wall -fstack-usage -fcyclomatic-complexity -MMD -MP -MF"Core/Src/main.d" -MT"Core/Src/main.o" --specs=nano.specs -mfpu=fpv4-sp-d16 -mfloat-abi=hard -mthumb -o "Core/Src/main.o"
arm-none-eabi-gcc -o "EFES_PROJECT_ROVER.elf" @"objects.list"   -mcpu=cortex-m4 -T"D:\Documenti\GitHub\EFES_project\Nucleo_dir\EFES_PROJECT_ROVER\STM32F411RETX_FLASH.ld" --specs=nosys.specs -Wl,-Map="EFES_PROJECT_ROVER.map" -Wl,--gc-sections -static --specs=nano.specs -mfpu=fpv4-sp-d16 -mfloat-abi=hard -mthumb -Wl,--start-group -lc -lm -Wl,--end-group
Finished building target: EFES_PROJECT_ROVER.elf
 
arm-none-eabi-size  EFES_PROJECT_ROVER.elf 
arm-none-eabi-objdump -h -S EFES_PROJECT_ROVER.elf  > "EFES_PROJECT_ROVER.list"
   text	   data	    bss	    dec	    hex	filename
  16144	     92	   2156	  18392	   47d8	EFES_PROJECT_ROVER.elf
Finished building: default.size.stdout
 
Finished building: EFES_PROJECT_ROVER.list
 
21:29:51 **** Incremental Build of configuration Debug for project Memory_test ****
make -j12 all 
arm-none-eabi-size  Memory_test.elf 
   text	   data	    bss	    dec	    hex	filename
  15184	     92	   2060	  17336	   43b8	Memory_test.elf
Finished building: default.size.stdout
 
21:29:52 **** Incremental Build of configuration Debug for project blink_test ****
make -j12 all 
arm-none-eabi-size  blink_test.elf 
   text	   data	    bss	    dec	    hex	filename
   7744	     12	   1644	   9400	   24b8	blink_test.elf
Finished building: default.size.stdout
 
21:29:52 **** Incremental Build of configuration Debug for project spi_test ****
make -j12 all 
arm-none-eabi-size  spi_test.elf 
   text	   data	    bss	    dec	    hex	filename
  14584	     92	   2060	  16736	   4160	spi_test.elf
Finished building: default.size.stdout
 
21:30:24 **** Incremental Build of configuration Debug for project EFES_PROJECT_ROVER ****
make -j12 all 
arm-none-eabi-size  EFES_PROJECT_ROVER.elf 
   text	   data	    bss	    dec	    hex	filename
  16144	     92	   2156	  18392	   47d8	EFES_PROJECT_ROVER.elf
Finished building: default.size.stdout
 
21:54:34 **** Incremental Build of configuration Debug for project EFES_PROJECT_ROVER ****
make -j12 all 
arm-none-eabi-gcc "../Core/Src/main.c" -mcpu=cortex-m4 -std=gnu11 -g3 -DDEBUG -DUSE_HAL_DRIVER -DSTM32F411xE -c -I../Core/Inc -I../Drivers/STM32F4xx_HAL_Driver/Inc -I../Drivers/STM32F4xx_HAL_Driver/Inc/Legacy -I../Drivers/CMSIS/Device/ST/STM32F4xx/Include -I../Drivers/CMSIS/Include -O0 -ffunction-sections -fdata-sections -Wall -fstack-usage -fcyclomatic-complexity -MMD -MP -MF"Core/Src/main.d" -MT"Core/Src/main.o" --specs=nano.specs -mfpu=fpv4-sp-d16 -mfloat-abi=hard -mthumb -o "Core/Src/main.o"
arm-none-eabi-gcc -o "EFES_PROJECT_ROVER.elf" @"objects.list"   -mcpu=cortex-m4 -T"D:\Documenti\GitHub\EFES_project\Nucleo_dir\EFES_PROJECT_ROVER\STM32F411RETX_FLASH.ld" --specs=nosys.specs -Wl,-Map="EFES_PROJECT_ROVER.map" -Wl,--gc-sections -static --specs=nano.specs -mfpu=fpv4-sp-d16 -mfloat-abi=hard -mthumb -Wl,--start-group -lc -lm -Wl,--end-group
Finished building target: EFES_PROJECT_ROVER.elf
 
arm-none-eabi-size  EFES_PROJECT_ROVER.elf 
arm-none-eabi-objdump -h -S EFES_PROJECT_ROVER.elf  > "EFES_PROJECT_ROVER.list"
   text	   data	    bss	    dec	    hex	filename
  16140	     92	   2156	  18388	   47d4	EFES_PROJECT_ROVER.elf
Finished building: default.size.stdout
 
Finished building: EFES_PROJECT_ROVER.list
 
21:56:48 **** Incremental Build of configuration Debug for project EFES_PROJECT_ROVER ****
make -j12 all 
arm-none-eabi-size  EFES_PROJECT_ROVER.elf 
   text	   data	    bss	    dec	    hex	filename
  16140	     92	   2156	  18388	   47d4	EFES_PROJECT_ROVER.elf
Finished building: default.size.stdout
 
22:01:11 **** Incremental Build of configuration Debug for project EFES_PROJECT_ROVER ****
make -j12 all 
arm-none-eabi-gcc "../Core/Src/main.c" -mcpu=cortex-m4 -std=gnu11 -g3 -DDEBUG -DUSE_HAL_DRIVER -DSTM32F411xE -c -I../Core/Inc -I../Drivers/STM32F4xx_HAL_Driver/Inc -I../Drivers/STM32F4xx_HAL_Driver/Inc/Legacy -I../Drivers/CMSIS/Device/ST/STM32F4xx/Include -I../Drivers/CMSIS/Include -O0 -ffunction-sections -fdata-sections -Wall -fstack-usage -fcyclomatic-complexity -MMD -MP -MF"Core/Src/main.d" -MT"Core/Src/main.o" --specs=nano.specs -mfpu=fpv4-sp-d16 -mfloat-abi=hard -mthumb -o "Core/Src/main.o"
arm-none-eabi-gcc -o "EFES_PROJECT_ROVER.elf" @"objects.list"   -mcpu=cortex-m4 -T"D:\Documenti\GitHub\EFES_project\Nucleo_dir\EFES_PROJECT_ROVER\STM32F411RETX_FLASH.ld" --specs=nosys.specs -Wl,-Map="EFES_PROJECT_ROVER.map" -Wl,--gc-sections -static --specs=nano.specs -mfpu=fpv4-sp-d16 -mfloat-abi=hard -mthumb -Wl,--start-group -lc -lm -Wl,--end-group
Finished building target: EFES_PROJECT_ROVER.elf
 
arm-none-eabi-size  EFES_PROJECT_ROVER.elf 
arm-none-eabi-objdump -h -S EFES_PROJECT_ROVER.elf  > "EFES_PROJECT_ROVER.list"
   text	   data	    bss	    dec	    hex	filename
  16300	     92	   2156	  18548	   4874	EFES_PROJECT_ROVER.elf
Finished building: default.size.stdout
 
Finished building: EFES_PROJECT_ROVER.list
 
22:01:40 **** Incremental Build of configuration Debug for project EFES_PROJECT_ROVER ****
make -j12 all 
arm-none-eabi-size  EFES_PROJECT_ROVER.elf 
   text	   data	    bss	    dec	    hex	filename
  16300	     92	   2156	  18548	   4874	EFES_PROJECT_ROVER.elf
Finished building: default.size.stdout
 
22:02:19 **** Incremental Build of configuration Debug for project EFES_PROJECT_ROVER ****
make -j12 all 
arm-none-eabi-size  EFES_PROJECT_ROVER.elf 
   text	   data	    bss	    dec	    hex	filename
  16300	     92	   2156	  18548	   4874	EFES_PROJECT_ROVER.elf
Finished building: default.size.stdout
 
22:04:21 **** Incremental Build of configuration Debug for project EFES_PROJECT_ROVER ****
make -j12 all 
arm-none-eabi-size  EFES_PROJECT_ROVER.elf 
   text	   data	    bss	    dec	    hex	filename
  16300	     92	   2156	  18548	   4874	EFES_PROJECT_ROVER.elf
Finished building: default.size.stdout
 
22:08:25 **** Incremental Build of configuration Debug for project EFES_PROJECT_ROVER ****
make -j12 all 
arm-none-eabi-size  EFES_PROJECT_ROVER.elf 
   text	   data	    bss	    dec	    hex	filename
  16300	     92	   2156	  18548	   4874	EFES_PROJECT_ROVER.elf
Finished building: default.size.stdout
 
22:10:26 **** Incremental Build of configuration Debug for project EFES_PROJECT_ROVER ****
make -j12 all 
arm-none-eabi-size  EFES_PROJECT_ROVER.elf 
   text	   data	    bss	    dec	    hex	filename
  16300	     92	   2156	  18548	   4874	EFES_PROJECT_ROVER.elf
Finished building: default.size.stdout
 
22:11:21 **** Incremental Build of configuration Debug for project EFES_PROJECT_ROVER ****
make -j12 all 
arm-none-eabi-size  EFES_PROJECT_ROVER.elf 
   text	   data	    bss	    dec	    hex	filename
  16300	     92	   2156	  18548	   4874	EFES_PROJECT_ROVER.elf
Finished building: default.size.stdout
 
22:13:29 **** Incremental Build of configuration Debug for project EFES_PROJECT_ROVER ****
make -j12 all 
arm-none-eabi-gcc "../Core/Src/main.c" -mcpu=cortex-m4 -std=gnu11 -g3 -DDEBUG -DUSE_HAL_DRIVER -DSTM32F411xE -c -I../Core/Inc -I../Drivers/STM32F4xx_HAL_Driver/Inc -I../Drivers/STM32F4xx_HAL_Driver/Inc/Legacy -I../Drivers/CMSIS/Device/ST/STM32F4xx/Include -I../Drivers/CMSIS/Include -O0 -ffunction-sections -fdata-sections -Wall -fstack-usage -fcyclomatic-complexity -MMD -MP -MF"Core/Src/main.d" -MT"Core/Src/main.o" --specs=nano.specs -mfpu=fpv4-sp-d16 -mfloat-abi=hard -mthumb -o "Core/Src/main.o"
arm-none-eabi-gcc -o "EFES_PROJECT_ROVER.elf" @"objects.list"   -mcpu=cortex-m4 -T"D:\Documenti\GitHub\EFES_project\Nucleo_dir\EFES_PROJECT_ROVER\STM32F411RETX_FLASH.ld" --specs=nosys.specs -Wl,-Map="EFES_PROJECT_ROVER.map" -Wl,--gc-sections -static --specs=nano.specs -mfpu=fpv4-sp-d16 -mfloat-abi=hard -mthumb -Wl,--start-group -lc -lm -Wl,--end-group
Finished building target: EFES_PROJECT_ROVER.elf
 
arm-none-eabi-size  EFES_PROJECT_ROVER.elf 
arm-none-eabi-objdump -h -S EFES_PROJECT_ROVER.elf  > "EFES_PROJECT_ROVER.list"
   text	   data	    bss	    dec	    hex	filename
  16304	     92	   2156	  18552	   4878	EFES_PROJECT_ROVER.elf
Finished building: default.size.stdout
 
Finished building: EFES_PROJECT_ROVER.list
 
22:17:50 **** Incremental Build of configuration Debug for project EFES_PROJECT_ROVER ****
make -j12 all 
arm-none-eabi-gcc "../Core/Src/main.c" -mcpu=cortex-m4 -std=gnu11 -g3 -DDEBUG -DUSE_HAL_DRIVER -DSTM32F411xE -c -I../Core/Inc -I../Drivers/STM32F4xx_HAL_Driver/Inc -I../Drivers/STM32F4xx_HAL_Driver/Inc/Legacy -I../Drivers/CMSIS/Device/ST/STM32F4xx/Include -I../Drivers/CMSIS/Include -O0 -ffunction-sections -fdata-sections -Wall -fstack-usage -fcyclomatic-complexity -MMD -MP -MF"Core/Src/main.d" -MT"Core/Src/main.o" --specs=nano.specs -mfpu=fpv4-sp-d16 -mfloat-abi=hard -mthumb -o "Core/Src/main.o"
arm-none-eabi-gcc -o "EFES_PROJECT_ROVER.elf" @"objects.list"   -mcpu=cortex-m4 -T"D:\Documenti\GitHub\EFES_project\Nucleo_dir\EFES_PROJECT_ROVER\STM32F411RETX_FLASH.ld" --specs=nosys.specs -Wl,-Map="EFES_PROJECT_ROVER.map" -Wl,--gc-sections -static --specs=nano.specs -mfpu=fpv4-sp-d16 -mfloat-abi=hard -mthumb -Wl,--start-group -lc -lm -Wl,--end-group
Finished building target: EFES_PROJECT_ROVER.elf
 
arm-none-eabi-size  EFES_PROJECT_ROVER.elf 
arm-none-eabi-objdump -h -S EFES_PROJECT_ROVER.elf  > "EFES_PROJECT_ROVER.list"
   text	   data	    bss	    dec	    hex	filename
  16304	     92	   2156	  18552	   4878	EFES_PROJECT_ROVER.elf
Finished building: default.size.stdout
 
Finished building: EFES_PROJECT_ROVER.list
 
22:24:51 **** Incremental Build of configuration Debug for project EFES_PROJECT_ROVER ****
make -j12 all 
arm-none-eabi-gcc "../Core/Src/main.c" -mcpu=cortex-m4 -std=gnu11 -g3 -DDEBUG -DUSE_HAL_DRIVER -DSTM32F411xE -c -I../Core/Inc -I../Drivers/STM32F4xx_HAL_Driver/Inc -I../Drivers/STM32F4xx_HAL_Driver/Inc/Legacy -I../Drivers/CMSIS/Device/ST/STM32F4xx/Include -I../Drivers/CMSIS/Include -O0 -ffunction-sections -fdata-sections -Wall -fstack-usage -fcyclomatic-complexity -MMD -MP -MF"Core/Src/main.d" -MT"Core/Src/main.o" --specs=nano.specs -mfpu=fpv4-sp-d16 -mfloat-abi=hard -mthumb -o "Core/Src/main.o"
arm-none-eabi-gcc -o "EFES_PROJECT_ROVER.elf" @"objects.list"   -mcpu=cortex-m4 -T"D:\Documenti\GitHub\EFES_project\Nucleo_dir\EFES_PROJECT_ROVER\STM32F411RETX_FLASH.ld" --specs=nosys.specs -Wl,-Map="EFES_PROJECT_ROVER.map" -Wl,--gc-sections -static --specs=nano.specs -mfpu=fpv4-sp-d16 -mfloat-abi=hard -mthumb -Wl,--start-group -lc -lm -Wl,--end-group
Finished building target: EFES_PROJECT_ROVER.elf
 
arm-none-eabi-size  EFES_PROJECT_ROVER.elf 
arm-none-eabi-objdump -h -S EFES_PROJECT_ROVER.elf  > "EFES_PROJECT_ROVER.list"
   text	   data	    bss	    dec	    hex	filename
  16288	     92	   2156	  18536	   4868	EFES_PROJECT_ROVER.elf
Finished building: default.size.stdout
 
Finished building: EFES_PROJECT_ROVER.list
 
22:31:27 **** Incremental Build of configuration Debug for project EFES_PROJECT_ROVER ****
make -j12 all 
arm-none-eabi-gcc "../Core/Src/main.c" -mcpu=cortex-m4 -std=gnu11 -g3 -DDEBUG -DUSE_HAL_DRIVER -DSTM32F411xE -c -I../Core/Inc -I../Drivers/STM32F4xx_HAL_Driver/Inc -I../Drivers/STM32F4xx_HAL_Driver/Inc/Legacy -I../Drivers/CMSIS/Device/ST/STM32F4xx/Include -I../Drivers/CMSIS/Include -O0 -ffunction-sections -fdata-sections -Wall -fstack-usage -fcyclomatic-complexity -MMD -MP -MF"Core/Src/main.d" -MT"Core/Src/main.o" --specs=nano.specs -mfpu=fpv4-sp-d16 -mfloat-abi=hard -mthumb -o "Core/Src/main.o"
arm-none-eabi-gcc -o "EFES_PROJECT_ROVER.elf" @"objects.list"   -mcpu=cortex-m4 -T"D:\Documenti\GitHub\EFES_project\Nucleo_dir\EFES_PROJECT_ROVER\STM32F411RETX_FLASH.ld" --specs=nosys.specs -Wl,-Map="EFES_PROJECT_ROVER.map" -Wl,--gc-sections -static --specs=nano.specs -mfpu=fpv4-sp-d16 -mfloat-abi=hard -mthumb -Wl,--start-group -lc -lm -Wl,--end-group
Finished building target: EFES_PROJECT_ROVER.elf
 
arm-none-eabi-size  EFES_PROJECT_ROVER.elf 
arm-none-eabi-objdump -h -S EFES_PROJECT_ROVER.elf  > "EFES_PROJECT_ROVER.list"
   text	   data	    bss	    dec	    hex	filename
  16224	     92	   2156	  18472	   4828	EFES_PROJECT_ROVER.elf
Finished building: default.size.stdout
 
Finished building: EFES_PROJECT_ROVER.list
 
22:32:16 **** Incremental Build of configuration Debug for project EFES_PROJECT_ROVER ****
make -j12 all 
arm-none-eabi-gcc "../Core/Src/main.c" -mcpu=cortex-m4 -std=gnu11 -g3 -DDEBUG -DUSE_HAL_DRIVER -DSTM32F411xE -c -I../Core/Inc -I../Drivers/STM32F4xx_HAL_Driver/Inc -I../Drivers/STM32F4xx_HAL_Driver/Inc/Legacy -I../Drivers/CMSIS/Device/ST/STM32F4xx/Include -I../Drivers/CMSIS/Include -O0 -ffunction-sections -fdata-sections -Wall -fstack-usage -fcyclomatic-complexity -MMD -MP -MF"Core/Src/main.d" -MT"Core/Src/main.o" --specs=nano.specs -mfpu=fpv4-sp-d16 -mfloat-abi=hard -mthumb -o "Core/Src/main.o"
arm-none-eabi-gcc -o "EFES_PROJECT_ROVER.elf" @"objects.list"   -mcpu=cortex-m4 -T"D:\Documenti\GitHub\EFES_project\Nucleo_dir\EFES_PROJECT_ROVER\STM32F411RETX_FLASH.ld" --specs=nosys.specs -Wl,-Map="EFES_PROJECT_ROVER.map" -Wl,--gc-sections -static --specs=nano.specs -mfpu=fpv4-sp-d16 -mfloat-abi=hard -mthumb -Wl,--start-group -lc -lm -Wl,--end-group
Finished building target: EFES_PROJECT_ROVER.elf
 
arm-none-eabi-size  EFES_PROJECT_ROVER.elf 
arm-none-eabi-objdump -h -S EFES_PROJECT_ROVER.elf  > "EFES_PROJECT_ROVER.list"
   text	   data	    bss	    dec	    hex	filename
  16224	     92	   2156	  18472	   4828	EFES_PROJECT_ROVER.elf
Finished building: default.size.stdout
 
Finished building: EFES_PROJECT_ROVER.list
 
22:34:10 **** Incremental Build of configuration Debug for project EFES_PROJECT_ROVER ****
make -j12 all 
arm-none-eabi-gcc "../Core/Src/main.c" -mcpu=cortex-m4 -std=gnu11 -g3 -DDEBUG -DUSE_HAL_DRIVER -DSTM32F411xE -c -I../Core/Inc -I../Drivers/STM32F4xx_HAL_Driver/Inc -I../Drivers/STM32F4xx_HAL_Driver/Inc/Legacy -I../Drivers/CMSIS/Device/ST/STM32F4xx/Include -I../Drivers/CMSIS/Include -O0 -ffunction-sections -fdata-sections -Wall -fstack-usage -fcyclomatic-complexity -MMD -MP -MF"Core/Src/main.d" -MT"Core/Src/main.o" --specs=nano.specs -mfpu=fpv4-sp-d16 -mfloat-abi=hard -mthumb -o "Core/Src/main.o"
arm-none-eabi-gcc -o "EFES_PROJECT_ROVER.elf" @"objects.list"   -mcpu=cortex-m4 -T"D:\Documenti\GitHub\EFES_project\Nucleo_dir\EFES_PROJECT_ROVER\STM32F411RETX_FLASH.ld" --specs=nosys.specs -Wl,-Map="EFES_PROJECT_ROVER.map" -Wl,--gc-sections -static --specs=nano.specs -mfpu=fpv4-sp-d16 -mfloat-abi=hard -mthumb -Wl,--start-group -lc -lm -Wl,--end-group
Finished building target: EFES_PROJECT_ROVER.elf
 
arm-none-eabi-size  EFES_PROJECT_ROVER.elf 
arm-none-eabi-objdump -h -S EFES_PROJECT_ROVER.elf  > "EFES_PROJECT_ROVER.list"
   text	   data	    bss	    dec	    hex	filename
  16228	     92	   2156	  18476	   482c	EFES_PROJECT_ROVER.elf
Finished building: default.size.stdout
 
Finished building: EFES_PROJECT_ROVER.list
 
11:15:40 **** Incremental Build of configuration Debug for project EFES_PROJECT_ROVER ****
make -j12 all 
arm-none-eabi-size  EFES_PROJECT_ROVER.elf 
   text	   data	    bss	    dec	    hex	filename
  16228	     92	   2156	  18476	   482c	EFES_PROJECT_ROVER.elf
Finished building: default.size.stdout
 
11:15:41 **** Incremental Build of configuration Debug for project Memory_test ****
make -j12 all 
arm-none-eabi-gcc "../Core/Src/main.c" -mcpu=cortex-m4 -std=gnu11 -g3 -DDEBUG -DUSE_HAL_DRIVER -DSTM32F411xE -c -I../Core/Inc -I../Drivers/STM32F4xx_HAL_Driver/Inc -I../Drivers/STM32F4xx_HAL_Driver/Inc/Legacy -I../Drivers/CMSIS/Device/ST/STM32F4xx/Include -I../Drivers/CMSIS/Include -O0 -ffunction-sections -fdata-sections -Wall -fstack-usage -fcyclomatic-complexity -MMD -MP -MF"Core/Src/main.d" -MT"Core/Src/main.o" --specs=nano.specs -mfpu=fpv4-sp-d16 -mfloat-abi=hard -mthumb -o "Core/Src/main.o"
../Core/Src/main.c: In function 'main':
../Core/Src/main.c:185:31: warning: suggest parentheses around assignment used as truth value [-Wparentheses]
  185 |                           if (spi_buf = 0xffffffff) {
      |                               ^~~~~~~
../Core/Src/main.c:96:17: warning: unused variable 'from_mem' [-Wunused-variable]
   96 |         uint8_t from_mem;
      |                 ^~~~~~~~
../Core/Src/main.c:95:56: warning: unused variable 'data_print4' [-Wunused-variable]
   95 |         uint8_t data_print1, data_print2, data_print3, data_print4;
      |                                                        ^~~~~~~~~~~
../Core/Src/main.c:95:43: warning: unused variable 'data_print3' [-Wunused-variable]
   95 |         uint8_t data_print1, data_print2, data_print3, data_print4;
      |                                           ^~~~~~~~~~~
../Core/Src/main.c:95:30: warning: unused variable 'data_print2' [-Wunused-variable]
   95 |         uint8_t data_print1, data_print2, data_print3, data_print4;
      |                              ^~~~~~~~~~~
../Core/Src/main.c:95:17: warning: unused variable 'data_print1' [-Wunused-variable]
   95 |         uint8_t data_print1, data_print2, data_print3, data_print4;
      |                 ^~~~~~~~~~~
../Core/Src/main.c:93:18: warning: unused variable 'write_buffer' [-Wunused-variable]
   93 |         uint64_t write_buffer;
      |                  ^~~~~~~~~~~~
../Core/Src/main.c:92:18: warning: unused variable 'data_buffer' [-Wunused-variable]
   92 |         uint32_t data_buffer;
      |                  ^~~~~~~~~~~
../Core/Src/main.c:91:24: warning: variable 'data2' set but not used [-Wunused-but-set-variable]
   91 |         uint8_t data1, data2;
      |                        ^~~~~
../Core/Src/main.c:91:17: warning: variable 'data1' set but not used [-Wunused-but-set-variable]
   91 |         uint8_t data1, data2;
      |                 ^~~~~
../Core/Src/main.c:89:27: warning: variable 'returnStatus' set but not used [-Wunused-but-set-variable]
   89 |         HAL_StatusTypeDef returnStatus;
      |                           ^~~~~~~~~~~~
arm-none-eabi-gcc -o "Memory_test.elf" @"objects.list"   -mcpu=cortex-m4 -T"D:\Documenti\GitHub\EFES_project\Nucleo_dir\Memory_test\STM32F411RETX_FLASH.ld" --specs=nosys.specs -Wl,-Map="Memory_test.map" -Wl,--gc-sections -static --specs=nano.specs -mfpu=fpv4-sp-d16 -mfloat-abi=hard -mthumb -Wl,--start-group -lc -lm -Wl,--end-group
Finished building target: Memory_test.elf
 
arm-none-eabi-size  Memory_test.elf 
arm-none-eabi-objdump -h -S Memory_test.elf  > "Memory_test.list"
   text	   data	    bss	    dec	    hex	filename
  14736	     92	   2060	  16888	   41f8	Memory_test.elf
Finished building: default.size.stdout
 
Finished building: Memory_test.list
 
11:15:46 **** Incremental Build of configuration Debug for project blink_test ****
make -j12 all 
arm-none-eabi-size  blink_test.elf 
   text	   data	    bss	    dec	    hex	filename
   7744	     12	   1644	   9400	   24b8	blink_test.elf
Finished building: default.size.stdout
 
11:15:47 **** Incremental Build of configuration Debug for project spi_test ****
make -j12 all 
arm-none-eabi-size  spi_test.elf 
   text	   data	    bss	    dec	    hex	filename
  14584	     92	   2060	  16736	   4160	spi_test.elf
Finished building: default.size.stdout
 
11:15:54 **** Incremental Build of configuration Debug for project EFES_PROJECT_ROVER ****
make -j12 all 
arm-none-eabi-size  EFES_PROJECT_ROVER.elf 
   text	   data	    bss	    dec	    hex	filename
  16228	     92	   2156	  18476	   482c	EFES_PROJECT_ROVER.elf
Finished building: default.size.stdout
 
11:15:54 **** Incremental Build of configuration Debug for project Memory_test ****
make -j12 all 
arm-none-eabi-gcc "../Core/Src/main.c" -mcpu=cortex-m4 -std=gnu11 -g3 -DDEBUG -DUSE_HAL_DRIVER -DSTM32F411xE -c -I../Core/Inc -I../Drivers/STM32F4xx_HAL_Driver/Inc -I../Drivers/STM32F4xx_HAL_Driver/Inc/Legacy -I../Drivers/CMSIS/Device/ST/STM32F4xx/Include -I../Drivers/CMSIS/Include -O0 -ffunction-sections -fdata-sections -Wall -fstack-usage -fcyclomatic-complexity -MMD -MP -MF"Core/Src/main.d" -MT"Core/Src/main.o" --specs=nano.specs -mfpu=fpv4-sp-d16 -mfloat-abi=hard -mthumb -o "Core/Src/main.o"
../Core/Src/main.c: In function 'main':
../Core/Src/main.c:96:17: warning: unused variable 'from_mem' [-Wunused-variable]
   96 |         uint8_t from_mem;
      |                 ^~~~~~~~
../Core/Src/main.c:95:56: warning: unused variable 'data_print4' [-Wunused-variable]
   95 |         uint8_t data_print1, data_print2, data_print3, data_print4;
      |                                                        ^~~~~~~~~~~
../Core/Src/main.c:95:43: warning: unused variable 'data_print3' [-Wunused-variable]
   95 |         uint8_t data_print1, data_print2, data_print3, data_print4;
      |                                           ^~~~~~~~~~~
../Core/Src/main.c:95:30: warning: unused variable 'data_print2' [-Wunused-variable]
   95 |         uint8_t data_print1, data_print2, data_print3, data_print4;
      |                              ^~~~~~~~~~~
../Core/Src/main.c:95:17: warning: unused variable 'data_print1' [-Wunused-variable]
   95 |         uint8_t data_print1, data_print2, data_print3, data_print4;
      |                 ^~~~~~~~~~~
../Core/Src/main.c:93:18: warning: unused variable 'write_buffer' [-Wunused-variable]
   93 |         uint64_t write_buffer;
      |                  ^~~~~~~~~~~~
../Core/Src/main.c:92:18: warning: unused variable 'data_buffer' [-Wunused-variable]
   92 |         uint32_t data_buffer;
      |                  ^~~~~~~~~~~
../Core/Src/main.c:91:24: warning: variable 'data2' set but not used [-Wunused-but-set-variable]
   91 |         uint8_t data1, data2;
      |                        ^~~~~
../Core/Src/main.c:91:17: warning: variable 'data1' set but not used [-Wunused-but-set-variable]
   91 |         uint8_t data1, data2;
      |                 ^~~~~
../Core/Src/main.c:89:27: warning: variable 'returnStatus' set but not used [-Wunused-but-set-variable]
   89 |         HAL_StatusTypeDef returnStatus;
      |                           ^~~~~~~~~~~~
arm-none-eabi-gcc -o "Memory_test.elf" @"objects.list"   -mcpu=cortex-m4 -T"D:\Documenti\GitHub\EFES_project\Nucleo_dir\Memory_test\STM32F411RETX_FLASH.ld" --specs=nosys.specs -Wl,-Map="Memory_test.map" -Wl,--gc-sections -static --specs=nano.specs -mfpu=fpv4-sp-d16 -mfloat-abi=hard -mthumb -Wl,--start-group -lc -lm -Wl,--end-group
Finished building target: Memory_test.elf
 
arm-none-eabi-size  Memory_test.elf 
arm-none-eabi-objdump -h -S Memory_test.elf  > "Memory_test.list"
   text	   data	    bss	    dec	    hex	filename
  14736	     92	   2060	  16888	   41f8	Memory_test.elf
Finished building: default.size.stdout
 
Finished building: Memory_test.list
 
11:15:56 **** Incremental Build of configuration Debug for project blink_test ****
make -j12 all 
arm-none-eabi-size  blink_test.elf 
   text	   data	    bss	    dec	    hex	filename
   7744	     12	   1644	   9400	   24b8	blink_test.elf
Finished building: default.size.stdout
 
11:15:56 **** Incremental Build of configuration Debug for project spi_test ****
make -j12 all 
arm-none-eabi-size  spi_test.elf 
   text	   data	    bss	    dec	    hex	filename
  14584	     92	   2060	  16736	   4160	spi_test.elf
Finished building: default.size.stdout
 
11:16:28 **** Incremental Build of configuration Debug for project Memory_test ****
make -j12 all 
arm-none-eabi-size  Memory_test.elf 
   text	   data	    bss	    dec	    hex	filename
  14736	     92	   2060	  16888	   41f8	Memory_test.elf
Finished building: default.size.stdout
 
11:26:35 **** Incremental Build of configuration Debug for project Memory_test ****
make -j12 all 
arm-none-eabi-gcc "../Core/Src/main.c" -mcpu=cortex-m4 -std=gnu11 -g3 -DDEBUG -DUSE_HAL_DRIVER -DSTM32F411xE -c -I../Core/Inc -I../Drivers/STM32F4xx_HAL_Driver/Inc -I../Drivers/STM32F4xx_HAL_Driver/Inc/Legacy -I../Drivers/CMSIS/Device/ST/STM32F4xx/Include -I../Drivers/CMSIS/Include -O0 -ffunction-sections -fdata-sections -Wall -fstack-usage -fcyclomatic-complexity -MMD -MP -MF"Core/Src/main.d" -MT"Core/Src/main.o" --specs=nano.specs -mfpu=fpv4-sp-d16 -mfloat-abi=hard -mthumb -o "Core/Src/main.o"
../Core/Src/main.c: In function 'main':
../Core/Src/main.c:96:17: warning: unused variable 'from_mem' [-Wunused-variable]
   96 |         uint8_t from_mem;
      |                 ^~~~~~~~
../Core/Src/main.c:89:27: warning: variable 'returnStatus' set but not used [-Wunused-but-set-variable]
   89 |         HAL_StatusTypeDef returnStatus;
      |                           ^~~~~~~~~~~~
arm-none-eabi-gcc -o "Memory_test.elf" @"objects.list"   -mcpu=cortex-m4 -T"D:\Documenti\GitHub\EFES_project\Nucleo_dir\Memory_test\STM32F411RETX_FLASH.ld" --specs=nosys.specs -Wl,-Map="Memory_test.map" -Wl,--gc-sections -static --specs=nano.specs -mfpu=fpv4-sp-d16 -mfloat-abi=hard -mthumb -Wl,--start-group -lc -lm -Wl,--end-group
Finished building target: Memory_test.elf
 
arm-none-eabi-size  Memory_test.elf 
arm-none-eabi-objdump -h -S Memory_test.elf  > "Memory_test.list"
   text	   data	    bss	    dec	    hex	filename
  15184	     92	   2060	  17336	   43b8	Memory_test.elf
Finished building: default.size.stdout
 
Finished building: Memory_test.list
 
11:28:32 **** Incremental Build of configuration Debug for project Memory_test ****
make -j12 all 
arm-none-eabi-size  Memory_test.elf 
   text	   data	    bss	    dec	    hex	filename
  15184	     92	   2060	  17336	   43b8	Memory_test.elf
Finished building: default.size.stdout
 
11:36:46 **** Incremental Build of configuration Debug for project Memory_test ****
make -j12 all 
arm-none-eabi-size  Memory_test.elf 
   text	   data	    bss	    dec	    hex	filename
  15184	     92	   2060	  17336	   43b8	Memory_test.elf
Finished building: default.size.stdout
 
11:45:23 **** Incremental Build of configuration Debug for project EFES_PROJECT_ROVER ****
make -j12 all 
arm-none-eabi-size  EFES_PROJECT_ROVER.elf 
   text	   data	    bss	    dec	    hex	filename
  16228	     92	   2156	  18476	   482c	EFES_PROJECT_ROVER.elf
Finished building: default.size.stdout
 
11:45:24 **** Incremental Build of configuration Debug for project Memory_test ****
make -j12 all 
arm-none-eabi-size  Memory_test.elf 
   text	   data	    bss	    dec	    hex	filename
  15184	     92	   2060	  17336	   43b8	Memory_test.elf
Finished building: default.size.stdout
 
11:45:24 **** Incremental Build of configuration Debug for project blink_test ****
make -j12 all 
arm-none-eabi-size  blink_test.elf 
   text	   data	    bss	    dec	    hex	filename
   7744	     12	   1644	   9400	   24b8	blink_test.elf
Finished building: default.size.stdout
 
11:45:25 **** Incremental Build of configuration Debug for project spi_test ****
make -j12 all 
arm-none-eabi-size  spi_test.elf 
   text	   data	    bss	    dec	    hex	filename
  14584	     92	   2060	  16736	   4160	spi_test.elf
Finished building: default.size.stdout
 
11:45:27 **** Incremental Build of configuration Debug for project spi_test ****
make -j12 all 
arm-none-eabi-size  spi_test.elf 
   text	   data	    bss	    dec	    hex	filename
  14584	     92	   2060	  16736	   4160	spi_test.elf
Finished building: default.size.stdout
 
11:46:17 **** Incremental Build of configuration Debug for project spi_test ****
make -j12 all 
arm-none-eabi-gcc "../Core/Src/main.c" -mcpu=cortex-m4 -std=gnu11 -g3 -DDEBUG -DUSE_HAL_DRIVER -DSTM32F411xE -c -I../Core/Inc -I../Drivers/STM32F4xx_HAL_Driver/Inc -I../Drivers/STM32F4xx_HAL_Driver/Inc/Legacy -I../Drivers/CMSIS/Device/ST/STM32F4xx/Include -I../Drivers/CMSIS/Include -O0 -ffunction-sections -fdata-sections -Wall -fstack-usage -fcyclomatic-complexity -MMD -MP -MF"Core/Src/main.d" -MT"Core/Src/main.o" --specs=nano.specs -mfpu=fpv4-sp-d16 -mfloat-abi=hard -mthumb -o "Core/Src/main.o"
arm-none-eabi-gcc -o "spi_test.elf" @"objects.list"   -mcpu=cortex-m4 -T"D:\Documenti\GitHub\EFES_project\Nucleo_dir\spi_test\STM32F411RETX_FLASH.ld" --specs=nosys.specs -Wl,-Map="spi_test.map" -Wl,--gc-sections -static --specs=nano.specs -mfpu=fpv4-sp-d16 -mfloat-abi=hard -mthumb -Wl,--start-group -lc -lm -Wl,--end-group
Finished building target: spi_test.elf
 
arm-none-eabi-size  spi_test.elf 
arm-none-eabi-objdump -h -S spi_test.elf  > "spi_test.list"
   text	   data	    bss	    dec	    hex	filename
  14584	     92	   2060	  16736	   4160	spi_test.elf
Finished building: default.size.stdout
 
Finished building: spi_test.list
 
11:46:44 **** Incremental Build of configuration Debug for project spi_test ****
make -j12 all 
arm-none-eabi-size  spi_test.elf 
   text	   data	    bss	    dec	    hex	filename
  14584	     92	   2060	  16736	   4160	spi_test.elf
Finished building: default.size.stdout
 
11:51:10 **** Incremental Build of configuration Debug for project EFES_PROJECT_ROVER ****
make -j12 all 
arm-none-eabi-gcc "../Core/Src/main.c" -mcpu=cortex-m4 -std=gnu11 -g3 -DDEBUG -DUSE_HAL_DRIVER -DSTM32F411xE -c -I../Core/Inc -I../Drivers/STM32F4xx_HAL_Driver/Inc -I../Drivers/STM32F4xx_HAL_Driver/Inc/Legacy -I../Drivers/CMSIS/Device/ST/STM32F4xx/Include -I../Drivers/CMSIS/Include -O0 -ffunction-sections -fdata-sections -Wall -fstack-usage -fcyclomatic-complexity -MMD -MP -MF"Core/Src/main.d" -MT"Core/Src/main.o" --specs=nano.specs -mfpu=fpv4-sp-d16 -mfloat-abi=hard -mthumb -o "Core/Src/main.o"
arm-none-eabi-gcc -o "EFES_PROJECT_ROVER.elf" @"objects.list"   -mcpu=cortex-m4 -T"D:\Documenti\GitHub\EFES_project\Nucleo_dir\EFES_PROJECT_ROVER\STM32F411RETX_FLASH.ld" --specs=nosys.specs -Wl,-Map="EFES_PROJECT_ROVER.map" -Wl,--gc-sections -static --specs=nano.specs -mfpu=fpv4-sp-d16 -mfloat-abi=hard -mthumb -Wl,--start-group -lc -lm -Wl,--end-group
Finished building target: EFES_PROJECT_ROVER.elf
 
arm-none-eabi-size  EFES_PROJECT_ROVER.elf 
arm-none-eabi-objdump -h -S EFES_PROJECT_ROVER.elf  > "EFES_PROJECT_ROVER.list"
   text	   data	    bss	    dec	    hex	filename
  16140	     92	   2156	  18388	   47d4	EFES_PROJECT_ROVER.elf
Finished building: default.size.stdout
 
Finished building: EFES_PROJECT_ROVER.list
 
11:51:12 **** Incremental Build of configuration Debug for project Memory_test ****
make -j12 all 
arm-none-eabi-size  Memory_test.elf 
   text	   data	    bss	    dec	    hex	filename
  15184	     92	   2060	  17336	   43b8	Memory_test.elf
Finished building: default.size.stdout
 
11:51:12 **** Incremental Build of configuration Debug for project blink_test ****
make -j12 all 
arm-none-eabi-size  blink_test.elf 
   text	   data	    bss	    dec	    hex	filename
   7744	     12	   1644	   9400	   24b8	blink_test.elf
Finished building: default.size.stdout
 
11:51:13 **** Incremental Build of configuration Debug for project spi_test ****
make -j12 all 
arm-none-eabi-size  spi_test.elf 
   text	   data	    bss	    dec	    hex	filename
  14584	     92	   2060	  16736	   4160	spi_test.elf
Finished building: default.size.stdout
 
11:51:25 **** Incremental Build of configuration Debug for project EFES_PROJECT_ROVER ****
make -j12 all 
arm-none-eabi-size  EFES_PROJECT_ROVER.elf 
   text	   data	    bss	    dec	    hex	filename
  16140	     92	   2156	  18388	   47d4	EFES_PROJECT_ROVER.elf
Finished building: default.size.stdout
 
11:52:50 **** Incremental Build of configuration Debug for project EFES_PROJECT_ROVER ****
make -j12 all 
arm-none-eabi-size  EFES_PROJECT_ROVER.elf 
   text	   data	    bss	    dec	    hex	filename
  16140	     92	   2156	  18388	   47d4	EFES_PROJECT_ROVER.elf
Finished building: default.size.stdout
 
12:00:15 **** Incremental Build of configuration Debug for project EFES_PROJECT_ROVER ****
make -j12 all 
arm-none-eabi-size  EFES_PROJECT_ROVER.elf 
   text	   data	    bss	    dec	    hex	filename
  16140	     92	   2156	  18388	   47d4	EFES_PROJECT_ROVER.elf
Finished building: default.size.stdout
 
